600 94 107820 60.0 403 316
nodo 211 color 1
nodo 525 color 1
nodo 191 color 2
nodo 67 color 2
nodo 529 color 3
nodo 467 color 4
nodo 357 color 2
nodo 421 color 1
nodo 35 color 5
nodo 548 color 6
nodo 122 color 3
nodo 521 color 7
nodo 461 color 4
nodo 476 color 5
nodo 147 color 5
nodo 579 color 6
nodo 24 color 3
nodo 487 color 8
nodo 591 color 2
nodo 407 color 9
nodo 568 color 7
nodo 305 color 8
nodo 389 color 9
nodo 193 color 6
nodo 364 color 10
nodo 366 color 4
nodo 300 color 8
nodo 44 color 9
nodo 528 color 11
nodo 309 color 12
nodo 379 color 1
nodo 336 color 10
nodo 411 color 9
nodo 92 color 10
nodo 40 color 7
nodo 497 color 11
nodo 375 color 6
nodo 292 color 11
nodo 66 color 12
nodo 158 color 13
nodo 564 color 14
nodo 152 color 15
nodo 449 color 14
nodo 101 color 15
nodo 323 color 16
nodo 518 color 13
nodo 325 color 16
nodo 209 color 4
nodo 380 color 10
nodo 31 color 12
nodo 335 color 3
nodo 552 color 17
nodo 214 color 11
nodo 475 color 18
nodo 511 color 19
nodo 178 color 5
nodo 546 color 1
nodo 189 color 19
nodo 249 color 17
nodo 169 color 20
nodo 106 color 15
nodo 83 color 20
nodo 596 color 14
nodo 248 color 1
nodo 141 color 7
nodo 577 color 17
nodo 524 color 21
nodo 239 color 18
nodo 174 color 10
nodo 245 color 19
nodo 15 color 22
nodo 155 color 21
nodo 288 color 23
nodo 126 color 13
nodo 17 color 24
nodo 27 color 25
nodo 439 color 22
nodo 535 color 20
nodo 567 color 23
nodo 594 color 24
nodo 362 color 23
nodo 49 color 18
nodo 16 color 16
nodo 82 color 25
nodo 113 color 25
nodo 556 color 13
nodo 418 color 15
nodo 247 color 26
nodo 151 color 25
nodo 243 color 26
nodo 343 color 17
nodo 387 color 14
nodo 134 color 27
nodo 183 color 22
nodo 405 color 12
nodo 310 color 28
nodo 501 color 28
nodo 110 color 29
nodo 324 color 9
nodo 304 color 12
nodo 270 color 26
nodo 259 color 29
nodo 569 color 6
nodo 383 color 22
nodo 326 color 30
nodo 543 color 29
nodo 372 color 21
nodo 537 color 27
nodo 224 color 16
nodo 470 color 31
nodo 508 color 11
nodo 281 color 2
nodo 557 color 31
nodo 422 color 28
nodo 229 color 32
nodo 576 color 27
nodo 547 color 20
nodo 6 color 33
nodo 250 color 32
nodo 260 color 8
nodo 319 color 32
nodo 127 color 34
nodo 597 color 33
nodo 348 color 35
nodo 486 color 4
nodo 503 color 35
nodo 340 color 35
nodo 43 color 6
nodo 210 color 21
nodo 397 color 33
nodo 28 color 30
nodo 561 color 17
nodo 471 color 23
nodo 347 color 24
nodo 150 color 19
nodo 378 color 32
nodo 544 color 7
nodo 240 color 23
nodo 349 color 15
nodo 123 color 11
nodo 542 color 36
nodo 367 color 37
nodo 171 color 15
nodo 131 color 35
nodo 10 color 28
nodo 65 color 37
nodo 227 color 20
nodo 154 color 29
nodo 254 color 34
nodo 212 color 27
nodo 371 color 18
nodo 509 color 36
nodo 352 color 38
nodo 531 color 23
nodo 492 color 38
nodo 246 color 26
nodo 474 color 39
nodo 455 color 24
nodo 317 color 36
nodo 517 color 30
nodo 168 color 33
nodo 571 color 18
nodo 125 color 25
nodo 426 color 31
nodo 19 color 39
nodo 437 color 36
nodo 499 color 37
nodo 433 color 38
nodo 540 color 37
nodo 289 color 40
nodo 170 color 40
nodo 539 color 26
nodo 18 color 29
nodo 215 color 8
nodo 339 color 5
nodo 238 color 39
nodo 56 color 14
nodo 54 color 12
nodo 534 color 28
nodo 494 color 30
nodo 291 color 5
nodo 415 color 13
nodo 218 color 41
nodo 409 color 22
nodo 34 color 31
nodo 136 color 19
nodo 80 color 19
nodo 413 color 32
nodo 64 color 3
nodo 468 color 41
nodo 97 color 42
nodo 283 color 42
nodo 14 color 43
nodo 572 color 44
nodo 425 color 21
nodo 515 color 40
nodo 463 color 38
nodo 575 color 25
nodo 120 color 22
nodo 452 color 40
nodo 173 color 44
nodo 252 color 36
nodo 139 color 43
nodo 481 color 44
nodo 431 color 27
nodo 232 color 24
nodo 203 color 42
nodo 107 color 45
nodo 63 color 35
nodo 242 color 32
nodo 599 color 45
nodo 354 color 41
nodo 334 color 38
nodo 329 color 46
nodo 462 color 24
nodo 551 color 44
nodo 440 color 28
nodo 559 color 47
nodo 140 color 48
nodo 13 color 39
nodo 180 color 46
nodo 87 color 43
nodo 386 color 49
nodo 112 color 34
nodo 580 color 45
nodo 236 color 47
nodo 436 color 48
nodo 353 color 50
nodo 52 color 48
nodo 414 color 43
nodo 153 color 41
nodo 358 color 45
nodo 390 color 49
nodo 451 color 41
nodo 79 color 38
nodo 274 color 50
nodo 85 color 47
nodo 111 color 40
nodo 513 color 34
nodo 465 color 47
nodo 62 color 30
nodo 466 color 45
nodo 195 color 2
nodo 434 color 49
nodo 45 color 50
nodo 226 color 34
nodo 234 color 51
nodo 385 color 31
nodo 327 color 46
nodo 585 color 50
nodo 99 color 51
nodo 121 color 48
nodo 368 color 52
nodo 117 color 53
nodo 91 color 53
nodo 60 color 54
nodo 330 color 40
nodo 526 color 24
nodo 256 color 55
nodo 118 color 52
nodo 167 color 29
nodo 356 color 56
nodo 429 color 53
nodo 373 color 42
nodo 8 color 56
nodo 108 color 54
nodo 483 color 51
nodo 181 color 52
nodo 454 color 49
nodo 313 color 52
nodo 149 color 53
nodo 130 color 57
nodo 337 color 54
nodo 395 color 58
nodo 376 color 56
nodo 206 color 4
nodo 302 color 51
nodo 233 color 57
nodo 11 color 34
nodo 135 color 50
nodo 144 color 55
nodo 442 color 58
nodo 57 color 22
nodo 532 color 59
nodo 119 color 60
nodo 282 color 25
nodo 482 color 56
nodo 403 color 60
nodo 457 color 47
nodo 297 color 41
nodo 314 color 48
nodo 489 color 51
nodo 520 color 57
nodo 196 color 54
nodo 498 color 59
nodo 553 color 46
nodo 9 color 61
nodo 388 color 16
nodo 306 color 53
nodo 453 color 46
nodo 303 color 43
nodo 312 color 55
nodo 90 color 61
nodo 185 color 58
nodo 23 color 61
nodo 55 color 44
nodo 277 color 60
nodo 2 color 59
nodo 75 color 57
nodo 262 color 62
nodo 562 color 39
nodo 104 color 61
nodo 53 color 35
nodo 516 color 62
nodo 177 color 10
nodo 444 color 55
nodo 78 color 63
nodo 484 color 62
nodo 430 color 21
nodo 12 color 62
nodo 47 color 63
nodo 382 color 64
nodo 384 color 36
nodo 332 color 16
nodo 510 color 59
nodo 296 color 65
nodo 187 color 66
nodo 460 color 41
nodo 73 color 67
nodo 5 color 31
nodo 36 color 54
nodo 157 color 64
nodo 355 color 65
nodo 530 color 63
nodo 584 color 68
nodo 244 color 32
nodo 459 color 42
nodo 103 color 58
nodo 70 color 65
nodo 59 color 68
nodo 124 color 66
nodo 480 color 66
nodo 341 color 69
nodo 401 color 61
nodo 307 color 64
nodo 114 color 56
nodo 554 color 9
nodo 458 color 50
nodo 269 color 70
nodo 72 color 66
nodo 76 color 12
nodo 235 color 65
nodo 396 color 21
nodo 369 color 63
nodo 590 color 71
nodo 493 color 55
nodo 29 color 67
nodo 88 color 70
nodo 129 color 72
nodo 138 color 61
nodo 361 color 60
nodo 51 color 67
nodo 225 color 54
nodo 192 color 69
nodo 200 color 71
nodo 523 color 37
nodo 20 color 68
nodo 205 color 30
nodo 273 color 33
nodo 37 color 73
nodo 98 color 61
nodo 285 color 8
nodo 322 color 68
nodo 345 color 45
nodo 592 color 66
nodo 545 color 55
nodo 133 color 72
nodo 89 color 69
nodo 308 color 74
nodo 445 color 69
nodo 583 color 70
nodo 391 color 43
nodo 48 color 67
nodo 58 color 57
nodo 536 color 68
nodo 408 color 64
nodo 220 color 71
nodo 488 color 63
nodo 172 color 62
nodo 565 color 27
nodo 456 color 74
nodo 102 color 69
nodo 280 color 52
nodo 587 color 72
nodo 381 color 73
nodo 165 color 49
nodo 179 color 60
nodo 41 color 72
nodo 109 color 26
nodo 207 color 75
nodo 156 color 73
nodo 416 color 70
nodo 374 color 18
nodo 241 color 57
nodo 301 color 51
nodo 188 color 38
nodo 410 color 64
nodo 84 color 74
nodo 346 color 76
nodo 266 color 73
nodo 255 color 47
nodo 527 color 20
nodo 143 color 76
nodo 197 color 57
nodo 199 color 3
nodo 464 color 75
nodo 417 color 38
nodo 394 color 12
nodo 95 color 49
nodo 159 color 77
nodo 500 color 77
nodo 94 color 78
nodo 448 color 79
nodo 213 color 65
nodo 265 color 29
nodo 342 color 75
nodo 432 color 77
nodo 22 color 56
nodo 447 color 77
nodo 93 color 24
nodo 541 color 14
nodo 142 color 64
nodo 558 color 17
nodo 600 color 46
nodo 581 color 63
nodo 370 color 78
nodo 221 color 74
nodo 351 color 80
nodo 350 color 46
nodo 427 color 71
nodo 473 color 78
nodo 299 color 79
nodo 363 color 76
nodo 399 color 20
nodo 512 color 14
nodo 435 color 79
nodo 598 color 81
nodo 321 color 76
nodo 30 color 82
nodo 25 color 80
nodo 61 color 78
nodo 365 color 83
nodo 478 color 80
nodo 507 color 39
nodo 450 color 82
nodo 38 color 81
nodo 279 color 5
nodo 293 color 78
nodo 46 color 84
nodo 294 color 81
nodo 286 color 37
nodo 258 color 75
nodo 519 color 40
nodo 204 color 84
nodo 586 color 83
nodo 502 color 85
nodo 298 color 71
nodo 318 color 81
nodo 145 color 82
nodo 295 color 81
nodo 137 color 72
nodo 148 color 85
nodo 32 color 57
nodo 100 color 17
nodo 194 color 82
nodo 533 color 35
nodo 514 color 51
nodo 230 color 43
nodo 3 color 74
nodo 251 color 67
nodo 578 color 79
nodo 271 color 74
nodo 479 color 83
nodo 68 color 79
nodo 128 color 42
nodo 21 color 83
nodo 574 color 69
nodo 563 color 85
nodo 69 color 47
nodo 331 color 86
nodo 231 color 84
nodo 261 color 86
nodo 223 color 87
nodo 398 color 88
nodo 333 color 28
nodo 570 color 27
nodo 237 color 73
nodo 443 color 84
nodo 284 color 82
nodo 320 color 48
nodo 504 color 11
nodo 412 color 80
nodo 7 color 27
nodo 39 color 65
nodo 42 color 66
nodo 74 color 86
nodo 538 color 87
nodo 186 color 85
nodo 490 color 86
nodo 560 color 13
nodo 423 color 85
nodo 26 color 60
nodo 402 color 33
nodo 71 color 88
nodo 438 color 83
nodo 182 color 45
nodo 276 color 24
nodo 217 color 82
nodo 595 color 85
nodo 424 color 77
nodo 360 color 62
nodo 555 color 84
nodo 589 color 29
nodo 253 color 89
nodo 338 color 82
nodo 315 color 32
nodo 162 color 88
nodo 441 color 43
nodo 359 color 31
nodo 377 color 87
nodo 175 color 89
nodo 573 color 86
nodo 428 color 88
nodo 328 color 16
nodo 105 color 90
nodo 257 color 75
nodo 469 color 6
nodo 166 color 59
nodo 146 color 89
nodo 115 color 78
nodo 287 color 90
nodo 268 color 59
nodo 446 color 90
nodo 393 color 80
nodo 406 color 77
nodo 4 color 73
nodo 400 color 69
nodo 190 color 89
nodo 491 color 63
nodo 33 color 82
nodo 228 color 91
nodo 477 color 49
nodo 522 color 7
nodo 392 color 18
nodo 275 color 89
nodo 263 color 77
nodo 77 color 91
nodo 184 color 92
nodo 208 color 86
nodo 566 color 91
nodo 1 color 92
nodo 550 color 56
nodo 161 color 93
nodo 496 color 70
nodo 202 color 6
nodo 420 color 92
nodo 506 color 91
nodo 264 color 58
nodo 549 color 67
nodo 485 color 56
nodo 419 color 66
nodo 176 color 64
nodo 472 color 71
nodo 96 color 93
nodo 311 color 26
nodo 316 color 70
nodo 163 color 90
nodo 216 color 60
nodo 201 color 88
nodo 588 color 71
nodo 160 color 76
nodo 219 color 87
nodo 290 color 58
nodo 81 color 53
nodo 132 color 68
nodo 272 color 94
nodo 404 color 64
nodo 50 color 80
nodo 278 color 90
nodo 198 color 93
nodo 86 color 94
nodo 495 color 93
nodo 593 color 75
nodo 582 color 1
nodo 164 color 92
nodo 344 color 85
nodo 505 color 13
nodo 222 color 87
nodo 116 color 89
nodo 267 color 94
