600 98 107820 60.0 403 316
nodo 189 color 1
nodo 52 color 2
nodo 309 color 1
nodo 537 color 2
nodo 74 color 3
nodo 579 color 4
nodo 194 color 1
nodo 403 color 5
nodo 292 color 6
nodo 59 color 3
nodo 444 color 1
nodo 564 color 4
nodo 288 color 4
nodo 576 color 7
nodo 355 color 5
nodo 261 color 3
nodo 526 color 2
nodo 84 color 6
nodo 94 color 2
nodo 516 color 2
nodo 528 color 6
nodo 412 color 6
nodo 115 color 8
nodo 50 color 9
nodo 137 color 8
nodo 263 color 7
nodo 256 color 5
nodo 122 color 10
nodo 393 color 9
nodo 129 color 8
nodo 520 color 7
nodo 108 color 10
nodo 45 color 11
nodo 458 color 1
nodo 535 color 10
nodo 338 color 7
nodo 383 color 8
nodo 201 color 4
nodo 91 color 11
nodo 193 color 9
nodo 503 color 12
nodo 550 color 11
nodo 415 color 13
nodo 298 color 5
nodo 491 color 14
nodo 402 color 11
nodo 567 color 13
nodo 105 color 14
nodo 116 color 12
nodo 409 color 12
nodo 161 color 15
nodo 410 color 9
nodo 244 color 16
nodo 149 color 3
nodo 510 color 15
nodo 267 color 10
nodo 53 color 16
nodo 152 color 3
nodo 143 color 17
nodo 257 color 18
nodo 78 color 13
nodo 419 color 7
nodo 132 color 10
nodo 506 color 13
nodo 226 color 17
nodo 7 color 17
nodo 185 color 19
nodo 89 color 20
nodo 237 color 18
nodo 97 color 16
nodo 216 color 3
nodo 230 color 14
nodo 289 color 19
nodo 48 color 19
nodo 358 color 21
nodo 341 color 20
nodo 207 color 18
nodo 431 color 14
nodo 589 color 12
nodo 154 color 21
nodo 24 color 10
nodo 243 color 22
nodo 92 color 16
nodo 386 color 15
nodo 321 color 11
nodo 425 color 14
nodo 228 color 23
nodo 342 color 24
nodo 368 color 21
nodo 33 color 25
nodo 253 color 22
nodo 11 color 24
nodo 308 color 25
nodo 172 color 1
nodo 72 color 22
nodo 578 color 21
nodo 560 color 14
nodo 4 color 25
nodo 233 color 7
nodo 111 color 26
nodo 225 color 4
nodo 174 color 27
nodo 93 color 11
nodo 179 color 20
nodo 222 color 12
nodo 568 color 21
nodo 34 color 23
nodo 548 color 28
nodo 258 color 17
nodo 532 color 24
nodo 51 color 25
nodo 335 color 8
nodo 572 color 23
nodo 445 color 20
nodo 447 color 15
nodo 456 color 27
nodo 231 color 29
nodo 497 color 28
nodo 204 color 26
nodo 35 color 15
nodo 95 color 23
nodo 442 color 29
nodo 176 color 9
nodo 521 color 5
nodo 429 color 6
nodo 81 color 28
nodo 290 color 27
nodo 208 color 2
nodo 214 color 26
nodo 268 color 1
nodo 18 color 24
nodo 79 color 30
nodo 552 color 30
nodo 435 color 18
nodo 146 color 6
nodo 104 color 27
nodo 285 color 31
nodo 584 color 18
nodo 56 color 12
nodo 380 color 27
nodo 588 color 32
nodo 165 color 23
nodo 518 color 21
nodo 166 color 22
nodo 73 color 33
nodo 219 color 15
nodo 592 color 30
nodo 10 color 34
nodo 343 color 28
nodo 69 color 17
nodo 196 color 29
nodo 597 color 32
nodo 595 color 27
nodo 508 color 6
nodo 295 color 22
nodo 408 color 32
nodo 376 color 33
nodo 110 color 26
nodo 347 color 35
nodo 202 color 30
nodo 571 color 31
nodo 181 color 33
nodo 184 color 11
nodo 349 color 34
nodo 203 color 31
nodo 260 color 17
nodo 227 color 18
nodo 373 color 36
nodo 134 color 24
nodo 369 color 14
nodo 582 color 32
nodo 513 color 28
nodo 99 color 26
nodo 187 color 37
nodo 60 color 38
nodo 340 color 25
nodo 361 color 36
nodo 507 color 35
nodo 217 color 38
nodo 392 color 19
nodo 200 color 9
nodo 566 color 39
nodo 523 color 33
nodo 242 color 39
nodo 142 color 37
nodo 106 color 40
nodo 25 color 33
nodo 27 color 8
nodo 433 color 30
nodo 156 color 10
nodo 378 color 41
nodo 23 color 36
nodo 240 color 37
nodo 206 color 13
nodo 224 color 41
nodo 160 color 40
nodo 561 color 40
nodo 147 color 22
nodo 150 color 38
nodo 49 color 31
nodo 29 color 35
nodo 364 color 42
nodo 280 color 43
nodo 316 color 35
nodo 139 color 4
nodo 291 color 42
nodo 283 color 9
nodo 43 color 44
nodo 157 color 34
nodo 554 color 30
nodo 334 color 45
nodo 124 color 37
nodo 255 color 43
nodo 379 color 46
nodo 363 color 32
nodo 247 color 45
nodo 281 color 39
nodo 475 color 31
nodo 348 color 19
nodo 596 color 42
nodo 118 color 28
nodo 164 color 34
nodo 40 color 47
nodo 461 color 38
nodo 232 color 43
nodo 83 color 40
nodo 177 color 12
nodo 38 color 44
nodo 396 color 48
nodo 195 color 47
nodo 271 color 29
nodo 238 color 46
nodo 88 color 45
nodo 223 color 40
nodo 485 color 49
nodo 525 color 43
nodo 266 color 14
nodo 98 color 44
nodo 511 color 50
nodo 310 color 48
nodo 61 color 51
nodo 399 color 36
nodo 190 color 48
nodo 514 color 41
nodo 151 color 50
nodo 509 color 20
nodo 329 color 41
nodo 544 color 29
nodo 87 color 49
nodo 254 color 51
nodo 496 color 16
nodo 46 color 41
nodo 312 color 24
nodo 575 color 50
nodo 577 color 52
nodo 138 color 49
nodo 259 color 16
nodo 587 color 53
nodo 372 color 54
nodo 365 color 52
nodo 262 color 53
nodo 182 color 42
nodo 80 color 54
nodo 8 color 49
nodo 265 color 47
nodo 495 color 34
nodo 430 color 46
nodo 549 color 36
nodo 367 color 54
nodo 463 color 49
nodo 459 color 51
nodo 30 color 15
nodo 536 color 55
nodo 317 color 53
nodo 590 color 56
nodo 235 color 44
nodo 300 color 56
nodo 277 color 55
nodo 434 color 48
nodo 15 color 35
nodo 70 color 36
nodo 246 color 56
nodo 305 color 52
nodo 58 color 32
nodo 356 color 42
nodo 390 color 56
nodo 5 color 19
nodo 515 color 57
nodo 478 color 58
nodo 455 color 18
nodo 452 color 47
nodo 37 color 51
nodo 322 color 55
nodo 163 color 51
nodo 426 color 3
nodo 450 color 58
nodo 315 color 50
nodo 178 color 23
nodo 313 color 45
nodo 314 color 44
nodo 591 color 46
nodo 198 color 39
nodo 524 color 57
nodo 462 color 59
nodo 175 color 20
nodo 39 color 58
nodo 77 color 34
nodo 68 color 30
nodo 62 color 48
nodo 86 color 59
nodo 401 color 60
nodo 330 color 60
nodo 473 color 39
nodo 239 color 45
nodo 527 color 46
nodo 307 color 42
nodo 466 color 61
nodo 162 color 58
nodo 90 color 49
nodo 451 color 52
nodo 323 color 57
nodo 477 color 20
nodo 533 color 16
nodo 155 color 61
nodo 26 color 59
nodo 171 color 40
nodo 337 color 47
nodo 333 color 62
nodo 460 color 62
nodo 470 color 61
nodo 439 color 63
nodo 344 color 35
nodo 274 color 53
nodo 573 color 43
nodo 394 color 57
nodo 192 color 20
nodo 131 color 63
nodo 270 color 58
nodo 318 color 64
nodo 482 color 7
nodo 428 color 37
nodo 85 color 59
nodo 41 color 55
nodo 351 color 60
nodo 114 color 33
nodo 303 color 62
nodo 169 color 65
nodo 432 color 7
nodo 406 color 66
nodo 20 color 65
nodo 332 color 64
nodo 574 color 66
nodo 529 color 67
nodo 357 color 64
nodo 153 color 68
nodo 441 color 38
nodo 36 color 69
nodo 398 color 46
nodo 542 color 48
nodo 469 color 4
nodo 66 color 69
nodo 557 color 63
nodo 465 color 51
nodo 500 color 21
nodo 384 color 4
nodo 449 color 70
nodo 488 color 68
nodo 319 color 68
nodo 448 color 67
nodo 420 color 63
nodo 354 color 55
nodo 583 color 32
nodo 457 color 61
nodo 492 color 70
nodo 276 color 54
nodo 215 color 25
nodo 436 color 47
nodo 538 color 36
nodo 205 color 71
nodo 531 color 58
nodo 96 color 34
nodo 565 color 52
nodo 21 color 67
nodo 522 color 12
nodo 366 color 65
nodo 121 color 7
nodo 563 color 67
nodo 498 color 63
nodo 418 color 72
nodo 530 color 68
nodo 543 color 66
nodo 135 color 59
nodo 424 color 66
nodo 167 color 61
nodo 594 color 51
nodo 54 color 73
nodo 128 color 70
nodo 381 color 61
nodo 443 color 72
nodo 331 color 65
nodo 103 color 13
nodo 286 color 71
nodo 213 color 74
nodo 57 color 75
nodo 44 color 57
nodo 385 color 55
nodo 534 color 41
nodo 437 color 75
nodo 9 color 45
nodo 421 color 72
nodo 148 color 39
nodo 320 color 27
nodo 275 color 73
nodo 123 color 54
nodo 453 color 65
nodo 183 color 69
nodo 501 color 60
nodo 483 color 38
nodo 362 color 76
nodo 55 color 23
nodo 411 color 74
nodo 481 color 73
nodo 278 color 16
nodo 487 color 70
nodo 186 color 22
nodo 31 color 75
nodo 311 color 77
nodo 598 color 65
nodo 221 color 78
nodo 569 color 75
nodo 559 color 71
nodo 236 color 71
nodo 407 color 79
nodo 489 color 64
nodo 28 color 77
nodo 264 color 5
nodo 113 color 50
nodo 585 color 73
nodo 65 color 62
nodo 180 color 76
nodo 245 color 80
nodo 327 color 78
nodo 191 color 81
nodo 558 color 80
nodo 494 color 26
nodo 249 color 76
nodo 586 color 70
nodo 382 color 79
nodo 325 color 74
nodo 294 color 82
nodo 493 color 60
nodo 101 color 83
nodo 440 color 64
nodo 551 color 53
nodo 417 color 76
nodo 547 color 83
nodo 474 color 78
nodo 13 color 37
nodo 3 color 77
nodo 250 color 71
nodo 297 color 69
nodo 395 color 13
nodo 353 color 75
nodo 100 color 31
nodo 144 color 84
nodo 71 color 82
nodo 234 color 72
nodo 64 color 65
nodo 1 color 83
nodo 484 color 81
nodo 119 color 84
nodo 218 color 85
nodo 391 color 78
nodo 211 color 86
nodo 293 color 81
nodo 209 color 50
nodo 504 color 57
nodo 479 color 47
nodo 546 color 82
nodo 499 color 1
nodo 6 color 83
nodo 12 color 85
nodo 302 color 72
nodo 471 color 80
nodo 389 color 81
nodo 505 color 76
nodo 599 color 26
nodo 553 color 78
nodo 117 color 84
nodo 423 color 86
nodo 269 color 74
nodo 486 color 50
nodo 120 color 83
nodo 140 color 79
nodo 324 color 66
nodo 14 color 11
nodo 580 color 85
nodo 306 color 36
nodo 464 color 74
nodo 416 color 40
nodo 593 color 87
nodo 414 color 88
nodo 397 color 45
nodo 296 color 42
nodo 133 color 80
nodo 75 color 13
nodo 517 color 89
nodo 212 color 77
nodo 467 color 76
nodo 336 color 87
nodo 339 color 86
nodo 22 color 53
nodo 476 color 88
nodo 301 color 74
nodo 472 color 59
nodo 375 color 84
nodo 299 color 39
nodo 199 color 89
nodo 170 color 42
nodo 405 color 45
nodo 541 color 82
nodo 47 color 88
nodo 304 color 59
nodo 159 color 90
nodo 438 color 6
nodo 371 color 57
nodo 422 color 68
nodo 229 color 88
nodo 126 color 68
nodo 125 color 87
nodo 540 color 25
nodo 352 color 70
nodo 158 color 89
nodo 109 color 89
nodo 136 color 91
nodo 413 color 92
nodo 545 color 79
nodo 251 color 87
nodo 490 color 90
nodo 359 color 91
nodo 273 color 52
nodo 168 color 92
nodo 512 color 82
nodo 539 color 87
nodo 2 color 93
nodo 252 color 62
nodo 210 color 3
nodo 519 color 94
nodo 220 color 44
nodo 17 color 81
nodo 480 color 31
nodo 400 color 67
nodo 377 color 37
nodo 370 color 95
nodo 282 color 92
nodo 76 color 56
nodo 570 color 94
nodo 350 color 90
nodo 581 color 88
nodo 287 color 96
nodo 326 color 96
nodo 345 color 91
nodo 404 color 29
nodo 241 color 73
nodo 32 color 73
nodo 446 color 77
nodo 600 color 17
nodo 248 color 2
nodo 42 color 13
nodo 173 color 93
nodo 16 color 90
nodo 63 color 88
nodo 454 color 66
nodo 360 color 25
nodo 130 color 43
nodo 284 color 59
nodo 127 color 97
nodo 374 color 77
nodo 67 color 76
nodo 388 color 91
nodo 197 color 35
nodo 19 color 92
nodo 556 color 95
nodo 102 color 33
nodo 188 color 91
nodo 272 color 87
nodo 562 color 73
nodo 112 color 97
nodo 555 color 17
nodo 328 color 55
nodo 346 color 98
nodo 141 color 93
nodo 427 color 95
nodo 387 color 82
nodo 279 color 86
nodo 468 color 91
nodo 145 color 73
nodo 107 color 98
nodo 82 color 93
nodo 502 color 98
