600 102 107820 60.0 403 316
nodo 267 color 1
nodo 116 color 1
nodo 222 color 1
nodo 505 color 2
nodo 164 color 2
nodo 344 color 3
nodo 582 color 2
nodo 593 color 3
nodo 495 color 1
nodo 86 color 4
nodo 198 color 5
nodo 278 color 4
nodo 132 color 6
nodo 272 color 2
nodo 404 color 4
nodo 50 color 3
nodo 290 color 2
nodo 81 color 5
nodo 160 color 5
nodo 219 color 6
nodo 201 color 6
nodo 216 color 7
nodo 316 color 8
nodo 588 color 6
nodo 163 color 7
nodo 311 color 1
nodo 472 color 8
nodo 419 color 5
nodo 176 color 3
nodo 96 color 6
nodo 264 color 8
nodo 506 color 9
nodo 485 color 5
nodo 549 color 3
nodo 420 color 3
nodo 202 color 7
nodo 1 color 9
nodo 161 color 10
nodo 496 color 11
nodo 550 color 10
nodo 184 color 8
nodo 263 color 12
nodo 208 color 10
nodo 77 color 11
nodo 566 color 11
nodo 275 color 7
nodo 477 color 12
nodo 33 color 3
nodo 190 color 4
nodo 392 color 9
nodo 491 color 8
nodo 4 color 13
nodo 522 color 11
nodo 228 color 12
nodo 400 color 10
nodo 287 color 13
nodo 446 color 14
nodo 115 color 4
nodo 393 color 13
nodo 268 color 14
nodo 146 color 14
nodo 406 color 15
nodo 166 color 16
nodo 257 color 1
nodo 428 color 15
nodo 573 color 17
nodo 328 color 9
nodo 105 color 4
nodo 175 color 14
nodo 469 color 13
nodo 360 color 12
nodo 253 color 16
nodo 595 color 17
nodo 162 color 12
nodo 441 color 18
nodo 359 color 19
nodo 315 color 13
nodo 217 color 18
nodo 555 color 17
nodo 424 color 15
nodo 589 color 1
nodo 338 color 6
nodo 377 color 15
nodo 538 color 20
nodo 438 color 16
nodo 74 color 17
nodo 560 color 10
nodo 182 color 7
nodo 276 color 15
nodo 423 color 21
nodo 71 color 9
nodo 39 color 22
nodo 26 color 22
nodo 402 color 19
nodo 7 color 19
nodo 186 color 21
nodo 490 color 7
nodo 42 color 2
nodo 412 color 14
nodo 69 color 18
nodo 331 color 16
nodo 398 color 21
nodo 333 color 23
nodo 237 color 11
nodo 231 color 20
nodo 443 color 17
nodo 261 color 22
nodo 284 color 18
nodo 563 color 21
nodo 570 color 20
nodo 504 color 17
nodo 320 color 24
nodo 223 color 23
nodo 271 color 24
nodo 533 color 21
nodo 251 color 20
nodo 128 color 23
nodo 194 color 25
nodo 514 color 15
nodo 479 color 25
nodo 100 color 26
nodo 68 color 5
nodo 21 color 25
nodo 32 color 18
nodo 574 color 20
nodo 3 color 13
nodo 578 color 23
nodo 230 color 27
nodo 46 color 2
nodo 450 color 22
nodo 137 color 26
nodo 258 color 24
nodo 295 color 10
nodo 519 color 24
nodo 502 color 27
nodo 298 color 18
nodo 318 color 18
nodo 204 color 26
nodo 148 color 4
nodo 279 color 28
nodo 294 color 28
nodo 145 color 24
nodo 293 color 10
nodo 286 color 11
nodo 586 color 25
nodo 38 color 27
nodo 351 color 29
nodo 399 color 5
nodo 30 color 26
nodo 365 color 22
nodo 221 color 24
nodo 350 color 19
nodo 299 color 30
nodo 598 color 31
nodo 61 color 13
nodo 25 color 29
nodo 435 color 30
nodo 478 color 29
nodo 512 color 28
nodo 473 color 19
nodo 363 color 32
nodo 427 color 32
nodo 321 color 31
nodo 507 color 33
nodo 500 color 30
nodo 432 color 33
nodo 22 color 34
nodo 159 color 15
nodo 93 color 35
nodo 370 color 16
nodo 600 color 36
nodo 94 color 23
nodo 342 color 29
nodo 541 color 34
nodo 265 color 27
nodo 581 color 10
nodo 213 color 28
nodo 448 color 35
nodo 142 color 26
nodo 447 color 15
nodo 558 color 31
nodo 95 color 36
nodo 255 color 37
nodo 410 color 38
nodo 197 color 34
nodo 188 color 27
nodo 301 color 9
nodo 266 color 30
nodo 374 color 37
nodo 417 color 34
nodo 394 color 36
nodo 143 color 9
nodo 199 color 38
nodo 527 color 39
nodo 464 color 37
nodo 241 color 33
nodo 346 color 31
nodo 84 color 35
nodo 220 color 33
nodo 587 color 34
nodo 381 color 40
nodo 280 color 32
nodo 41 color 41
nodo 488 color 35
nodo 109 color 40
nodo 172 color 8
nodo 165 color 39
nodo 179 color 42
nodo 102 color 41
nodo 207 color 39
nodo 456 color 42
nodo 408 color 43
nodo 565 color 39
nodo 416 color 40
nodo 156 color 43
nodo 391 color 44
nodo 322 color 38
nodo 308 color 30
nodo 58 color 32
nodo 133 color 33
nodo 89 color 41
nodo 205 color 44
nodo 545 color 44
nodo 523 color 11
nodo 273 color 16
nodo 48 color 45
nodo 98 color 46
nodo 592 color 37
nodo 445 color 25
nodo 345 color 37
nodo 536 color 43
nodo 583 color 14
nodo 20 color 45
nodo 285 color 47
nodo 37 color 43
nodo 51 color 16
nodo 76 color 36
nodo 361 color 38
nodo 493 color 35
nodo 114 color 40
nodo 396 color 46
nodo 138 color 39
nodo 72 color 29
nodo 88 color 47
nodo 235 color 43
nodo 129 color 48
nodo 225 color 44
nodo 29 color 36
nodo 458 color 48
nodo 192 color 42
nodo 369 color 30
nodo 554 color 49
nodo 200 color 13
nodo 307 color 26
nodo 269 color 28
nodo 590 color 46
nodo 530 color 50
nodo 296 color 49
nodo 124 color 46
nodo 401 color 31
nodo 480 color 51
nodo 384 color 45
nodo 332 color 50
nodo 36 color 12
nodo 459 color 52
nodo 460 color 32
nodo 510 color 44
nodo 59 color 46
nodo 355 color 27
nodo 12 color 51
nodo 47 color 6
nodo 5 color 19
nodo 73 color 51
nodo 70 color 53
nodo 157 color 49
nodo 584 color 54
nodo 341 color 1
nodo 382 color 26
nodo 103 color 40
nodo 244 color 55
nodo 187 color 53
nodo 23 color 42
nodo 444 color 12
nodo 562 color 50
nodo 430 color 46
nodo 90 color 52
nodo 303 color 47
nodo 75 color 52
nodo 277 color 48
nodo 516 color 51
nodo 104 color 54
nodo 78 color 56
nodo 484 color 36
nodo 312 color 33
nodo 185 color 37
nodo 53 color 47
nodo 453 color 53
nodo 262 color 42
nodo 2 color 54
nodo 55 color 57
nodo 177 color 11
nodo 403 color 47
nodo 196 color 36
nodo 482 color 34
nodo 306 color 56
nodo 388 color 55
nodo 520 color 52
nodo 314 color 58
nodo 553 color 38
nodo 489 color 50
nodo 457 color 48
nodo 9 color 19
nodo 297 color 57
nodo 498 color 53
nodo 119 color 42
nodo 532 color 55
nodo 337 color 59
nodo 57 color 48
nodo 135 color 54
nodo 149 color 59
nodo 144 color 39
nodo 130 color 45
nodo 442 color 49
nodo 376 color 51
nodo 282 color 56
nodo 206 color 60
nodo 233 color 39
nodo 11 color 25
nodo 302 color 58
nodo 395 color 60
nodo 8 color 32
nodo 108 color 53
nodo 429 color 60
nodo 181 color 58
nodo 118 color 60
nodo 483 color 47
nodo 313 color 59
nodo 454 color 58
nodo 356 color 59
nodo 167 color 61
nodo 373 color 38
nodo 234 color 61
nodo 466 color 44
nodo 62 color 62
nodo 526 color 55
nodo 45 color 60
nodo 99 color 61
nodo 91 color 57
nodo 385 color 57
nodo 327 color 45
nodo 117 color 62
nodo 368 color 55
nodo 330 color 63
nodo 195 color 35
nodo 513 color 63
nodo 226 color 63
nodo 465 color 64
nodo 111 color 38
nodo 256 color 58
nodo 585 color 40
nodo 121 color 42
nodo 60 color 41
nodo 434 color 56
nodo 112 color 51
nodo 580 color 54
nodo 85 color 62
nodo 274 color 65
nodo 358 color 61
nodo 153 color 36
nodo 236 color 64
nodo 13 color 54
nodo 52 color 65
nodo 414 color 64
nodo 390 color 66
nodo 180 color 67
nodo 386 color 66
nodo 87 color 65
nodo 436 color 67
nodo 79 color 49
nodo 451 color 25
nodo 353 color 68
nodo 140 color 52
nodo 107 color 69
nodo 203 color 30
nodo 440 color 7
nodo 559 color 64
nodo 329 color 44
nodo 334 color 69
nodo 354 color 66
nodo 242 color 70
nodo 599 color 59
nodo 551 color 66
nodo 462 color 20
nodo 63 color 68
nodo 139 color 61
nodo 481 color 71
nodo 232 color 67
nodo 64 color 65
nodo 572 color 69
nodo 252 color 72
nodo 173 color 48
nodo 283 color 72
nodo 463 color 49
nodo 14 color 34
nodo 515 color 62
nodo 452 color 73
nodo 575 color 70
nodo 468 color 57
nodo 120 color 73
nodo 425 color 41
nodo 431 color 71
nodo 97 color 74
nodo 409 color 75
nodo 215 color 76
nodo 18 color 58
nodo 339 color 57
nodo 238 color 77
nodo 136 color 70
nodo 56 color 75
nodo 34 color 39
nodo 534 color 78
nodo 80 color 61
nodo 218 color 77
nodo 54 color 71
nodo 413 color 52
nodo 494 color 68
nodo 415 color 79
nodo 291 color 73
nodo 492 color 72
nodo 540 color 31
nodo 433 color 65
nodo 289 color 14
nodo 474 color 50
nodo 19 color 74
nodo 246 color 78
nodo 426 color 76
nodo 317 color 66
nodo 499 color 80
nodo 170 color 62
nodo 168 color 69
nodo 517 color 71
nodo 539 color 67
nodo 125 color 67
nodo 571 color 28
nodo 437 color 69
nodo 455 color 74
nodo 352 color 49
nodo 367 color 80
nodo 254 color 76
nodo 171 color 30
nodo 10 color 81
nodo 542 color 79
nodo 65 color 17
nodo 227 color 79
nodo 509 color 82
nodo 531 color 61
nodo 212 color 83
nodo 131 color 81
nodo 154 color 19
nodo 371 color 73
nodo 471 color 70
nodo 210 color 55
nodo 28 color 77
nodo 349 color 79
nodo 123 color 17
nodo 347 color 75
nodo 378 color 40
nodo 150 color 84
nodo 544 color 53
nodo 397 color 81
nodo 240 color 82
nodo 561 color 52
nodo 503 color 85
nodo 597 color 72
nodo 348 color 68
nodo 43 color 74
nodo 340 color 76
nodo 486 color 80
nodo 127 color 63
nodo 229 color 78
nodo 319 color 86
nodo 422 color 82
nodo 260 color 83
nodo 576 color 74
nodo 557 color 43
nodo 547 color 86
nodo 281 color 56
nodo 6 color 81
nodo 250 color 79
nodo 372 color 50
nodo 304 color 75
nodo 270 color 22
nodo 508 color 86
nodo 383 color 82
nodo 543 color 25
nodo 224 color 44
nodo 537 color 72
nodo 470 color 77
nodo 259 color 86
nodo 569 color 83
nodo 326 color 23
nodo 134 color 64
nodo 243 color 85
nodo 343 color 87
nodo 387 color 73
nodo 247 color 75
nodo 501 color 84
nodo 310 color 63
nodo 151 color 85
nodo 324 color 64
nodo 405 color 87
nodo 110 color 86
nodo 183 color 24
nodo 82 color 88
nodo 113 color 88
nodo 16 color 89
nodo 594 color 90
nodo 418 color 89
nodo 362 color 70
nodo 49 color 84
nodo 556 color 91
nodo 535 color 69
nodo 288 color 80
nodo 27 color 65
nodo 155 color 53
nodo 439 color 92
nodo 567 color 60
nodo 17 color 90
nodo 15 color 8
nodo 126 color 83
nodo 245 color 80
nodo 83 color 93
nodo 239 color 59
nodo 577 color 78
nodo 178 color 94
nodo 524 color 45
nodo 106 color 91
nodo 249 color 78
nodo 189 color 24
nodo 169 color 87
nodo 141 color 82
nodo 174 color 94
nodo 248 color 93
nodo 596 color 88
nodo 546 color 71
nodo 511 color 92
nodo 475 color 95
nodo 552 color 46
nodo 335 color 89
nodo 31 color 76
nodo 214 color 96
nodo 380 color 76
nodo 564 color 83
nodo 209 color 91
nodo 101 color 73
nodo 449 color 92
nodo 325 color 63
nodo 152 color 67
nodo 518 color 79
nodo 323 color 93
nodo 292 color 84
nodo 158 color 95
nodo 66 color 96
nodo 92 color 41
nodo 375 color 89
nodo 40 color 92
nodo 497 color 91
nodo 379 color 97
nodo 411 color 98
nodo 336 color 68
nodo 309 color 20
nodo 528 color 31
nodo 364 color 95
nodo 44 color 94
nodo 300 color 96
nodo 366 color 92
nodo 193 color 85
nodo 305 color 99
nodo 389 color 90
nodo 568 color 97
nodo 591 color 97
nodo 24 color 86
nodo 407 color 91
nodo 147 color 98
nodo 579 color 100
nodo 487 color 94
nodo 461 color 101
nodo 476 color 99
nodo 521 color 100
nodo 122 color 33
nodo 548 color 101
nodo 35 color 26
nodo 357 color 90
nodo 467 color 70
nodo 421 color 72
nodo 529 color 102
nodo 67 color 99
nodo 191 color 95
nodo 525 color 98
nodo 211 color 102
