1000 179 249500 49.949949949949946 499 499
nodo 480 color 1
nodo 341 color 1
nodo 718 color 2
nodo 950 color 3
nodo 571 color 3
nodo 915 color 4
nodo 231 color 2
nodo 184 color 4
nodo 806 color 5
nodo 17 color 3
nodo 127 color 5
nodo 448 color 2
nodo 533 color 3
nodo 187 color 6
nodo 166 color 4
nodo 94 color 4
nodo 631 color 3
nodo 158 color 4
nodo 988 color 4
nodo 388 color 7
nodo 832 color 5
nodo 404 color 8
nodo 192 color 4
nodo 721 color 2
nodo 336 color 4
nodo 435 color 1
nodo 321 color 1
nodo 113 color 9
nodo 382 color 10
nodo 102 color 4
nodo 877 color 7
nodo 186 color 4
nodo 14 color 1
nodo 71 color 11
nodo 584 color 5
nodo 522 color 6
nodo 176 color 4
nodo 504 color 9
nodo 162 color 4
nodo 657 color 3
nodo 180 color 4
nodo 602 color 11
nodo 787 color 6
nodo 126 color 4
nodo 926 color 3
nodo 947 color 7
nodo 531 color 3
nodo 829 color 8
nodo 558 color 12
nodo 650 color 13
nodo 907 color 10
nodo 515 color 3
nodo 878 color 9
nodo 735 color 7
nodo 686 color 2
nodo 258 color 4
nodo 597 color 3
nodo 353 color 1
nodo 710 color 2
nodo 600 color 14
nodo 693 color 9
nodo 610 color 15
nodo 483 color 11
nodo 665 color 3
nodo 503 color 3
nodo 756 color 5
nodo 500 color 16
nodo 872 color 5
nodo 360 color 17
nodo 794 color 5
nodo 93 color 12
nodo 79 color 13
nodo 273 color 14
nodo 358 color 18
nodo 965 color 4
nodo 160 color 4
nodo 167 color 15
nodo 577 color 3
nodo 111 color 16
nodo 344 color 19
nodo 886 color 9
nodo 177 color 20
nodo 327 color 17
nodo 145 color 21
nodo 491 color 11
nodo 58 color 17
nodo 485 color 11
nodo 737 color 10
nodo 277 color 22
nodo 616 color 20
nodo 495 color 3
nodo 796 color 5
nodo 683 color 12
nodo 510 color 21
nodo 844 color 5
nodo 228 color 4
nodo 514 color 22
nodo 422 color 23
nodo 530 color 24
nodo 27 color 24
nodo 282 color 4
nodo 15 color 25
nodo 685 color 13
nodo 912 color 18
nodo 921 color 8
nodo 241 color 23
nodo 73 color 26
nodo 573 color 3
nodo 833 color 15
nodo 78 color 17
nodo 25 color 27
nodo 173 color 28
nodo 284 color 4
nodo 595 color 3
nodo 56 color 17
nodo 296 color 4
nodo 586 color 25
nodo 363 color 1
nodo 418 color 28
nodo 189 color 29
nodo 719 color 14
nodo 451 color 1
nodo 183 color 30
nodo 997 color 31
nodo 193 color 32
nodo 313 color 33
nodo 325 color 19
nodo 415 color 1
nodo 687 color 16
nodo 62 color 17
nodo 901 color 24
nodo 379 color 1
nodo 206 color 4
nodo 457 color 1
nodo 574 color 26
nodo 837 color 21
nodo 204 color 4
nodo 76 color 17
nodo 487 color 11
nodo 445 color 1
nodo 615 color 3
nodo 28 color 1
nodo 982 color 34
nodo 148 color 4
nodo 743 color 18
nodo 753 color 20
nodo 264 color 4
nodo 310 color 4
nodo 135 color 35
nodo 350 color 33
nodo 144 color 4
nodo 636 color 27
nodo 133 color 36
nodo 210 color 4
nodo 306 color 4
nodo 962 color 3
nodo 509 color 3
nodo 161 color 37
nodo 974 color 10
nodo 736 color 6
nodo 758 color 5
nodo 41 color 38
nodo 226 color 4
nodo 566 color 29
nodo 885 color 12
nodo 169 color 39
nodo 154 color 4
nodo 551 color 3
nodo 361 color 1
nodo 75 color 40
nodo 774 color 5
nodo 67 color 41
nodo 964 color 8
nodo 521 color 3
nodo 114 color 4
nodo 778 color 5
nodo 191 color 42
nodo 384 color 43
nodo 470 color 30
nodo 308 color 4
nodo 809 color 25
nodo 338 color 31
nodo 831 color 26
nodo 208 color 4
nodo 22 color 1
nodo 289 color 43
nodo 670 color 2
nodo 33 color 44
nodo 324 color 4
nodo 851 color 16
nodo 88 color 4
nodo 368 color 34
nodo 629 color 3
nodo 626 color 32
nodo 928 color 3
nodo 887 color 9
nodo 318 color 4
nodo 684 color 2
nodo 42 color 1
nodo 638 color 35
nodo 249 color 45
nodo 524 color 36
nodo 152 color 4
nodo 36 color 1
nodo 413 color 1
nodo 730 color 6
nodo 469 color 1
nodo 243 color 46
nodo 217 color 47
nodo 890 color 18
nodo 771 color 24
nodo 933 color 18
nodo 254 color 4
nodo 476 color 37
nodo 263 color 48
nodo 723 color 22
nodo 200 color 4
nodo 287 color 49
nodo 941 color 31
nodo 795 color 27
nodo 881 color 34
nodo 760 color 5
nodo 893 color 38
nodo 674 color 2
nodo 564 color 39
nodo 297 color 50
nodo 417 color 1
nodo 961 color 34
nodo 399 color 1
nodo 74 color 17
nodo 517 color 3
nodo 559 color 3
nodo 285 color 51
nodo 454 color 42
nodo 818 color 5
nodo 801 color 28
nodo 35 color 52
nodo 708 color 2
nodo 635 color 3
nodo 944 color 3
nodo 497 color 3
nodo 202 color 4
nodo 622 color 40
nodo 326 color 4
nodo 777 color 29
nodo 916 color 18
nodo 690 color 2
nodo 351 color 1
nodo 703 color 23
nodo 125 color 53
nodo 456 color 45
nodo 194 color 4
nodo 255 color 54
nodo 347 color 1
nodo 661 color 3
nodo 29 color 55
nodo 565 color 3
nodo 854 color 5
nodo 107 color 56
nodo 121 color 57
nodo 706 color 2
nodo 630 color 41
nodo 115 color 58
nodo 923 color 44
nodo 985 color 31
nodo 549 color 3
nodo 895 color 52
nodo 43 color 59
nodo 520 color 38
nodo 620 color 46
nodo 411 color 1
nodo 546 color 47
nodo 303 color 60
nodo 409 color 1
nodo 278 color 4
nodo 960 color 3
nodo 911 color 55
nodo 511 color 3
nodo 526 color 48
nodo 738 color 6
nodo 401 color 1
nodo 57 color 61
nodo 745 color 30
nodo 47 color 62
nodo 765 color 31
nodo 611 color 3
nodo 141 color 63
nodo 891 color 56
nodo 513 color 3
nodo 446 color 49
nodo 883 color 58
nodo 175 color 64
nodo 728 color 6
nodo 593 color 3
nodo 484 color 50
nodo 757 color 32
nodo 80 color 17
nodo 416 color 51
nodo 592 color 53
nodo 218 color 4
nodo 889 color 59
nodo 443 color 1
nodo 943 color 61
nodo 478 color 54
nodo 977 color 65
nodo 224 color 4
nodo 498 color 52
nodo 220 color 4
nodo 386 color 60
nodo 426 color 64
nodo 979 color 66
nodo 987 color 67
nodo 312 color 4
nodo 164 color 4
nodo 123 color 68
nodo 31 color 69
nodo 695 color 34
nodo 109 color 70
nodo 38 color 1
nodo 385 color 1
nodo 465 color 1
nodo 279 color 71
nodo 934 color 3
nodo 188 color 4
nodo 20 color 1
nodo 400 color 71
nodo 314 color 4
nodo 275 color 72
nodo 40 color 1
nodo 879 color 57
nodo 709 color 35
nodo 968 color 10
nodo 8 color 1
nodo 261 color 73
nodo 137 color 74
nodo 590 color 62
nodo 461 color 1
nodo 628 color 63
nodo 761 color 36
nodo 688 color 2
nodo 993 color 4
nodo 438 color 72
nodo 179 color 75
nodo 317 color 76
nodo 562 color 57
nodo 51 color 77
nodo 359 color 1
nodo 329 color 78
nodo 357 color 1
nodo 395 color 1
nodo 903 color 65
nodo 656 color 68
nodo 539 color 3
nodo 219 color 79
nodo 817 color 37
nodo 714 color 2
nodo 294 color 4
nodo 345 color 1
nodo 624 color 69
nodo 104 color 4
nodo 389 color 1
nodo 846 color 5
nodo 178 color 4
nodo 72 color 17
nodo 986 color 4
nodo 957 color 55
nodo 647 color 3
nodo 19 color 65
nodo 488 color 56
nodo 248 color 4
nodo 340 color 66
nodo 612 color 70
nodo 606 color 73
nodo 118 color 4
nodo 945 color 66
nodo 322 color 4
nodo 18 color 1
nodo 236 color 4
nodo 60 color 17
nodo 654 color 74
nodo 999 color 67
nodo 59 color 80
nodo 744 color 5
nodo 834 color 5
nodo 482 color 58
nodo 266 color 4
nodo 814 color 5
nodo 785 color 39
nodo 405 color 1
nodo 7 color 81
nodo 66 color 17
nodo 505 color 3
nodo 768 color 5
nodo 637 color 3
nodo 534 color 59
nodo 967 color 44
nodo 508 color 75
nodo 591 color 3
nodo 532 color 76
nodo 888 color 18
nodo 77 color 82
nodo 512 color 77
nodo 700 color 2
nodo 632 color 78
nodo 1 color 67
nodo 433 color 1
nodo 842 color 5
nodo 91 color 83
nodo 182 color 4
nodo 909 color 67
nodo 691 color 38
nodo 259 color 84
nodo 333 color 85
nodo 2 color 1
nodo 233 color 86
nodo 116 color 4
nodo 295 color 87
nodo 230 color 4
nodo 519 color 3
nodo 733 color 40
nodo 581 color 3
nodo 147 color 88
nodo 305 color 89
nodo 731 color 41
nodo 810 color 5
nodo 349 color 1
nodo 704 color 2
nodo 925 color 80
nodo 876 color 9
nodo 156 color 4
nodo 450 color 79
nodo 367 color 1
nodo 841 color 44
nodo 237 color 90
nodo 110 color 4
nodo 55 color 91
nodo 658 color 81
nodo 900 color 18
nodo 633 color 3
nodo 298 color 4
nodo 652 color 82
nodo 437 color 1
nodo 304 color 4
nodo 466 color 83
nodo 518 color 84
nodo 474 color 80
nodo 759 color 42
nodo 499 color 3
nodo 537 color 3
nodo 95 color 92
nodo 646 color 85
nodo 898 color 18
nodo 953 color 93
nodo 52 color 17
nodo 541 color 3
nodo 936 color 3
nodo 697 color 43
nodo 910 color 18
nodo 839 color 53
nodo 211 color 94
nodo 919 color 91
nodo 222 color 4
nodo 896 color 18
nodo 596 color 86
nodo 24 color 1
nodo 390 color 87
nodo 196 color 4
nodo 859 color 61
nodo 436 color 88
nodo 821 color 62
nodo 870 color 5
nodo 752 color 5
nodo 172 color 4
nodo 659 color 3
nodo 873 color 66
nodo 583 color 3
nodo 762 color 5
nodo 252 color 4
nodo 232 color 4
nodo 540 color 89
nodo 492 color 90
nodo 557 color 3
nodo 589 color 3
nodo 663 color 3
nodo 682 color 2
nodo 240 color 4
nodo 897 color 77
nodo 269 color 95
nodo 346 color 93
nodo 747 color 45
nodo 694 color 2
nodo 150 color 4
nodo 185 color 96
nodo 722 color 6
nodo 603 color 3
nodo 553 color 3
nodo 319 color 97
nodo 473 color 1
nodo 430 color 94
nodo 85 color 98
nodo 850 color 5
nodo 918 color 18
nodo 174 color 4
nodo 598 color 92
nodo 786 color 5
nodo 614 color 95
nodo 201 color 99
nodo 711 color 46
nodo 39 color 100
nodo 707 color 47
nodo 455 color 1
nodo 108 color 4
nodo 902 color 18
nodo 970 color 10
nodo 864 color 5
nodo 190 color 4
nodo 852 color 5
nodo 567 color 3
nodo 645 color 3
nodo 767 color 52
nodo 820 color 5
nodo 536 color 96
nodo 863 color 83
nodo 836 color 5
nodo 547 color 3
nodo 959 color 67
nodo 23 color 101
nodo 375 color 1
nodo 545 color 3
nodo 884 color 9
nodo 746 color 5
nodo 764 color 5
nodo 378 color 97
nodo 791 color 55
nodo 917 color 100
nodo 588 color 98
nodo 203 color 102
nodo 613 color 3
nodo 585 color 3
nodo 70 color 17
nodo 770 color 5
nodo 332 color 103
nodo 929 color 101
nodo 391 color 1
nodo 727 color 48
nodo 649 color 3
nodo 244 color 4
nodo 692 color 2
nodo 822 color 5
nodo 601 color 3
nodo 608 color 99
nodo 270 color 4
nodo 464 color 102
nodo 935 color 103
nodo 44 color 17
nodo 170 color 4
nodo 373 color 1
nodo 605 color 3
nodo 463 color 1
nodo 554 color 104
nodo 290 color 4
nodo 783 color 63
nodo 274 color 4
nodo 552 color 105
nodo 92 color 4
nodo 578 color 106
nodo 84 color 17
nodo 604 color 107
nodo 816 color 5
nodo 732 color 6
nodo 938 color 3
nodo 143 color 104
nodo 676 color 2
nodo 621 color 3
nodo 825 color 64
nodo 37 color 105
nodo 882 color 9
nodo 300 color 4
nodo 969 color 101
nodo 555 color 3
nodo 209 color 106
nodo 342 color 108
nodo 641 color 3
nodo 12 color 1
nodo 666 color 109
nodo 673 color 19
nodo 245 color 107
nodo 788 color 5
nodo 112 color 4
nodo 159 color 109
nodo 516 color 110
nodo 811 color 67
nodo 804 color 5
nodo 97 color 110
nodo 678 color 2
nodo 276 color 4
nodo 843 color 69
nodo 784 color 5
nodo 293 color 111
nodo 272 color 4
nodo 54 color 17
nodo 823 color 68
nodo 153 color 112
nodo 975 color 10
nodo 582 color 111
nodo 103 color 113
nodo 151 color 114
nodo 594 color 112
nodo 992 color 4
nodo 942 color 3
nodo 696 color 2
nodo 429 color 1
nodo 68 color 17
nodo 799 color 65
nodo 134 color 4
nodo 845 color 70
nodo 501 color 3
nodo 45 color 115
nodo 223 color 116
nodo 798 color 5
nodo 827 color 74
nodo 330 color 4
nodo 914 color 18
nodo 423 color 1
nodo 380 color 117
nodo 10 color 1
nodo 835 color 80
nodo 905 color 108
nodo 381 color 1
nodo 431 color 1
nodo 955 color 108
nodo 954 color 3
nodo 973 color 103
nodo 679 color 33
nodo 216 color 4
nodo 61 color 118
nodo 479 color 1
nodo 627 color 3
nodo 225 color 119
nodo 824 color 5
nodo 82 color 17
nodo 775 color 56
nodo 320 color 4
nodo 5 color 120
nodo 544 color 113
nodo 681 color 49
nodo 205 color 121
nodo 197 color 122
nodo 472 color 114
nodo 129 color 123
nodo 251 color 117
nodo 639 color 3
nodo 815 color 75
nodo 773 color 59
nodo 660 color 115
nodo 221 color 124
nodo 242 color 4
nodo 13 color 125
nodo 316 color 4
nodo 754 color 5
nodo 253 color 126
nodo 481 color 11
nodo 462 color 116
nodo 805 color 81
nodo 139 color 127
nodo 3 color 128
nodo 894 color 18
nodo 716 color 2
nodo 299 color 129
nodo 467 color 1
nodo 724 color 6
nodo 715 color 51
nodo 749 color 57
nodo 980 color 93
nodo 105 color 130
nodo 271 color 131
nodo 609 color 3
nodo 34 color 1
nodo 729 color 54
nodo 260 color 4
nodo 507 color 3
nodo 838 color 5
nodo 939 color 118
nodo 990 color 4
nodo 812 color 5
nodo 214 color 4
nodo 922 color 18
nodo 383 color 1
nodo 971 color 120
nodo 751 color 58
nodo 412 color 119
nodo 701 color 50
nodo 410 color 121
nodo 53 color 132
nodo 653 color 3
nodo 570 color 122
nodo 87 color 133
nodo 369 color 1
nodo 871 color 93
nodo 247 color 134
nodo 930 color 3
nodo 128 color 4
nodo 493 color 3
nodo 494 color 91
nodo 323 color 135
nodo 803 color 82
nodo 543 color 3
nodo 989 color 93
nodo 856 color 5
nodo 212 color 4
nodo 352 color 129
nodo 779 color 77
nodo 857 color 92
nodo 755 color 79
nodo 339 color 17
nodo 403 color 1
nodo 920 color 18
nodo 830 color 5
nodo 750 color 5
nodo 475 color 1
nodo 506 color 123
nodo 875 color 105
nodo 951 color 125
nodo 966 color 10
nodo 89 color 136
nodo 937 color 120
nodo 262 color 4
nodo 672 color 2
nodo 940 color 3
nodo 587 color 3
nodo 550 color 124
nodo 766 color 5
nodo 648 color 126
nodo 101 color 137
nodo 453 color 1
nodo 441 color 1
nodo 772 color 5
nodo 6 color 1
nodo 699 color 61
nodo 366 color 131
nodo 334 color 103
nodo 726 color 6
nodo 444 color 127
nodo 477 color 1
nodo 229 color 138
nodo 136 color 4
nodo 213 color 139
nodo 705 color 66
nodo 434 color 134
nodo 215 color 140
nodo 899 color 110
nodo 142 color 4
nodo 348 color 135
nodo 963 color 3
nodo 364 color 141
nodo 394 color 138
nodo 906 color 18
nodo 782 color 5
nodo 449 color 1
nodo 853 color 88
nodo 528 color 128
nodo 769 color 91
nodo 781 color 94
nodo 131 color 142
nodo 356 color 143
nodo 996 color 31
nodo 96 color 4
nodo 291 color 141
nodo 309 color 143
nodo 63 color 144
nodo 826 color 5
nodo 669 color 21
nodo 948 color 3
nodo 46 color 17
nodo 525 color 3
nodo 529 color 3
nodo 720 color 2
nodo 734 color 6
nodo 283 color 145
nodo 983 color 108
nodo 392 color 145
nodo 789 color 96
nodo 568 color 130
nodo 642 color 132
nodo 393 color 1
nodo 869 color 98
nodo 288 color 4
nodo 861 color 103
nodo 64 color 17
nodo 668 color 2
nodo 671 color 44
nodo 675 color 53
nodo 414 color 139
nodo 396 color 140
nodo 502 color 133
nodo 776 color 5
nodo 9 color 146
nodo 563 color 3
nodo 862 color 5
nodo 713 color 71
nodo 69 color 147
nodo 634 color 136
nodo 807 color 100
nodo 235 color 148
nodo 250 color 4
nodo 165 color 149
nodo 548 color 137
nodo 49 color 150
nodo 946 color 3
nodo 122 color 4
nodo 908 color 18
nodo 343 color 1
nodo 447 color 1
nodo 865 color 113
nodo 26 color 1
nodo 292 color 4
nodo 100 color 4
nodo 50 color 17
nodo 387 color 1
nodo 780 color 5
nodo 848 color 5
nodo 490 color 100
nodo 741 color 84
nodo 419 color 1
nodo 981 color 125
nodo 267 color 151
nodo 268 color 4
nodo 858 color 5
nodo 644 color 142
nodo 874 color 9
nodo 207 color 152
nodo 717 color 72
nodo 984 color 93
nodo 667 color 60
nodo 302 color 4
nodo 424 color 148
nodo 155 color 153
nodo 847 color 101
nodo 119 color 154
nodo 281 color 155
nodo 227 color 156
nodo 168 color 4
nodo 618 color 144
nodo 956 color 3
nodo 523 color 3
nodo 625 color 3
nodo 280 color 4
nodo 4 color 1
nodo 256 color 4
nodo 372 color 151
nodo 860 color 5
nodo 439 color 1
nodo 425 color 1
nodo 561 color 3
nodo 866 color 5
nodo 407 color 1
nodo 677 color 69
nodo 599 color 3
nodo 86 color 4
nodo 335 color 85
nodo 949 color 146
nodo 813 color 104
nodo 931 color 147
nodo 535 color 3
nodo 527 color 3
nodo 579 color 3
nodo 538 color 149
nodo 90 color 4
nodo 362 color 155
nodo 198 color 4
nodo 892 color 18
nodo 471 color 1
nodo 739 color 73
nodo 149 color 157
nodo 286 color 4
nodo 556 color 150
nodo 307 color 158
nodo 157 color 159
nodo 868 color 5
nodo 913 color 133
nodo 952 color 3
nodo 406 color 152
nodo 904 color 18
nodo 432 color 153
nodo 32 color 1
nodo 65 color 160
nodo 370 color 158
nodo 797 color 99
nodo 130 color 4
nodo 376 color 161
nodo 421 color 1
nodo 689 color 83
nodo 742 color 6
nodo 924 color 18
nodo 246 color 4
nodo 849 color 114
nodo 664 color 154
nodo 976 color 65
nodo 83 color 162
nodo 790 color 5
nodo 576 color 156
nodo 397 color 1
nodo 355 color 1
nodo 16 color 1
nodo 712 color 2
nodo 998 color 67
nodo 81 color 163
nodo 572 color 157
nodo 972 color 10
nodo 337 color 78
nodo 440 color 159
nodo 560 color 160
nodo 408 color 164
nodo 371 color 1
nodo 124 color 4
nodo 927 color 161
nodo 199 color 164
nodo 428 color 165
nodo 828 color 5
nodo 181 color 165
nodo 265 color 166
nodo 763 color 86
nodo 607 color 3
nodo 617 color 3
nodo 238 color 4
nodo 301 color 167
nodo 459 color 1
nodo 569 color 3
nodo 452 color 166
nodo 315 color 168
nodo 257 color 169
nodo 402 color 167
nodo 328 color 4
nodo 623 color 3
nodo 802 color 5
nodo 662 color 162
nodo 819 color 109
nodo 377 color 1
nodo 655 color 3
nodo 195 color 170
nodo 354 color 168
nodo 702 color 2
nodo 420 color 169
nodo 489 color 11
nodo 932 color 3
nodo 793 color 102
nodo 106 color 4
nodo 460 color 170
nodo 698 color 2
nodo 117 color 171
nodo 234 color 4
nodo 171 color 172
nodo 994 color 31
nodo 619 color 3
nodo 99 color 173
nodo 486 color 163
nodo 496 color 171
nodo 163 color 174
nodo 995 color 66
nodo 427 color 1
nodo 880 color 9
nodo 978 color 93
nodo 680 color 2
nodo 11 color 175
nodo 140 color 4
nodo 840 color 5
nodo 1000 color 103
nodo 575 color 3
nodo 365 color 1
nodo 867 color 118
nodo 580 color 172
nodo 748 color 5
nodo 311 color 176
nodo 640 color 173
nodo 800 color 5
nodo 120 color 4
nodo 458 color 174
nodo 331 color 177
nodo 725 color 90
nodo 542 color 175
nodo 468 color 147
nodo 98 color 4
nodo 740 color 6
nodo 442 color 176
nodo 808 color 5
nodo 958 color 3
nodo 48 color 17
nodo 643 color 3
nodo 374 color 177
nodo 398 color 178
nodo 132 color 4
nodo 991 color 103
nodo 30 color 1
nodo 855 color 120
nodo 138 color 4
nodo 21 color 179
nodo 792 color 5
nodo 146 color 4
nodo 651 color 3
nodo 239 color 178
