1000 178 249500 49.949949949949946 499 499
nodo 33 color 1
nodo 949 color 1
nodo 614 color 2
nodo 409 color 2
nodo 287 color 2
nodo 249 color 3
nodo 549 color 1
nodo 164 color 3
nodo 80 color 3
nodo 535 color 1
nodo 93 color 4
nodo 207 color 5
nodo 330 color 6
nodo 473 color 2
nodo 764 color 4
nodo 411 color 2
nodo 52 color 3
nodo 486 color 4
nodo 317 color 7
nodo 597 color 1
nodo 120 color 3
nodo 700 color 4
nodo 148 color 3
nodo 521 color 1
nodo 681 color 5
nodo 996 color 6
nodo 15 color 8
nodo 251 color 9
nodo 479 color 2
nodo 56 color 3
nodo 558 color 5
nodo 394 color 3
nodo 461 color 2
nodo 548 color 7
nodo 485 color 1
nodo 219 color 10
nodo 191 color 11
nodo 2 color 3
nodo 709 color 6
nodo 341 color 12
nodo 462 color 9
nodo 785 color 4
nodo 234 color 12
nodo 504 color 8
nodo 554 color 10
nodo 312 color 6
nodo 528 color 11
nodo 310 color 6
nodo 475 color 2
nodo 765 color 8
nodo 260 color 12
nodo 78 color 3
nodo 827 color 13
nodo 871 color 6
nodo 710 color 4
nodo 41 color 13
nodo 383 color 2
nodo 584 color 13
nodo 4 color 3
nodo 60 color 3
nodo 118 color 3
nodo 211 color 14
nodo 917 color 15
nodo 639 color 1
nodo 501 color 1
nodo 154 color 3
nodo 160 color 3
nodo 76 color 3
nodo 747 color 9
nodo 53 color 15
nodo 387 color 2
nodo 182 color 3
nodo 248 color 12
nodo 869 color 16
nodo 165 color 17
nodo 102 color 3
nodo 370 color 12
nodo 585 color 1
nodo 22 color 3
nodo 961 color 6
nodo 87 color 16
nodo 539 color 1
nodo 162 color 3
nodo 543 color 1
nodo 68 color 3
nodo 194 color 3
nodo 241 color 18
nodo 921 color 19
nodo 10 color 3
nodo 124 color 3
nodo 727 color 10
nodo 43 color 19
nodo 821 color 15
nodo 386 color 18
nodo 275 color 20
nodo 574 color 14
nodo 499 color 1
nodo 235 color 21
nodo 587 color 1
nodo 500 color 16
nodo 787 color 11
nodo 336 color 6
nodo 706 color 4
nodo 29 color 22
nodo 244 color 12
nodo 79 color 23
nodo 582 color 17
nodo 173 color 24
nodo 247 color 25
nodo 934 color 1
nodo 268 color 20
nodo 431 color 2
nodo 17 color 26
nodo 880 color 19
nodo 253 color 27
nodo 783 color 14
nodo 853 color 22
nodo 123 color 28
nodo 381 color 2
nodo 957 color 22
nodo 98 color 3
nodo 643 color 1
nodo 705 color 16
nodo 799 color 17
nodo 679 color 7
nodo 481 color 2
nodo 318 color 6
nodo 757 color 18
nodo 382 color 25
nodo 805 color 23
nodo 364 color 20
nodo 750 color 4
nodo 348 color 29
nodo 867 color 26
nodo 682 color 4
nodo 355 color 12
nodo 175 color 30
nodo 243 color 31
nodo 634 color 21
nodo 784 color 4
nodo 741 color 19
nodo 358 color 32
nodo 983 color 6
nodo 329 color 12
nodo 92 color 3
nodo 814 color 13
nodo 806 color 13
nodo 274 color 20
nodo 276 color 29
nodo 610 color 23
nodo 131 color 33
nodo 825 color 24
nodo 331 color 29
nodo 690 color 4
nodo 544 color 24
nodo 440 color 27
nodo 361 color 2
nodo 316 color 6
nodo 542 color 26
nodo 524 color 28
nodo 391 color 2
nodo 970 color 32
nodo 714 color 4
nodo 445 color 2
nodo 447 color 2
nodo 541 color 1
nodo 436 color 30
nodo 630 color 31
nodo 319 color 34
nodo 307 color 35
nodo 155 color 36
nodo 34 color 3
nodo 699 color 21
nodo 953 color 37
nodo 132 color 3
nodo 594 color 33
nodo 713 color 25
nodo 434 color 34
nodo 810 color 13
nodo 933 color 32
nodo 188 color 3
nodo 233 color 38
nodo 654 color 35
nodo 427 color 2
nodo 684 color 4
nodo 664 color 36
nodo 815 color 28
nodo 854 color 16
nodo 797 color 30
nodo 201 color 39
nodo 698 color 4
nodo 66 color 3
nodo 897 color 8
nodo 74 color 3
nodo 263 color 40
nodo 340 color 37
nodo 663 color 1
nodo 204 color 3
nodo 32 color 3
nodo 209 color 41
nodo 571 color 1
nodo 297 color 42
nodo 42 color 3
nodo 170 color 3
nodo 365 color 2
nodo 224 color 12
nodo 725 color 26
nodo 632 color 38
nodo 777 color 32
nodo 322 color 6
nodo 781 color 33
nodo 724 color 4
nodo 417 color 2
nodo 526 color 39
nodo 30 color 3
nodo 113 color 43
nodo 532 color 40
nodo 999 color 44
nodo 415 color 2
nodo 254 color 12
nodo 617 color 1
nodo 808 color 13
nodo 126 color 3
nodo 455 color 2
nodo 85 color 45
nodo 97 color 46
nodo 114 color 3
nodo 672 color 4
nodo 828 color 36
nodo 923 color 44
nodo 121 color 47
nodo 809 color 37
nodo 662 color 41
nodo 948 color 1
nodo 977 color 32
nodo 685 color 22
nodo 163 color 48
nodo 746 color 4
nodo 592 color 42
nodo 372 color 49
nodo 609 color 1
nodo 683 color 27
nodo 659 color 1
nodo 192 color 3
nodo 559 color 1
nodo 19 color 50
nodo 943 color 49
nodo 692 color 4
nodo 399 color 2
nodo 105 color 51
nodo 483 color 2
nodo 444 color 47
nodo 772 color 4
nodo 569 color 1
nodo 179 color 52
nodo 618 color 43
nodo 70 color 3
nodo 845 color 43
nodo 202 color 3
nodo 742 color 4
nodo 583 color 1
nodo 453 color 2
nodo 963 color 44
nodo 611 color 1
nodo 284 color 29
nodo 134 color 3
nodo 225 color 53
nodo 50 color 3
nodo 298 color 6
nodo 498 color 15
nodo 989 color 37
nodo 969 color 50
nodo 44 color 3
nodo 822 color 13
nodo 256 color 12
nodo 615 color 1
nodo 898 color 19
nodo 108 color 3
nodo 111 color 54
nodo 886 color 8
nodo 515 color 1
nodo 892 color 8
nodo 36 color 3
nodo 807 color 44
nodo 221 color 55
nodo 86 color 3
nodo 196 color 3
nodo 841 color 45
nodo 740 color 4
nodo 47 color 56
nodo 45 color 57
nodo 673 color 31
nodo 451 color 2
nodo 418 color 52
nodo 325 color 58
nodo 324 color 6
nodo 271 color 59
nodo 495 color 1
nodo 104 color 3
nodo 396 color 53
nodo 776 color 4
nodo 902 color 19
nodo 657 color 1
nodo 940 color 1
nodo 464 color 45
nodo 424 color 48
nodo 62 color 3
nodo 497 color 1
nodo 631 color 1
nodo 572 color 46
nodo 117 color 60
nodo 896 color 8
nodo 509 color 1
nodo 345 color 12
nodo 471 color 2
nodo 208 color 3
nodo 972 color 32
nodo 441 color 2
nodo 421 color 2
nodo 342 color 58
nodo 292 color 6
nodo 356 color 61
nodo 599 color 1
nodo 140 color 3
nodo 862 color 16
nodo 223 color 62
nodo 25 color 63
nodo 863 color 46
nodo 704 color 4
nodo 304 color 6
nodo 696 color 4
nodo 482 color 19
nodo 702 color 4
nodo 432 color 55
nodo 343 color 12
nodo 115 color 64
nodo 621 color 1
nodo 575 color 1
nodo 637 color 1
nodo 296 color 6
nodo 168 color 3
nodo 344 color 65
nodo 311 color 61
nodo 918 color 19
nodo 49 color 66
nodo 749 color 38
nodo 596 color 51
nodo 266 color 20
nodo 129 color 67
nodo 920 color 19
nodo 638 color 54
nodo 708 color 4
nodo 718 color 4
nodo 573 color 1
nodo 612 color 56
nodo 600 color 57
nodo 89 color 68
nodo 603 color 1
nodo 378 color 59
nodo 722 color 4
nodo 991 color 44
nodo 850 color 46
nodo 647 color 1
nodo 300 color 6
nodo 91 color 69
nodo 494 color 60
nodo 186 color 3
nodo 627 color 1
nodo 884 color 8
nodo 96 color 3
nodo 819 color 47
nodo 895 color 50
nodo 523 color 1
nodo 901 color 63
nodo 635 color 1
nodo 446 color 62
nodo 107 color 70
nodo 288 color 29
nodo 578 color 64
nodo 759 color 39
nodo 264 color 20
nodo 693 color 35
nodo 147 color 71
nodo 88 color 3
nodo 169 color 72
nodo 717 color 40
nodo 449 color 2
nodo 58 color 3
nodo 472 color 67
nodo 410 color 73
nodo 283 color 73
nodo 237 color 74
nodo 401 color 2
nodo 335 color 65
nodo 349 color 12
nodo 228 color 12
nodo 320 color 6
nodo 435 color 2
nodo 786 color 11
nodo 511 color 1
nodo 734 color 4
nodo 352 color 75
nodo 731 color 41
nodo 874 color 19
nodo 82 color 3
nodo 982 color 37
nodo 3 color 76
nodo 210 color 3
nodo 780 color 4
nodo 719 color 48
nodo 14 color 3
nodo 766 color 4
nodo 12 color 3
nodo 257 color 77
nodo 83 color 78
nodo 622 color 66
nodo 619 color 1
nodo 817 color 49
nodo 629 color 1
nodo 377 color 2
nodo 176 color 3
nodo 167 color 79
nodo 374 color 77
nodo 220 color 12
nodo 602 color 68
nodo 640 color 69
nodo 106 color 3
nodo 652 color 70
nodo 855 color 51
nodo 193 color 80
nodo 712 color 4
nodo 259 color 81
nodo 882 color 19
nodo 489 color 1
nodo 63 color 82
nodo 873 color 60
nodo 67 color 83
nodo 136 color 3
nodo 146 color 3
nodo 212 color 3
nodo 16 color 3
nodo 380 color 81
nodo 166 color 3
nodo 422 color 72
nodo 484 color 71
nodo 95 color 84
nodo 379 color 2
nodo 560 color 74
nodo 798 color 13
nodo 5 color 85
nodo 299 color 75
nodo 566 color 76
nodo 590 color 78
nodo 745 color 50
nodo 736 color 4
nodo 669 color 34
nodo 281 color 86
nodo 842 color 43
nodo 279 color 87
nodo 856 color 16
nodo 7 color 88
nodo 688 color 4
nodo 153 color 89
nodo 796 color 13
nodo 924 color 1
nodo 512 color 63
nodo 172 color 3
nodo 768 color 4
nodo 414 color 80
nodo 150 color 3
nodo 598 color 79
nodo 137 color 90
nodo 373 color 2
nodo 837 color 54
nodo 723 color 52
nodo 849 color 56
nodo 990 color 85
nodo 503 color 1
nodo 925 color 82
nodo 492 color 83
nodo 255 color 91
nodo 215 color 92
nodo 878 color 19
nodo 69 color 93
nodo 112 color 3
nodo 877 color 64
nodo 676 color 4
nodo 478 color 82
nodo 547 color 1
nodo 246 color 12
nodo 130 color 3
nodo 695 color 42
nodo 839 color 57
nodo 998 color 6
nodo 305 color 94
nodo 127 color 95
nodo 395 color 2
nodo 419 color 2
nodo 919 color 83
nodo 51 color 96
nodo 644 color 84
nodo 339 color 12
nodo 879 color 76
nodo 540 color 86
nodo 967 color 85
nodo 591 color 1
nodo 649 color 1
nodo 236 color 12
nodo 39 color 97
nodo 577 color 1
nodo 653 color 1
nodo 739 color 53
nodo 997 color 98
nodo 181 color 99
nodo 519 color 1
nodo 954 color 22
nodo 831 color 36
nodo 28 color 3
nodo 694 color 4
nodo 242 color 12
nodo 413 color 2
nodo 354 color 94
nodo 65 color 100
nodo 565 color 1
nodo 269 color 101
nodo 389 color 2
nodo 457 color 2
nodo 278 color 29
nodo 593 color 1
nodo 994 color 85
nodo 973 color 49
nodo 465 color 2
nodo 794 color 13
nodo 823 color 66
nodo 24 color 3
nodo 469 color 2
nodo 149 color 102
nodo 770 color 4
nodo 369 color 2
nodo 789 color 63
nodo 733 color 55
nodo 697 color 46
nodo 302 color 6
nodo 195 color 103
nodo 189 color 104
nodo 456 color 87
nodo 894 color 8
nodo 832 color 43
nodo 152 color 3
nodo 588 color 88
nodo 576 color 89
nodo 762 color 4
nodo 962 color 50
nodo 667 color 45
nodo 829 color 67
nodo 758 color 4
nodo 608 color 90
nodo 658 color 91
nodo 641 color 1
nodo 889 color 85
nodo 771 color 62
nodo 755 color 68
nodo 142 color 3
nodo 568 color 92
nodo 870 color 60
nodo 145 color 105
nodo 689 color 51
nodo 952 color 22
nodo 861 color 78
nodo 941 color 96
nodo 425 color 2
nodo 198 color 3
nodo 100 color 3
nodo 625 color 1
nodo 655 color 1
nodo 606 color 93
nodo 691 color 56
nodo 119 color 106
nodo 981 color 98
nodo 397 color 2
nodo 790 color 13
nodo 980 color 37
nodo 301 color 107
nodo 293 color 108
nodo 222 color 12
nodo 502 color 95
nodo 442 color 99
nodo 197 color 109
nodo 159 color 110
nodo 945 color 97
nodo 510 color 100
nodo 206 color 3
nodo 907 color 98
nodo 830 color 36
nodo 393 color 2
nodo 732 color 4
nodo 911 color 100
nodo 687 color 59
nodo 567 color 1
nodo 530 color 101
nodo 353 color 12
nodo 932 color 1
nodo 875 color 96
nodo 313 color 111
nodo 459 color 2
nodo 715 color 60
nodo 922 color 82
nodo 116 color 3
nodo 285 color 112
nodo 392 color 107
nodo 812 color 13
nodo 661 color 1
nodo 674 color 4
nodo 680 color 4
nodo 826 color 13
nodo 508 color 102
nodo 267 color 113
nodo 439 color 2
nodo 838 color 43
nodo 931 color 114
nodo 556 color 103
nodo 20 color 3
nodo 607 color 1
nodo 703 color 64
nodo 737 color 69
nodo 309 color 115
nodo 289 color 116
nodo 286 color 29
nodo 454 color 104
nodo 72 color 3
nodo 955 color 98
nodo 416 color 108
nodo 976 color 32
nodo 836 color 43
nodo 90 color 3
nodo 730 color 4
nodo 306 color 6
nodo 552 color 105
nodo 177 color 117
nodo 273 color 118
nodo 960 color 50
nodo 872 color 19
nodo 633 color 1
nodo 868 color 16
nodo 761 color 70
nodo 531 color 1
nodo 935 color 119
nodo 876 color 19
nodo 101 color 120
nodo 753 color 71
nodo 280 color 29
nodo 580 color 106
nodo 402 color 111
nodo 738 color 4
nodo 645 color 1
nodo 701 color 72
nodo 816 color 13
nodo 467 color 2
nodo 350 color 114
nodo 390 color 112
nodo 57 color 119
nodo 71 color 121
nodo 978 color 37
nodo 294 color 6
nodo 437 color 2
nodo 974 color 32
nodo 261 color 122
nodo 778 color 4
nodo 985 color 114
nodo 671 color 54
nodo 793 color 79
nodo 563 color 1
nodo 423 color 2
nodo 929 color 121
nodo 910 color 19
nodo 936 color 1
nodo 187 color 123
nodo 666 color 109
nodo 516 color 110
nodo 851 color 88
nodo 795 color 80
nodo 262 color 12
nodo 711 color 73
nodo 858 color 16
nodo 216 color 12
nodo 551 color 1
nodo 468 color 113
nodo 110 color 3
nodo 791 color 82
nodo 536 color 115
nodo 908 color 19
nodo 1 color 44
nodo 728 color 4
nodo 760 color 4
nodo 315 color 124
nodo 338 color 98
nodo 128 color 3
nodo 59 color 125
nodo 282 color 29
nodo 141 color 126
nodo 926 color 1
nodo 507 color 1
nodo 360 color 116
nodo 240 color 12
nodo 337 color 12
nodo 840 color 43
nodo 916 color 15
nodo 35 color 127
nodo 995 color 85
nodo 906 color 19
nodo 904 color 19
nodo 334 color 128
nodo 735 color 74
nodo 804 color 13
nodo 756 color 4
nodo 443 color 2
nodo 775 color 83
nodo 792 color 13
nodo 258 color 12
nodo 857 color 90
nodo 522 color 117
nodo 185 color 129
nodo 866 color 16
nodo 46 color 3
nodo 846 color 51
nodo 351 color 12
nodo 347 color 12
nodo 151 color 130
nodo 912 color 15
nodo 835 color 84
nodo 885 color 97
nodo 752 color 4
nodo 463 color 2
nodo 239 color 131
nodo 534 color 118
nodo 834 color 43
nodo 811 color 89
nodo 362 color 124
nodo 73 color 132
nodo 986 color 37
nodo 844 color 43
nodo 944 color 1
nodo 491 color 1
nodo 490 color 120
nodo 368 color 133
nodo 888 color 8
nodo 581 color 1
nodo 656 color 122
nodo 366 color 134
nodo 470 color 121
nodo 466 color 123
nodo 865 color 95
nodo 333 color 65
nodo 824 color 13
nodo 18 color 3
nodo 6 color 3
nodo 308 color 6
nodo 595 color 1
nodo 84 color 3
nodo 646 color 125
nodo 899 color 120
nodo 626 color 126
nodo 452 color 129
nodo 371 color 2
nodo 628 color 127
nodo 956 color 22
nodo 720 color 4
nodo 363 color 2
nodo 678 color 4
nodo 650 color 130
nodo 232 color 12
nodo 460 color 131
nodo 893 color 128
nodo 143 color 135
nodo 398 color 136
nodo 769 color 85
nodo 122 color 3
nodo 158 color 3
nodo 788 color 13
nodo 992 color 85
nodo 180 color 3
nodo 979 color 128
nodo 557 color 1
nodo 517 color 1
nodo 303 color 133
nodo 295 color 134
nodo 493 color 1
nodo 859 color 93
nodo 927 color 132
nodo 670 color 4
nodo 139 color 137
nodo 779 color 92
nodo 230 color 12
nodo 890 color 8
nodo 514 color 135
nodo 887 color 136
nodo 716 color 4
nodo 375 color 2
nodo 864 color 16
nodo 37 color 138
nodo 245 color 139
nodo 31 color 140
nodo 291 color 141
nodo 13 color 142
nodo 993 color 128
nodo 48 color 3
nodo 138 color 3
nodo 406 color 139
nodo 77 color 143
nodo 450 color 137
nodo 987 color 142
nodo 75 color 144
nodo 562 color 138
nodo 537 color 1
nodo 477 color 2
nodo 623 color 1
nodo 881 color 138
nodo 407 color 2
nodo 648 color 140
nodo 964 color 50
nodo 133 color 145
nodo 171 color 146
nodo 601 color 1
nodo 965 color 136
nodo 726 color 4
nodo 227 color 147
nodo 763 color 97
nodo 958 color 50
nodo 801 color 98
nodo 915 color 142
nodo 545 color 1
nodo 54 color 3
nodo 513 color 1
nodo 883 color 143
nodo 813 color 99
nodo 937 color 148
nodo 818 color 13
nodo 675 color 57
nodo 376 color 141
nodo 64 color 3
nodo 8 color 3
nodo 430 color 146
nodo 605 color 1
nodo 564 color 143
nodo 200 color 3
nodo 909 color 144
nodo 913 color 149
nodo 94 color 3
nodo 9 color 148
nodo 636 color 145
nodo 55 color 149
nodo 951 color 128
nodo 743 color 76
nodo 125 color 150
nodo 668 color 4
nodo 518 color 147
nodo 217 color 151
nodo 272 color 20
nodo 947 color 152
nodo 579 color 1
nodo 412 color 151
nodo 928 color 1
nodo 357 color 12
nodo 290 color 29
nodo 938 color 1
nodo 109 color 153
nodo 903 color 154
nodo 843 color 102
nodo 238 color 12
nodo 218 color 12
nodo 525 color 1
nodo 103 color 155
nodo 23 color 152
nodo 520 color 150
nodo 161 color 156
nodo 203 color 157
nodo 529 color 1
nodo 616 color 153
nodo 774 color 4
nodo 589 color 1
nodo 135 color 158
nodo 570 color 155
nodo 61 color 154
nodo 420 color 157
nodo 174 color 3
nodo 905 color 159
nodo 546 color 156
nodo 613 color 1
nodo 327 color 160
nodo 942 color 1
nodo 403 color 2
nodo 321 color 161
nodo 707 color 77
nodo 326 color 6
nodo 38 color 3
nodo 620 color 158
nodo 754 color 4
nodo 527 color 1
nodo 833 color 105
nodo 27 color 159
nodo 429 color 2
nodo 860 color 16
nodo 686 color 4
nodo 190 color 3
nodo 729 color 81
nodo 226 color 12
nodo 767 color 100
nodo 144 color 3
nodo 914 color 15
nodo 213 color 162
nodo 966 color 50
nodo 428 color 160
nodo 346 color 161
nodo 433 color 2
nodo 229 color 163
nodo 744 color 4
nodo 408 color 162
nodo 426 color 163
nodo 555 color 1
nodo 533 color 1
nodo 624 color 164
nodo 184 color 3
nodo 40 color 3
nodo 852 color 46
nodo 751 color 103
nodo 367 color 2
nodo 968 color 32
nodo 11 color 164
nodo 405 color 2
nodo 939 color 165
nodo 183 color 166
nodo 178 color 3
nodo 323 color 167
nodo 959 color 142
nodo 400 color 165
nodo 265 color 168
nodo 214 color 3
nodo 99 color 169
nodo 359 color 2
nodo 474 color 132
nodo 642 color 166
nodo 448 color 167
nodo 553 color 1
nodo 1000 color 128
nodo 800 color 13
nodo 496 color 144
nodo 277 color 170
nodo 677 color 61
nodo 231 color 171
nodo 157 color 172
nodo 988 color 37
nodo 487 color 1
nodo 950 color 22
nodo 802 color 13
nodo 314 color 6
nodo 561 color 1
nodo 81 color 173
nodo 476 color 149
nodo 480 color 154
nodo 971 color 148
nodo 404 color 168
nodo 26 color 3
nodo 205 color 174
nodo 847 color 106
nodo 900 color 19
nodo 385 color 2
nodo 438 color 170
nodo 550 color 169
nodo 782 color 4
nodo 748 color 4
nodo 930 color 1
nodo 660 color 171
nodo 975 color 152
nodo 156 color 3
nodo 984 color 37
nodo 651 color 1
nodo 506 color 159
nodo 604 color 172
nodo 891 color 152
nodo 665 color 1
nodo 848 color 51
nodo 21 color 175
nodo 820 color 13
nodo 586 color 173
nodo 270 color 20
nodo 328 color 6
nodo 488 color 174
nodo 332 color 128
nodo 250 color 12
nodo 721 color 87
nodo 199 color 176
nodo 252 color 12
nodo 946 color 1
nodo 458 color 176
nodo 384 color 177
nodo 773 color 104
nodo 505 color 1
nodo 803 color 109
nodo 388 color 178
nodo 538 color 175
