1000 178 249500 49.949949949949946 499 499
nodo 957 color 1
nodo 78 color 1
nodo 569 color 2
nodo 151 color 2
nodo 748 color 3
nodo 205 color 3
nodo 871 color 4
nodo 36 color 5
nodo 782 color 3
nodo 399 color 5
nodo 434 color 3
nodo 242 color 1
nodo 106 color 1
nodo 822 color 4
nodo 368 color 1
nodo 259 color 5
nodo 667 color 6
nodo 828 color 4
nodo 263 color 6
nodo 283 color 7
nodo 74 color 1
nodo 122 color 1
nodo 13 color 4
nodo 380 color 6
nodo 29 color 8
nodo 517 color 2
nodo 811 color 8
nodo 252 color 1
nodo 2 color 5
nodo 174 color 1
nodo 199 color 9
nodo 783 color 3
nodo 137 color 10
nodo 537 color 2
nodo 685 color 7
nodo 795 color 9
nodo 305 color 11
nodo 324 color 12
nodo 445 color 2
nodo 210 color 1
nodo 821 color 10
nodo 925 color 8
nodo 253 color 13
nodo 350 color 11
nodo 4 color 5
nodo 815 color 12
nodo 51 color 14
nodo 773 color 14
nodo 861 color 15
nodo 560 color 4
nodo 25 color 15
nodo 989 color 12
nodo 739 color 13
nodo 944 color 1
nodo 684 color 3
nodo 386 color 7
nodo 422 color 5
nodo 282 color 11
nodo 338 color 12
nodo 306 color 12
nodo 543 color 2
nodo 582 color 2
nodo 490 color 9
nodo 622 color 10
nodo 731 color 16
nodo 856 color 4
nodo 287 color 17
nodo 447 color 2
nodo 169 color 16
nodo 687 color 15
nodo 456 color 13
nodo 90 color 1
nodo 755 color 18
nodo 424 color 16
nodo 214 color 1
nodo 714 color 3
nodo 245 color 18
nodo 483 color 2
nodo 347 color 19
nodo 566 color 14
nodo 779 color 20
nodo 455 color 2
nodo 67 color 20
nodo 142 color 1
nodo 848 color 4
nodo 590 color 15
nodo 329 color 19
nodo 943 color 12
nodo 528 color 17
nodo 104 color 1
nodo 249 color 21
nodo 119 color 22
nodo 642 color 18
nodo 845 color 22
nodo 627 color 19
nodo 402 color 21
nodo 134 color 1
nodo 607 color 19
nodo 193 color 23
nodo 498 color 20
nodo 120 color 1
nodo 645 color 19
nodo 454 color 22
nodo 254 color 1
nodo 97 color 24
nodo 72 color 1
nodo 579 color 2
nodo 175 color 25
nodo 181 color 26
nodo 159 color 27
nodo 284 color 11
nodo 68 color 1
nodo 823 color 24
nodo 189 color 28
nodo 838 color 4
nodo 885 color 29
nodo 310 color 12
nodo 546 color 23
nodo 218 color 1
nodo 469 color 2
nodo 195 color 30
nodo 435 color 2
nodo 720 color 3
nodo 637 color 19
nodo 652 color 19
nodo 105 color 29
nodo 239 color 31
nodo 616 color 24
nodo 179 color 32
nodo 101 color 33
nodo 738 color 3
nodo 661 color 25
nodo 93 color 34
nodo 354 color 35
nodo 880 color 29
nodo 478 color 26
nodo 794 color 4
nodo 390 color 31
nodo 358 color 36
nodo 387 color 5
nodo 70 color 1
nodo 187 color 37
nodo 111 color 38
nodo 591 color 19
nodo 999 color 39
nodo 414 color 28
nodo 780 color 3
nodo 250 color 1
nodo 243 color 40
nodo 251 color 41
nodo 514 color 27
nodo 233 color 42
nodo 691 color 17
nodo 955 color 35
nodo 453 color 2
nodo 201 color 43
nodo 849 color 33
nodo 570 color 30
nodo 319 color 36
nodo 563 color 2
nodo 52 color 5
nodo 564 color 32
nodo 523 color 2
nodo 485 color 2
nodo 507 color 2
nodo 919 color 39
nodo 804 color 4
nodo 236 color 1
nodo 112 color 1
nodo 273 color 44
nodo 857 color 34
nodo 938 color 1
nodo 37 color 45
nodo 961 color 39
nodo 722 color 3
nodo 816 color 4
nodo 497 color 2
nodo 840 color 4
nodo 42 color 5
nodo 719 color 21
nodo 850 color 4
nodo 512 color 29
nodo 419 color 5
nodo 450 color 37
nodo 715 color 23
nodo 65 color 46
nodo 874 color 29
nodo 398 color 40
nodo 926 color 35
nodo 734 color 3
nodo 164 color 1
nodo 376 color 41
nodo 327 color 47
nodo 203 color 48
nodo 343 color 19
nodo 326 color 12
nodo 209 color 49
nodo 356 color 47
nodo 226 color 1
nodo 801 color 26
nodo 280 color 11
nodo 290 color 11
nodo 311 color 50
nodo 638 color 38
nodo 418 color 42
nodo 39 color 51
nodo 360 color 50
nodo 803 color 27
nodo 705 color 28
nodo 741 color 29
nodo 270 color 11
nodo 649 color 19
nodo 629 color 19
nodo 261 color 52
nodo 339 color 19
nodo 293 color 53
nodo 56 color 5
nodo 98 color 1
nodo 91 color 54
nodo 308 color 12
nodo 624 color 33
nodo 940 color 1
nodo 408 color 43
nodo 394 color 44
nodo 505 color 2
nodo 567 color 2
nodo 920 color 8
nodo 796 color 4
nodo 633 color 19
nodo 275 color 55
nodo 121 color 56
nodo 981 color 57
nodo 62 color 5
nodo 367 color 19
nodo 843 color 35
nodo 586 color 34
nodo 707 color 30
nodo 401 color 5
nodo 409 color 5
nodo 833 color 38
nodo 374 color 52
nodo 21 color 58
nodo 416 color 48
nodo 436 color 49
nodo 502 color 45
nodo 762 color 3
nodo 313 color 59
nodo 384 color 53
nodo 770 color 3
nodo 325 color 60
nodo 901 color 20
nodo 294 color 11
nodo 274 color 11
nodo 108 color 1
nodo 935 color 46
nodo 163 color 61
nodo 934 color 1
nodo 551 color 2
nodo 820 color 4
nodo 797 color 32
nodo 430 color 55
nodo 936 color 1
nodo 129 color 62
nodo 328 color 39
nodo 996 color 12
nodo 562 color 51
nodo 547 color 2
nodo 63 color 63
nodo 22 color 5
nodo 778 color 3
nodo 979 color 58
nodo 701 color 31
nodo 100 color 1
nodo 751 color 37
nodo 929 color 57
nodo 397 color 5
nodo 548 color 54
nodo 648 color 56
nodo 15 color 57
nodo 680 color 3
nodo 708 color 3
nodo 958 color 58
nodo 50 color 5
nodo 237 color 64
nodo 114 color 1
nodo 552 color 59
nodo 993 color 39
nodo 124 color 1
nodo 464 color 60
nodo 700 color 3
nodo 909 color 45
nodo 581 color 2
nodo 345 color 19
nodo 166 color 1
nodo 827 color 39
nodo 23 color 65
nodo 529 color 2
nodo 405 color 5
nodo 870 color 4
nodo 348 color 66
nodo 894 color 20
nodo 410 color 64
nodo 332 color 39
nodo 429 color 2
nodo 86 color 1
nodo 154 color 1
nodo 812 color 4
nodo 267 color 67
nodo 170 color 1
nodo 20 color 5
nodo 330 color 39
nodo 38 color 5
nodo 788 color 4
nodo 462 color 61
nodo 513 color 2
nodo 82 color 1
nodo 653 color 25
nodo 968 color 57
nodo 165 color 68
nodo 281 color 69
nodo 825 color 46
nodo 439 color 2
nodo 276 color 11
nodo 830 color 4
nodo 524 color 62
nodo 299 color 70
nodo 352 color 70
nodo 465 color 2
nodo 575 color 2
nodo 371 color 19
nodo 279 color 71
nodo 336 color 72
nodo 908 color 8
nodo 32 color 5
nodo 190 color 1
nodo 787 color 43
nodo 877 color 51
nodo 772 color 3
nodo 561 color 2
nodo 733 color 40
nodo 496 color 63
nodo 6 color 5
nodo 647 color 19
nodo 699 color 34
nodo 826 color 4
nodo 658 color 65
nodo 583 color 19
nodo 574 color 67
nodo 962 color 58
nodo 80 color 1
nodo 144 color 1
nodo 977 color 66
nodo 241 color 73
nodo 533 color 2
nodo 905 color 58
nodo 771 color 45
nodo 893 color 63
nodo 423 color 19
nodo 431 color 2
nodo 819 color 54
nodo 75 color 74
nodo 702 color 3
nodo 224 color 1
nodo 906 color 45
nodo 639 color 19
nodo 807 color 56
nodo 370 color 69
nodo 452 color 68
nodo 404 color 71
nodo 192 color 1
nodo 73 color 75
nodo 297 color 76
nodo 381 color 5
nodo 213 color 77
nodo 986 color 72
nodo 369 color 19
nodo 102 color 1
nodo 869 color 62
nodo 679 color 22
nodo 185 color 78
nodo 426 color 73
nodo 472 color 74
nodo 842 color 4
nodo 717 color 41
nodo 400 color 76
nodo 125 color 79
nodo 587 color 19
nodo 95 color 80
nodo 204 color 1
nodo 128 color 1
nodo 196 color 1
nodo 357 color 19
nodo 747 color 42
nodo 752 color 3
nodo 534 color 75
nodo 559 color 2
nodo 17 color 81
nodo 247 color 82
nodo 79 color 83
nodo 754 color 3
nodo 602 color 77
nodo 182 color 1
nodo 228 color 1
nodo 437 color 2
nodo 878 color 29
nodo 890 color 45
nodo 511 color 2
nodo 975 color 12
nodo 873 color 66
nodo 28 color 5
nodo 264 color 1
nodo 813 color 57
nodo 149 color 84
nodo 604 color 78
nodo 486 color 79
nodo 223 color 85
nodo 83 color 86
nodo 3 color 87
nodo 277 color 88
nodo 113 color 89
nodo 393 color 5
nodo 565 color 2
nodo 341 color 19
nodo 123 color 90
nodo 706 color 3
nodo 382 color 82
nodo 411 color 5
nodo 753 color 48
nodo 499 color 2
nodo 417 color 5
nodo 351 color 19
nodo 232 color 1
nodo 872 color 29
nodo 516 color 80
nodo 713 color 44
nodo 530 color 81
nodo 540 color 83
nodo 77 color 91
nodo 230 color 1
nodo 504 color 84
nodo 46 color 5
nodo 907 color 72
nodo 304 color 12
nodo 474 color 85
nodo 5 color 92
nodo 407 color 5
nodo 349 color 11
nodo 59 color 93
nodo 676 color 3
nodo 924 color 8
nodo 841 color 74
nodo 985 color 87
nodo 415 color 5
nodo 729 color 49
nodo 152 color 1
nodo 337 color 19
nodo 385 color 5
nodo 207 color 94
nodo 355 color 19
nodo 321 color 95
nodo 475 color 2
nodo 951 color 66
nodo 296 color 11
nodo 532 color 86
nodo 366 color 88
nodo 30 color 5
nodo 953 color 87
nodo 171 color 96
nodo 558 color 89
nodo 766 color 3
nodo 711 color 51
nodo 791 color 58
nodo 342 color 95
nodo 881 color 75
nodo 626 color 90
nodo 361 color 19
nodo 965 color 72
nodo 194 color 1
nodo 443 color 2
nodo 89 color 97
nodo 413 color 5
nodo 810 color 4
nodo 470 color 91
nodo 625 color 19
nodo 802 color 4
nodo 440 color 94
nodo 44 color 5
nodo 444 color 96
nodo 211 color 98
nodo 43 color 99
nodo 663 color 25
nodo 675 color 33
nodo 931 color 92
nodo 458 color 97
nodo 449 color 2
nodo 88 color 1
nodo 425 color 19
nodo 188 color 1
nodo 556 color 93
nodo 202 color 1
nodo 64 color 5
nodo 515 color 2
nodo 476 color 98
nodo 215 color 100
nodo 503 color 2
nodo 147 color 101
nodo 900 color 20
nodo 24 color 5
nodo 609 color 19
nodo 489 color 2
nodo 441 color 2
nodo 99 color 102
nodo 438 color 100
nodo 375 color 5
nodo 222 color 1
nodo 373 color 5
nodo 238 color 1
nodo 973 color 92
nodo 883 color 80
nodo 186 color 1
nodo 150 color 1
nodo 916 color 8
nodo 521 color 2
nodo 588 color 99
nodo 659 color 25
nodo 34 color 5
nodo 829 color 61
nodo 26 color 5
nodo 41 color 103
nodo 334 color 39
nodo 688 color 3
nodo 161 color 104
nodo 757 color 63
nodo 743 color 64
nodo 377 color 5
nodo 457 color 2
nodo 867 color 79
nodo 335 color 105
nodo 244 color 1
nodo 33 color 106
nodo 917 color 91
nodo 66 color 5
nodo 693 color 52
nodo 509 color 2
nodo 942 color 1
nodo 862 color 4
nodo 721 color 55
nodo 303 color 107
nodo 156 color 1
nodo 891 color 81
nodo 902 color 45
nodo 945 color 103
nodo 412 color 105
nodo 572 color 101
nodo 14 color 5
nodo 636 color 102
nodo 508 color 104
nodo 984 color 72
nodo 554 color 106
nodo 683 color 35
nodo 126 color 1
nodo 55 color 108
nodo 110 color 1
nodo 442 color 107
nodo 479 color 2
nodo 597 color 19
nodo 432 color 109
nodo 620 color 108
nodo 646 color 110
nodo 484 color 111
nodo 678 color 3
nodo 278 color 11
nodo 859 color 83
nodo 660 color 112
nodo 930 color 35
nodo 115 color 110
nodo 689 color 50
nodo 964 color 58
nodo 141 color 109
nodo 793 color 65
nodo 672 color 3
nodo 914 color 8
nodo 365 color 19
nodo 379 color 5
nodo 686 color 3
nodo 712 color 3
nodo 980 color 57
nodo 309 color 111
nodo 910 color 8
nodo 12 color 5
nodo 135 color 112
nodo 799 color 68
nodo 383 color 5
nodo 956 color 1
nodo 601 color 19
nodo 510 color 113
nodo 990 color 66
nodo 359 color 19
nodo 690 color 3
nodo 481 color 2
nodo 271 color 113
nodo 139 color 114
nodo 539 color 2
nodo 668 color 3
nodo 697 color 53
nodo 613 color 19
nodo 608 color 114
nodo 320 color 12
nodo 759 color 72
nodo 882 color 29
nodo 216 color 1
nodo 61 color 115
nodo 364 color 116
nodo 619 color 19
nodo 941 color 116
nodo 518 color 115
nodo 69 color 117
nodo 800 color 4
nodo 403 color 5
nodo 991 color 66
nodo 876 color 29
nodo 221 color 118
nodo 388 color 119
nodo 732 color 3
nodo 8 color 5
nodo 145 color 120
nodo 500 color 117
nodo 178 color 1
nodo 451 color 2
nodo 775 color 77
nodo 1000 color 121
nodo 421 color 5
nodo 584 color 118
nodo 824 color 4
nodo 949 color 119
nodo 892 color 20
nodo 427 color 2
nodo 756 color 3
nodo 765 color 78
nodo 947 color 121
nodo 314 color 12
nodo 231 color 122
nodo 879 color 86
nodo 372 color 123
nodo 698 color 3
nodo 286 color 11
nodo 950 color 1
nodo 933 color 123
nodo 84 color 1
nodo 959 color 124
nodo 227 color 125
nodo 289 color 126
nodo 132 color 1
nodo 60 color 5
nodo 632 color 120
nodo 865 color 87
nodo 983 color 39
nodo 461 color 2
nodo 786 color 4
nodo 71 color 127
nodo 248 color 1
nodo 744 color 3
nodo 333 color 105
nodo 395 color 5
nodo 903 color 97
nodo 669 color 36
nodo 318 color 12
nodo 272 color 11
nodo 206 color 1
nodo 180 color 1
nodo 140 color 1
nodo 746 color 3
nodo 54 color 5
nodo 777 color 81
nodo 630 color 122
nodo 577 color 2
nodo 493 color 2
nodo 467 color 2
nodo 466 color 125
nodo 285 color 128
nodo 963 color 129
nodo 420 color 126
nodo 946 color 1
nodo 535 color 2
nodo 651 color 19
nodo 473 color 2
nodo 808 color 4
nodo 740 color 3
nodo 573 color 2
nodo 127 color 130
nodo 726 color 3
nodo 235 color 131
nodo 673 color 47
nodo 836 color 4
nodo 987 color 72
nodo 158 color 1
nodo 615 color 19
nodo 501 color 2
nodo 87 color 132
nodo 611 color 19
nodo 520 color 127
nodo 389 color 5
nodo 471 color 2
nodo 912 color 8
nodo 854 color 4
nodo 994 color 87
nodo 809 color 84
nodo 640 color 128
nodo 133 color 133
nodo 769 color 85
nodo 35 color 124
nodo 322 color 12
nodo 704 color 3
nodo 27 color 129
nodo 846 color 4
nodo 107 color 134
nodo 396 color 131
nodo 889 color 106
nodo 571 color 2
nodo 654 color 130
nodo 694 color 3
nodo 136 color 1
nodo 117 color 135
nodo 790 color 4
nodo 641 color 19
nodo 923 color 74
nodo 868 color 4
nodo 596 color 132
nodo 229 color 136
nodo 911 color 117
nodo 527 color 2
nodo 353 color 19
nodo 94 color 1
nodo 576 color 133
nodo 525 color 2
nodo 703 color 62
nodo 592 color 134
nodo 234 color 1
nodo 40 color 5
nodo 549 color 2
nodo 197 color 137
nodo 492 color 135
nodo 177 color 138
nodo 488 color 136
nodo 536 color 137
nodo 316 color 12
nodo 312 color 12
nodo 542 color 138
nodo 863 color 89
nodo 886 color 63
nodo 317 color 139
nodo 428 color 139
nodo 662 color 140
nodo 260 color 1
nodo 814 color 4
nodo 392 color 141
nodo 148 color 1
nodo 176 color 1
nodo 618 color 142
nodo 805 color 90
nodo 643 color 19
nodo 666 color 25
nodo 526 color 143
nodo 11 color 140
nodo 792 color 4
nodo 31 color 142
nodo 363 color 19
nodo 864 color 4
nodo 212 color 1
nodo 966 color 57
nodo 921 color 129
nodo 257 color 141
nodo 155 color 143
nodo 831 color 91
nodo 789 color 92
nodo 208 color 1
nodo 897 color 115
nodo 884 color 29
nodo 628 color 144
nodo 315 color 144
nodo 585 color 19
nodo 146 color 1
nodo 49 color 145
nodo 644 color 145
nodo 580 color 146
nodo 168 color 1
nodo 835 color 93
nodo 674 color 3
nodo 839 color 99
nodo 448 color 147
nodo 735 color 66
nodo 599 color 19
nodo 340 color 148
nodo 118 color 1
nodo 172 color 1
nodo 162 color 1
nodo 298 color 11
nodo 974 color 57
nodo 970 color 57
nodo 817 color 96
nodo 610 color 149
nodo 522 color 150
nodo 291 color 146
nodo 482 color 151
nodo 593 color 19
nodo 635 color 19
nodo 844 color 4
nodo 952 color 1
nodo 477 color 2
nodo 246 color 1
nodo 81 color 149
nodo 446 color 152
nodo 737 color 73
nodo 219 color 147
nodo 487 color 2
nodo 269 color 150
nodo 665 color 25
nodo 682 color 3
nodo 750 color 3
nodo 998 color 39
nodo 45 color 151
nodo 853 color 101
nodo 742 color 3
nodo 378 color 153
nodo 292 color 11
nodo 832 color 4
nodo 220 color 1
nodo 896 color 20
nodo 96 color 1
nodo 681 color 59
nodo 480 color 154
nodo 745 color 75
nodo 969 color 123
nodo 463 color 2
nodo 362 color 155
nodo 217 color 152
nodo 557 color 2
nodo 7 color 156
nodo 545 color 2
nodo 918 color 8
nodo 915 color 124
nodo 760 color 3
nodo 677 color 67
nodo 818 color 4
nodo 57 color 154
nodo 875 color 103
nodo 18 color 5
nodo 978 color 57
nodo 191 color 157
nodo 301 color 153
nodo 716 color 3
nodo 531 color 2
nodo 922 color 8
nodo 727 color 79
nodo 302 color 11
nodo 391 color 5
nodo 183 color 158
nodo 785 color 94
nodo 550 color 156
nodo 460 color 157
nodo 927 color 148
nodo 784 color 4
nodo 758 color 3
nodo 967 color 148
nodo 725 color 80
nodo 157 color 159
nodo 781 color 97
nodo 851 color 108
nodo 130 color 1
nodo 774 color 3
nodo 932 color 35
nodo 997 color 12
nodo 307 color 155
nodo 798 color 4
nodo 728 color 3
nodo 852 color 4
nodo 623 color 19
nodo 621 color 19
nodo 568 color 158
nodo 541 color 2
nodo 671 color 60
nodo 696 color 3
nodo 749 color 82
nodo 53 color 160
nodo 266 color 1
nodo 1 color 121
nodo 899 color 127
nodo 295 color 161
nodo 491 color 2
nodo 16 color 5
nodo 606 color 159
nodo 971 color 162
nodo 834 color 4
nodo 256 color 1
nodo 600 color 160
nodo 887 color 119
nodo 459 color 2
nodo 240 color 1
nodo 860 color 4
nodo 594 color 161
nodo 806 color 4
nodo 670 color 3
nodo 131 color 163
nodo 768 color 3
nodo 555 color 2
nodo 589 color 19
nodo 255 color 164
nodo 763 color 98
nodo 736 color 3
nodo 167 color 165
nodo 300 color 11
nodo 976 color 57
nodo 928 color 35
nodo 898 color 20
nodo 344 color 162
nodo 494 color 163
nodo 723 color 86
nodo 103 color 166
nodo 657 color 25
nodo 406 color 164
nodo 288 color 11
nodo 346 color 167
nodo 960 color 58
nodo 519 color 2
nodo 138 color 1
nodo 184 color 1
nodo 605 color 19
nodo 858 color 4
nodo 992 color 92
nodo 913 color 151
nodo 954 color 1
nodo 433 color 2
nodo 866 color 4
nodo 160 color 1
nodo 58 color 5
nodo 258 color 1
nodo 116 color 1
nodo 614 color 165
nodo 855 color 109
nodo 323 color 167
nodo 9 color 168
nodo 655 color 25
nodo 578 color 166
nodo 544 color 168
nodo 948 color 1
nodo 617 color 19
nodo 904 color 45
nodo 48 color 5
nodo 173 color 169
nodo 262 color 1
nodo 664 color 169
nodo 143 color 170
nodo 718 color 3
nodo 603 color 19
nodo 225 color 171
nodo 695 color 69
nodo 939 color 162
nodo 776 color 3
nodo 268 color 11
nodo 595 color 19
nodo 650 color 170
nodo 937 color 172
nodo 200 color 1
nodo 972 color 57
nodo 888 color 45
nodo 506 color 171
nodo 553 color 2
nodo 47 color 172
nodo 10 color 5
nodo 988 color 92
nodo 730 color 3
nodo 847 color 102
nodo 76 color 1
nodo 982 color 116
nodo 198 color 1
nodo 837 color 104
nodo 634 color 173
nodo 612 color 174
nodo 631 color 19
nodo 710 color 3
nodo 19 color 173
nodo 598 color 175
nodo 331 color 174
nodo 92 color 1
nodo 724 color 3
nodo 85 color 175
nodo 538 color 176
nodo 767 color 100
nodo 109 color 176
nodo 692 color 3
nodo 495 color 2
nodo 153 color 177
nodo 265 color 178
nodo 895 color 154
nodo 709 color 71
nodo 764 color 3
nodo 468 color 177
nodo 656 color 178
nodo 761 color 106
nodo 995 color 87
