600 63 71880 40.0 276 208
nodo 316 color 1
nodo 214 color 1
nodo 252 color 2
nodo 311 color 3
nodo 147 color 2
nodo 536 color 1
nodo 259 color 4
nodo 174 color 1
nodo 277 color 4
nodo 159 color 2
nodo 108 color 3
nodo 432 color 3
nodo 262 color 4
nodo 509 color 5
nodo 270 color 6
nodo 186 color 4
nodo 82 color 5
nodo 289 color 2
nodo 356 color 5
nodo 145 color 2
nodo 87 color 7
nodo 189 color 8
nodo 431 color 3
nodo 47 color 5
nodo 564 color 4
nodo 142 color 6
nodo 306 color 5
nodo 44 color 6
nodo 193 color 9
nodo 148 color 2
nodo 257 color 7
nodo 197 color 1
nodo 74 color 8
nodo 370 color 7
nodo 460 color 6
nodo 56 color 8
nodo 399 color 3
nodo 107 color 8
nodo 411 color 4
nodo 346 color 9
nodo 146 color 10
nodo 551 color 9
nodo 260 color 11
nodo 91 color 11
nodo 153 color 9
nodo 71 color 10
nodo 51 color 7
nodo 494 color 4
nodo 211 color 1
nodo 112 color 12
nodo 72 color 2
nodo 600 color 1
nodo 496 color 9
nodo 448 color 12
nodo 369 color 11
nodo 59 color 7
nodo 198 color 4
nodo 25 color 11
nodo 113 color 13
nodo 355 color 14
nodo 76 color 1
nodo 472 color 10
nodo 23 color 13
nodo 456 color 7
nodo 208 color 8
nodo 322 color 12
nodo 466 color 3
nodo 336 color 13
nodo 521 color 8
nodo 109 color 2
nodo 556 color 10
nodo 422 color 14
nodo 50 color 2
nodo 303 color 11
nodo 401 color 6
nodo 268 color 12
nodo 272 color 3
nodo 64 color 15
nodo 368 color 16
nodo 199 color 14
nodo 160 color 3
nodo 488 color 15
nodo 9 color 13
nodo 463 color 15
nodo 119 color 3
nodo 353 color 14
nodo 38 color 14
nodo 178 color 16
nodo 364 color 13
nodo 43 color 6
nodo 111 color 15
nodo 475 color 16
nodo 101 color 13
nodo 492 color 10
nodo 213 color 17
nodo 95 color 2
nodo 297 color 17
nodo 398 color 16
nodo 162 color 15
nodo 315 color 18
nodo 88 color 18
nodo 57 color 17
nodo 286 color 19
nodo 384 color 5
nodo 512 color 14
nodo 335 color 18
nodo 281 color 17
nodo 86 color 17
nodo 85 color 12
nodo 323 color 5
nodo 41 color 3
nodo 138 color 7
nodo 201 color 15
nodo 137 color 8
nodo 351 color 19
nodo 520 color 20
nodo 237 color 4
nodo 350 color 3
nodo 361 color 11
nodo 10 color 19
nodo 158 color 19
nodo 407 color 9
nodo 414 color 6
nodo 294 color 20
nodo 523 color 20
nodo 525 color 21
nodo 150 color 6
nodo 349 color 5
nodo 134 color 12
nodo 408 color 16
nodo 105 color 18
nodo 172 color 1
nodo 90 color 21
nodo 33 color 19
nodo 250 color 10
nodo 331 color 16
nodo 428 color 6
nodo 304 color 22
nodo 233 color 19
nodo 80 color 10
nodo 594 color 14
nodo 548 color 20
nodo 37 color 21
nodo 357 color 21
nodo 154 color 20
nodo 502 color 22
nodo 440 color 23
nodo 585 color 18
nodo 417 color 24
nodo 561 color 22
nodo 342 color 16
nodo 503 color 12
nodo 591 color 23
nodo 282 color 4
nodo 83 color 14
nodo 513 color 25
nodo 473 color 7
nodo 471 color 24
nodo 391 color 9
nodo 126 color 13
nodo 402 color 23
nodo 554 color 5
nodo 231 color 22
nodo 215 color 20
nodo 249 color 14
nodo 220 color 10
nodo 60 color 22
nodo 264 color 12
nodo 593 color 22
nodo 318 color 25
nodo 301 color 24
nodo 248 color 18
nodo 26 color 25
nodo 102 color 11
nodo 504 color 19
nodo 427 color 9
nodo 450 color 20
nodo 292 color 8
nodo 508 color 2
nodo 69 color 23
nodo 498 color 26
nodo 151 color 15
nodo 588 color 12
nodo 280 color 24
nodo 222 color 26
nodo 348 color 27
nodo 127 color 5
nodo 45 color 24
nodo 535 color 26
nodo 573 color 21
nodo 84 color 16
nodo 3 color 25
nodo 225 color 28
nodo 210 color 6
nodo 578 color 17
nodo 274 color 26
nodo 46 color 27
nodo 209 color 16
nodo 8 color 9
nodo 179 color 28
nodo 239 color 28
nodo 123 color 24
nodo 70 color 28
nodo 430 color 11
nodo 597 color 29
nodo 243 color 15
nodo 434 color 30
nodo 118 color 29
nodo 524 color 31
nodo 204 color 10
nodo 537 color 22
nodo 319 color 18
nodo 267 color 7
nodo 489 color 27
nodo 269 color 29
nodo 298 color 4
nodo 400 color 21
nodo 576 color 25
nodo 291 color 30
nodo 19 color 29
nodo 236 color 25
nodo 61 color 15
nodo 500 color 8
nodo 560 color 15
nodo 308 color 30
nodo 276 color 29
nodo 234 color 31
nodo 383 color 17
nodo 486 color 28
nodo 497 color 31
nodo 403 color 27
nodo 92 color 28
nodo 110 color 23
nodo 362 color 14
nodo 320 color 30
nodo 333 color 22
nodo 343 color 27
nodo 166 color 32
nodo 97 color 26
nodo 258 color 31
nodo 22 color 32
nodo 533 color 33
nodo 68 color 21
nodo 254 color 24
nodo 52 color 27
nodo 511 color 27
nodo 244 color 29
nodo 595 color 25
nodo 495 color 33
nodo 6 color 28
nodo 175 color 6
nodo 177 color 24
nodo 452 color 33
nodo 359 color 32
nodo 558 color 33
nodo 453 color 29
nodo 232 color 31
nodo 103 color 31
nodo 299 color 34
nodo 246 color 34
nodo 265 color 13
nodo 381 color 34
nodo 40 color 34
nodo 218 color 29
nodo 582 color 30
nodo 324 color 35
nodo 143 color 36
nodo 309 color 36
nodo 552 color 35
nodo 418 color 13
nodo 228 color 37
nodo 202 color 25
nodo 332 color 35
nodo 459 color 36
nodo 20 color 29
nodo 171 color 35
nodo 587 color 31
nodo 326 color 35
nodo 530 color 1
nodo 314 color 37
nodo 555 color 38
nodo 385 color 37
nodo 474 color 26
nodo 164 color 23
nodo 317 color 17
nodo 28 color 30
nodo 447 color 39
nodo 271 color 37
nodo 491 color 36
nodo 390 color 38
nodo 330 color 33
nodo 116 color 32
nodo 421 color 39
nodo 229 color 32
nodo 596 color 40
nodo 487 color 26
nodo 366 color 25
nodo 128 color 32
nodo 290 color 31
nodo 12 color 34
nodo 89 color 36
nodo 479 color 38
nodo 305 color 41
nodo 577 color 39
nodo 410 color 14
nodo 182 color 39
nodo 581 color 33
nodo 547 color 41
nodo 461 color 8
nodo 94 color 21
nodo 7 color 40
nodo 122 color 40
nodo 529 color 38
nodo 436 color 39
nodo 133 color 37
nodo 124 color 30
nodo 481 color 7
nodo 27 color 2
nodo 65 color 37
nodo 437 color 39
nodo 506 color 34
nodo 490 color 39
nodo 144 color 40
nodo 149 color 42
nodo 235 color 34
nodo 75 color 41
nodo 255 color 42
nodo 327 color 38
nodo 365 color 43
nodo 441 color 40
nodo 374 color 22
nodo 340 color 18
nodo 372 color 43
nodo 386 color 6
nodo 165 color 25
nodo 16 color 35
nodo 451 color 42
nodo 58 color 36
nodo 135 color 24
nodo 345 color 18
nodo 354 color 42
nodo 499 color 43
nodo 104 color 41
nodo 406 color 1
nodo 5 color 15
nodo 18 color 30
nodo 36 color 9
nodo 484 color 44
nodo 11 color 18
nodo 528 color 45
nodo 570 color 40
nodo 96 color 46
nodo 21 color 15
nodo 240 color 27
nodo 141 color 19
nodo 129 color 38
nodo 388 color 12
nodo 425 color 46
nodo 251 color 37
nodo 387 color 32
nodo 532 color 46
nodo 517 color 39
nodo 397 color 45
nodo 15 color 39
nodo 155 color 38
nodo 226 color 19
nodo 514 color 29
nodo 130 color 39
nodo 334 color 41
nodo 81 color 21
nodo 263 color 24
nodo 505 color 30
nodo 219 color 44
nodo 238 color 46
nodo 125 color 43
nodo 589 color 5
nodo 230 color 44
nodo 168 color 30
nodo 444 color 34
nodo 328 color 6
nodo 584 color 10
nodo 53 color 41
nodo 163 color 43
nodo 412 color 41
nodo 462 color 7
nodo 17 color 11
nodo 187 color 45
nodo 39 color 47
nodo 476 color 35
nodo 457 color 47
nodo 42 color 23
nodo 140 color 39
nodo 288 color 36
nodo 2 color 27
nodo 302 color 41
nodo 465 color 44
nodo 540 color 45
nodo 184 color 46
nodo 278 color 47
nodo 245 color 33
nodo 295 color 44
nodo 321 color 11
nodo 395 color 10
nodo 115 color 28
nodo 48 color 48
nodo 78 color 47
nodo 438 color 48
nodo 541 color 49
nodo 510 color 19
nodo 247 color 50
nodo 371 color 42
nodo 567 color 48
nodo 515 color 49
nodo 480 color 49
nodo 161 color 47
nodo 139 color 45
nodo 501 color 20
nodo 373 color 49
nodo 170 color 43
nodo 470 color 50
nodo 478 color 50
nodo 379 color 51
nodo 382 color 51
nodo 575 color 23
nodo 445 color 40
nodo 241 color 32
nodo 191 color 17
nodo 62 color 28
nodo 396 color 9
nodo 455 color 48
nodo 31 color 45
nodo 574 color 50
nodo 275 color 16
nodo 419 color 43
nodo 67 color 42
nodo 296 color 52
nodo 482 color 45
nodo 442 color 51
nodo 256 color 49
nodo 212 color 51
nodo 4 color 47
nodo 190 color 36
nodo 519 color 33
nodo 285 color 51
nodo 338 color 53
nodo 546 color 53
nodo 435 color 20
nodo 409 color 46
nodo 467 color 42
nodo 73 color 27
nodo 420 color 27
nodo 568 color 52
nodo 416 color 54
nodo 538 color 35
nodo 79 color 41
nodo 180 color 53
nodo 539 color 53
nodo 518 color 30
nodo 571 color 50
nodo 54 color 16
nodo 205 color 11
nodo 599 color 42
nodo 543 color 24
nodo 592 color 52
nodo 200 color 34
nodo 279 color 35
nodo 152 color 9
nodo 586 color 40
nodo 49 color 45
nodo 121 color 48
nodo 329 color 32
nodo 527 color 22
nodo 14 color 25
nodo 566 color 21
nodo 375 color 35
nodo 507 color 53
nodo 360 color 36
nodo 569 color 49
nodo 32 color 54
nodo 195 color 55
nodo 93 color 23
nodo 131 color 28
nodo 378 color 18
nodo 339 color 29
nodo 376 color 44
nodo 30 color 31
nodo 273 color 56
nodo 120 color 51
nodo 227 color 48
nodo 156 color 44
nodo 217 color 34
nodo 426 color 56
nodo 63 color 52
nodo 380 color 54
nodo 477 color 33
nodo 341 color 49
nodo 66 color 43
nodo 580 color 1
nodo 114 color 32
nodo 216 color 56
nodo 598 color 7
nodo 206 color 53
nodo 542 color 54
nodo 545 color 47
nodo 167 color 37
nodo 392 color 47
nodo 443 color 38
nodo 283 color 55
nodo 483 color 51
nodo 347 color 54
nodo 549 color 17
nodo 363 color 55
nodo 553 color 56
nodo 531 color 44
nodo 24 color 3
nodo 405 color 56
nodo 446 color 57
nodo 223 color 47
nodo 224 color 40
nodo 106 color 20
nodo 203 color 55
nodo 493 color 58
nodo 389 color 52
nodo 404 color 56
nodo 433 color 50
nodo 77 color 55
nodo 557 color 40
nodo 284 color 57
nodo 192 color 57
nodo 550 color 43
nodo 579 color 58
nodo 429 color 54
nodo 55 color 36
nodo 29 color 54
nodo 194 color 17
nodo 173 color 59
nodo 313 color 52
nodo 352 color 38
nodo 559 color 13
nodo 207 color 49
nodo 188 color 60
nodo 415 color 59
nodo 526 color 59
nodo 516 color 26
nodo 394 color 51
nodo 196 color 32
nodo 590 color 58
nodo 183 color 23
nodo 458 color 53
nodo 117 color 58
nodo 307 color 61
nodo 572 color 27
nodo 562 color 58
nodo 100 color 49
nodo 393 color 60
nodo 563 color 57
nodo 377 color 55
nodo 468 color 14
nodo 300 color 55
nodo 34 color 57
nodo 293 color 37
nodo 544 color 21
nodo 181 color 52
nodo 522 color 62
nodo 358 color 53
nodo 423 color 35
nodo 1 color 61
nodo 344 color 58
nodo 312 color 37
nodo 176 color 60
nodo 132 color 50
nodo 310 color 62
nodo 534 color 59
nodo 439 color 61
nodo 35 color 20
nodo 325 color 46
nodo 136 color 50
nodo 253 color 62
nodo 565 color 60
nodo 337 color 48
nodo 583 color 61
nodo 98 color 35
nodo 454 color 42
nodo 469 color 62
nodo 261 color 51
nodo 221 color 21
nodo 413 color 48
nodo 287 color 53
nodo 424 color 59
nodo 169 color 63
nodo 485 color 60
nodo 464 color 61
nodo 157 color 38
nodo 13 color 63
nodo 185 color 61
nodo 367 color 52
nodo 449 color 44
nodo 99 color 50
nodo 242 color 38
nodo 266 color 62
