600 61 71880 40.0 276 208
nodo 520 color 1
nodo 110 color 2
nodo 136 color 2
nodo 518 color 3
nodo 555 color 3
nodo 457 color 1
nodo 185 color 1
nodo 309 color 3
nodo 214 color 4
nodo 56 color 2
nodo 277 color 4
nodo 47 color 5
nodo 383 color 5
nodo 115 color 1
nodo 287 color 6
nodo 197 color 1
nodo 25 color 3
nodo 20 color 7
nodo 386 color 6
nodo 26 color 1
nodo 353 color 8
nodo 385 color 2
nodo 238 color 7
nodo 283 color 8
nodo 381 color 8
nodo 538 color 4
nodo 23 color 6
nodo 155 color 5
nodo 192 color 3
nodo 6 color 5
nodo 158 color 7
nodo 361 color 4
nodo 34 color 3
nodo 459 color 9
nodo 440 color 8
nodo 249 color 10
nodo 374 color 6
nodo 43 color 9
nodo 312 color 2
nodo 143 color 4
nodo 76 color 11
nodo 223 color 9
nodo 83 color 10
nodo 472 color 12
nodo 331 color 4
nodo 104 color 13
nodo 359 color 14
nodo 280 color 7
nodo 144 color 12
nodo 569 color 5
nodo 213 color 12
nodo 388 color 6
nodo 57 color 10
nodo 578 color 11
nodo 438 color 2
nodo 212 color 13
nodo 506 color 7
nodo 487 color 8
nodo 131 color 14
nodo 257 color 3
nodo 258 color 9
nodo 64 color 10
nodo 28 color 11
nodo 579 color 15
nodo 118 color 12
nodo 222 color 6
nodo 183 color 8
nodo 253 color 14
nodo 137 color 6
nodo 220 color 10
nodo 519 color 9
nodo 224 color 7
nodo 461 color 12
nodo 48 color 15
nodo 348 color 13
nodo 219 color 15
nodo 278 color 10
nodo 275 color 9
nodo 524 color 14
nodo 434 color 11
nodo 54 color 16
nodo 303 color 15
nodo 451 color 5
nodo 255 color 13
nodo 450 color 16
nodo 60 color 10
nodo 358 color 16
nodo 400 color 17
nodo 198 color 14
nodo 289 color 16
nodo 80 color 18
nodo 69 color 5
nodo 384 color 14
nodo 234 color 17
nodo 93 color 18
nodo 486 color 17
nodo 580 color 14
nodo 500 color 19
nodo 58 color 11
nodo 389 color 17
nodo 65 color 19
nodo 203 color 12
nodo 245 color 19
nodo 237 color 15
nodo 71 color 20
nodo 9 color 1
nodo 321 color 20
nodo 352 color 21
nodo 291 color 18
nodo 2 color 10
nodo 139 color 11
nodo 202 color 21
nodo 82 color 20
nodo 328 color 22
nodo 508 color 21
nodo 458 color 22
nodo 112 color 22
nodo 18 color 21
nodo 49 color 2
nodo 441 color 16
nodo 86 color 15
nodo 170 color 20
nodo 402 color 17
nodo 273 color 23
nodo 306 color 14
nodo 16 color 4
nodo 329 color 21
nodo 300 color 23
nodo 259 color 18
nodo 195 color 16
nodo 502 color 23
nodo 568 color 7
nodo 138 color 12
nodo 326 color 17
nodo 591 color 23
nodo 503 color 24
nodo 10 color 20
nodo 89 color 22
nodo 494 color 7
nodo 408 color 9
nodo 299 color 25
nodo 271 color 23
nodo 114 color 11
nodo 227 color 22
nodo 593 color 18
nodo 241 color 13
nodo 455 color 1
nodo 490 color 5
nodo 369 color 19
nodo 226 color 26
nodo 216 color 24
nodo 247 color 27
nodo 488 color 24
nodo 288 color 24
nodo 516 color 15
nodo 180 color 26
nodo 184 color 25
nodo 286 color 18
nodo 499 color 23
nodo 446 color 26
nodo 173 color 27
nodo 370 color 26
nodo 125 color 28
nodo 468 color 17
nodo 357 color 24
nodo 229 color 25
nodo 542 color 22
nodo 594 color 13
nodo 392 color 19
nodo 453 color 26
nodo 533 color 25
nodo 367 color 28
nodo 225 color 29
nodo 478 color 27
nodo 217 color 27
nodo 232 color 28
nodo 151 color 20
nodo 466 color 28
nodo 484 color 29
nodo 532 color 30
nodo 171 color 20
nodo 290 color 12
nodo 534 color 3
nodo 27 color 20
nodo 215 color 19
nodo 356 color 4
nodo 554 color 14
nodo 307 color 11
nodo 91 color 29
nodo 79 color 9
nodo 159 color 30
nodo 418 color 31
nodo 511 color 16
nodo 305 color 18
nodo 492 color 28
nodo 529 color 32
nodo 261 color 32
nodo 550 color 30
nodo 574 color 30
nodo 78 color 31
nodo 292 color 31
nodo 375 color 16
nodo 445 color 21
nodo 132 color 29
nodo 256 color 27
nodo 467 color 21
nodo 464 color 24
nodo 575 color 13
nodo 436 color 23
nodo 92 color 6
nodo 301 color 33
nodo 317 color 29
nodo 592 color 30
nodo 547 color 25
nodo 576 color 26
nodo 435 color 33
nodo 193 color 4
nodo 148 color 30
nodo 17 color 27
nodo 433 color 32
nodo 13 color 26
nodo 239 color 33
nodo 439 color 32
nodo 207 color 34
nodo 266 color 33
nodo 61 color 31
nodo 50 color 34
nodo 525 color 25
nodo 527 color 35
nodo 39 color 27
nodo 12 color 25
nodo 422 color 29
nodo 133 color 21
nodo 363 color 31
nodo 404 color 11
nodo 443 color 19
nodo 267 color 36
nodo 541 color 13
nodo 108 color 28
nodo 11 color 32
nodo 30 color 37
nodo 251 color 34
nodo 476 color 35
nodo 177 color 11
nodo 269 color 33
nodo 429 color 22
nodo 201 color 37
nodo 571 color 32
nodo 405 color 28
nodo 412 color 25
nodo 387 color 28
nodo 544 color 30
nodo 66 color 35
nodo 448 color 18
nodo 355 color 3
nodo 526 color 6
nodo 344 color 38
nodo 175 color 36
nodo 174 color 37
nodo 14 color 36
nodo 590 color 36
nodo 397 color 39
nodo 70 color 23
nodo 314 color 34
nodo 558 color 29
nodo 149 color 12
nodo 128 color 39
nodo 166 color 18
nodo 382 color 33
nodo 101 color 26
nodo 130 color 35
nodo 19 color 15
nodo 414 color 40
nodo 517 color 38
nodo 318 color 19
nodo 84 color 39
nodo 276 color 7
nodo 270 color 39
nodo 235 color 18
nodo 556 color 10
nodo 310 color 7
nodo 102 color 38
nodo 430 color 13
nodo 279 color 29
nodo 169 color 15
nodo 521 color 31
nodo 111 color 40
nodo 311 color 8
nodo 394 color 40
nodo 218 color 30
nodo 531 color 39
nodo 126 color 37
nodo 210 color 5
nodo 204 color 36
nodo 46 color 41
nodo 395 color 10
nodo 585 color 40
nodo 522 color 35
nodo 337 color 39
nodo 8 color 35
nodo 96 color 31
nodo 294 color 23
nodo 168 color 40
nodo 565 color 35
nodo 308 color 20
nodo 72 color 17
nodo 373 color 41
nodo 341 color 27
nodo 539 color 31
nodo 474 color 41
nodo 597 color 41
nodo 263 color 41
nodo 419 color 32
nodo 396 color 24
nodo 68 color 42
nodo 209 color 21
nodo 411 color 38
nodo 462 color 43
nodo 165 color 44
nodo 551 color 34
nodo 588 color 40
nodo 150 color 41
nodo 431 color 43
nodo 330 color 42
nodo 421 color 44
nodo 145 color 37
nodo 324 color 21
nodo 559 color 43
nodo 563 color 42
nodo 178 color 43
nodo 530 color 33
nodo 562 color 38
nodo 340 color 45
nodo 295 color 41
nodo 135 color 22
nodo 360 color 22
nodo 325 color 44
nodo 85 color 35
nodo 584 color 44
nodo 513 color 45
nodo 105 color 42
nodo 552 color 34
nodo 345 color 34
nodo 274 color 27
nodo 313 color 19
nodo 146 color 42
nodo 3 color 36
nodo 600 color 37
nodo 583 color 37
nodo 535 color 46
nodo 501 color 40
nodo 304 color 18
nodo 420 color 46
nodo 163 color 9
nodo 154 color 42
nodo 505 color 2
nodo 577 color 24
nodo 120 color 46
nodo 469 color 38
nodo 55 color 1
nodo 447 color 46
nodo 493 color 35
nodo 365 color 37
nodo 196 color 33
nodo 514 color 38
nodo 482 color 38
nodo 117 color 45
nodo 160 color 44
nodo 491 color 46
nodo 497 color 47
nodo 106 color 1
nodo 393 color 25
nodo 335 color 48
nodo 77 color 15
nodo 140 color 13
nodo 507 color 47
nodo 59 color 24
nodo 437 color 9
nodo 351 color 48
nodo 599 color 45
nodo 194 color 31
nodo 252 color 49
nodo 342 color 40
nodo 172 color 48
nodo 581 color 48
nodo 285 color 47
nodo 282 color 8
nodo 427 color 46
nodo 142 color 39
nodo 327 color 35
nodo 98 color 29
nodo 595 color 47
nodo 296 color 49
nodo 73 color 37
nodo 452 color 42
nodo 586 color 40
nodo 545 color 46
nodo 510 color 41
nodo 7 color 47
nodo 319 color 50
nodo 537 color 43
nodo 81 color 30
nodo 51 color 50
nodo 333 color 28
nodo 190 color 48
nodo 495 color 37
nodo 90 color 22
nodo 567 color 20
nodo 336 color 49
nodo 206 color 34
nodo 475 color 36
nodo 188 color 43
nodo 449 color 39
nodo 281 color 14
nodo 366 color 45
nodo 323 color 17
nodo 243 color 48
nodo 377 color 15
nodo 31 color 50
nodo 122 color 51
nodo 38 color 31
nodo 103 color 50
nodo 498 color 46
nodo 347 color 3
nodo 316 color 51
nodo 515 color 47
nodo 354 color 51
nodo 228 color 50
nodo 424 color 49
nodo 587 color 44
nodo 181 color 52
nodo 528 color 49
nodo 242 color 35
nodo 417 color 30
nodo 442 color 33
nodo 127 color 45
nodo 399 color 43
nodo 523 color 52
nodo 573 color 53
nodo 297 color 11
nodo 113 color 49
nodo 260 color 38
nodo 320 color 53
nodo 322 color 52
nodo 176 color 51
nodo 33 color 19
nodo 380 color 54
nodo 470 color 49
nodo 211 color 54
nodo 5 color 47
nodo 153 color 47
nodo 401 color 32
nodo 42 color 48
nodo 398 color 50
nodo 265 color 20
nodo 240 color 55
nodo 15 color 53
nodo 268 color 45
nodo 378 color 12
nodo 4 color 6
nodo 343 color 41
nodo 67 color 38
nodo 413 color 52
nodo 416 color 52
nodo 164 color 53
nodo 74 color 55
nodo 262 color 49
nodo 403 color 53
nodo 364 color 54
nodo 87 color 24
nodo 432 color 10
nodo 390 color 53
nodo 598 color 44
nodo 35 color 42
nodo 124 color 27
nodo 156 color 53
nodo 596 color 52
nodo 362 color 49
nodo 483 color 56
nodo 485 color 12
nodo 460 color 56
nodo 465 color 55
nodo 409 color 57
nodo 546 color 46
nodo 189 color 52
nodo 88 color 16
nodo 167 color 6
nodo 302 color 57
nodo 480 color 56
nodo 147 color 55
nodo 221 color 41
nodo 37 color 57
nodo 208 color 38
nodo 426 color 28
nodo 536 color 50
nodo 129 color 36
nodo 63 color 53
nodo 21 color 42
nodo 423 color 5
nodo 29 color 16
nodo 45 color 58
nodo 284 color 36
nodo 230 color 15
nodo 233 color 59
nodo 32 color 36
nodo 548 color 58
nodo 471 color 34
nodo 186 color 43
nodo 246 color 30
nodo 250 color 44
nodo 454 color 48
nodo 372 color 3
nodo 187 color 46
nodo 94 color 57
nodo 199 color 50
nodo 379 color 56
nodo 162 color 54
nodo 293 color 23
nodo 479 color 17
nodo 182 color 58
nodo 572 color 41
nodo 161 color 25
nodo 52 color 32
nodo 425 color 55
nodo 376 color 57
nodo 540 color 60
nodo 53 color 53
nodo 561 color 28
nodo 141 color 26
nodo 75 color 60
nodo 489 color 42
nodo 97 color 32
nodo 109 color 60
nodo 564 color 51
nodo 339 color 59
nodo 338 color 51
nodo 44 color 52
nodo 415 color 38
nodo 123 color 57
nodo 477 color 58
nodo 332 color 8
nodo 410 color 60
nodo 406 color 59
nodo 334 color 59
nodo 444 color 40
nodo 512 color 54
nodo 236 color 21
nodo 134 color 45
nodo 368 color 54
nodo 99 color 23
nodo 272 color 58
nodo 244 color 36
nodo 463 color 48
nodo 481 color 29
nodo 456 color 49
nodo 248 color 30
nodo 346 color 13
nodo 560 color 48
nodo 549 color 61
nodo 582 color 58
nodo 121 color 54
nodo 116 color 61
nodo 36 color 44
nodo 391 color 17
nodo 589 color 52
nodo 298 color 8
nodo 191 color 48
nodo 231 color 56
nodo 119 color 54
nodo 570 color 36
nodo 100 color 61
nodo 200 color 55
nodo 553 color 10
nodo 350 color 55
nodo 473 color 58
nodo 566 color 37
nodo 371 color 27
nodo 315 color 56
nodo 496 color 54
nodo 349 color 61
nodo 428 color 57
nodo 22 color 47
nodo 179 color 59
nodo 24 color 60
nodo 205 color 33
nodo 543 color 7
nodo 254 color 9
nodo 264 color 33
nodo 40 color 4
nodo 62 color 50
nodo 107 color 45
nodo 407 color 56
nodo 41 color 61
nodo 557 color 39
nodo 157 color 10
nodo 509 color 2
nodo 504 color 61
nodo 152 color 46
nodo 95 color 30
nodo 1 color 43
