600 65 71880 40.0 276 208
nodo 95 color 1
nodo 1 color 1
nodo 152 color 2
nodo 509 color 1
nodo 504 color 2
nodo 157 color 3
nodo 557 color 3
nodo 407 color 2
nodo 41 color 2
nodo 107 color 2
nodo 40 color 3
nodo 264 color 1
nodo 62 color 4
nodo 543 color 4
nodo 254 color 1
nodo 205 color 1
nodo 24 color 5
nodo 179 color 2
nodo 566 color 4
nodo 428 color 5
nodo 496 color 3
nodo 349 color 6
nodo 315 color 1
nodo 22 color 3
nodo 371 color 5
nodo 200 color 1
nodo 473 color 6
nodo 553 color 3
nodo 350 color 2
nodo 298 color 7
nodo 570 color 5
nodo 191 color 7
nodo 119 color 6
nodo 100 color 2
nodo 231 color 1
nodo 582 color 8
nodo 391 color 6
nodo 549 color 2
nodo 116 color 3
nodo 589 color 5
nodo 121 color 4
nodo 36 color 8
nodo 560 color 7
nodo 346 color 9
nodo 236 color 6
nodo 456 color 9
nodo 368 color 7
nodo 463 color 4
nodo 244 color 5
nodo 481 color 8
nodo 134 color 10
nodo 248 color 6
nodo 272 color 2
nodo 99 color 4
nodo 406 color 11
nodo 477 color 8
nodo 123 color 12
nodo 332 color 11
nodo 410 color 4
nodo 444 color 9
nodo 44 color 6
nodo 415 color 7
nodo 334 color 7
nodo 512 color 11
nodo 339 color 1
nodo 564 color 7
nodo 53 color 10
nodo 489 color 5
nodo 561 color 9
nodo 376 color 8
nodo 97 color 10
nodo 425 color 13
nodo 75 color 10
nodo 338 color 10
nodo 540 color 8
nodo 141 color 11
nodo 109 color 12
nodo 479 color 6
nodo 199 color 11
nodo 379 color 13
nodo 293 color 9
nodo 94 color 7
nodo 162 color 4
nodo 52 color 8
nodo 161 color 5
nodo 182 color 14
nodo 572 color 3
nodo 29 color 11
nodo 454 color 14
nodo 250 color 8
nodo 230 color 11
nodo 423 color 3
nodo 186 color 7
nodo 246 color 15
nodo 45 color 14
nodo 284 color 5
nodo 187 color 11
nodo 233 color 16
nodo 32 color 9
nodo 548 color 12
nodo 471 color 8
nodo 372 color 7
nodo 21 color 13
nodo 189 color 15
nodo 167 color 10
nodo 302 color 12
nodo 208 color 15
nodo 426 color 10
nodo 88 color 4
nodo 37 color 16
nodo 536 color 13
nodo 221 color 15
nodo 480 color 1
nodo 147 color 17
nodo 63 color 17
nodo 129 color 3
nodo 483 color 14
nodo 124 color 13
nodo 35 color 13
nodo 409 color 7
nodo 596 color 15
nodo 546 color 17
nodo 432 color 16
nodo 485 color 16
nodo 598 color 11
nodo 465 color 8
nodo 362 color 14
nodo 156 color 18
nodo 460 color 19
nodo 390 color 6
nodo 87 color 10
nodo 67 color 15
nodo 364 color 3
nodo 403 color 17
nodo 343 color 11
nodo 413 color 12
nodo 416 color 13
nodo 164 color 15
nodo 240 color 9
nodo 265 color 18
nodo 15 color 18
nodo 398 color 18
nodo 262 color 16
nodo 378 color 2
nodo 268 color 17
nodo 74 color 8
nodo 4 color 19
nodo 260 color 19
nodo 42 color 13
nodo 33 color 20
nodo 320 color 20
nodo 523 color 12
nodo 113 color 20
nodo 5 color 14
nodo 380 color 5
nodo 322 color 21
nodo 176 color 20
nodo 297 color 14
nodo 399 color 18
nodo 211 color 16
nodo 573 color 14
nodo 470 color 1
nodo 153 color 19
nodo 401 color 22
nodo 127 color 21
nodo 103 color 19
nodo 515 color 18
nodo 242 color 21
nodo 498 color 22
nodo 354 color 22
nodo 181 color 12
nodo 587 color 12
nodo 228 color 19
nodo 417 color 20
nodo 122 color 23
nodo 528 color 23
nodo 316 color 22
nodo 442 color 24
nodo 38 color 4
nodo 347 color 1
nodo 424 color 18
nodo 190 color 25
nodo 90 color 9
nodo 51 color 24
nodo 281 color 24
nodo 336 color 23
nodo 366 color 15
nodo 449 color 22
nodo 243 color 21
nodo 188 color 19
nodo 323 color 24
nodo 537 color 26
nodo 377 color 23
nodo 206 color 24
nodo 475 color 23
nodo 81 color 23
nodo 567 color 25
nodo 333 color 26
nodo 495 color 22
nodo 31 color 20
nodo 586 color 15
nodo 252 color 21
nodo 595 color 3
nodo 319 color 18
nodo 296 color 6
nodo 194 color 17
nodo 98 color 27
nodo 581 color 23
nodo 7 color 26
nodo 510 color 24
nodo 73 color 15
nodo 342 color 28
nodo 545 color 5
nodo 427 color 19
nodo 327 color 21
nodo 452 color 26
nodo 285 color 8
nodo 282 color 25
nodo 172 color 27
nodo 142 color 27
nodo 599 color 28
nodo 351 color 27
nodo 140 color 25
nodo 77 color 29
nodo 59 color 25
nodo 55 color 29
nodo 497 color 26
nodo 106 color 26
nodo 469 color 29
nodo 365 color 22
nodo 196 color 23
nodo 154 color 29
nodo 514 color 18
nodo 437 color 28
nodo 505 color 28
nodo 393 color 30
nodo 491 color 30
nodo 507 color 20
nodo 447 color 28
nodo 482 color 29
nodo 577 color 30
nodo 335 color 29
nodo 160 color 31
nodo 117 color 22
nodo 493 color 14
nodo 120 color 25
nodo 85 color 17
nodo 105 color 31
nodo 552 color 32
nodo 274 color 32
nodo 535 color 23
nodo 146 color 31
nodo 313 color 31
nodo 345 color 21
nodo 304 color 20
nodo 600 color 25
nodo 420 color 30
nodo 325 color 28
nodo 501 color 25
nodo 3 color 21
nodo 583 color 32
nodo 163 color 24
nodo 513 color 10
nodo 584 color 33
nodo 295 color 17
nodo 563 color 24
nodo 530 color 13
nodo 178 color 33
nodo 135 color 20
nodo 360 color 12
nodo 145 color 27
nodo 324 color 32
nodo 559 color 28
nodo 421 color 28
nodo 340 color 33
nodo 562 color 34
nodo 263 color 32
nodo 165 color 26
nodo 294 color 34
nodo 565 color 35
nodo 168 color 2
nodo 209 color 36
nodo 597 color 16
nodo 72 color 31
nodo 474 color 36
nodo 551 color 11
nodo 341 color 35
nodo 462 color 33
nodo 150 color 11
nodo 373 color 37
nodo 330 color 29
nodo 396 color 14
nodo 96 color 34
nodo 539 color 32
nodo 588 color 33
nodo 419 color 22
nodo 431 color 34
nodo 8 color 17
nodo 411 color 30
nodo 337 color 27
nodo 68 color 31
nodo 308 color 26
nodo 126 color 30
nodo 84 color 36
nodo 204 color 38
nodo 218 color 37
nodo 270 color 22
nodo 169 color 35
nodo 210 color 35
nodo 311 color 16
nodo 522 color 10
nodo 279 color 38
nodo 235 color 37
nodo 395 color 35
nodo 531 color 39
nodo 585 color 13
nodo 394 color 38
nodo 556 color 32
nodo 310 color 39
nodo 521 color 31
nodo 111 color 20
nodo 46 color 33
nodo 102 color 40
nodo 430 color 1
nodo 276 color 39
nodo 590 color 41
nodo 558 color 26
nodo 544 color 36
nodo 70 color 35
nodo 314 color 16
nodo 414 color 6
nodo 14 color 37
nodo 101 color 27
nodo 448 color 23
nodo 66 color 17
nodo 166 color 1
nodo 397 color 39
nodo 355 color 38
nodo 387 color 9
nodo 175 color 41
nodo 149 color 42
nodo 517 color 30
nodo 526 color 18
nodo 19 color 36
nodo 174 color 42
nodo 130 color 28
nodo 128 color 34
nodo 382 color 38
nodo 344 color 40
nodo 318 color 21
nodo 363 color 39
nodo 177 color 34
nodo 39 color 38
nodo 108 color 40
nodo 133 color 42
nodo 267 color 41
nodo 405 color 43
nodo 404 color 43
nodo 269 color 34
nodo 12 color 38
nodo 412 color 37
nodo 251 color 13
nodo 30 color 32
nodo 201 color 33
nodo 541 color 42
nodo 429 color 44
nodo 443 color 21
nodo 571 color 30
nodo 422 color 3
nodo 11 color 41
nodo 476 color 44
nodo 193 color 40
nodo 61 color 4
nodo 13 color 42
nodo 239 color 36
nodo 207 color 43
nodo 148 color 41
nodo 525 color 42
nodo 435 color 45
nodo 266 color 40
nodo 527 color 38
nodo 50 color 44
nodo 439 color 40
nodo 433 color 27
nodo 17 color 27
nodo 292 color 24
nodo 592 color 46
nodo 256 color 45
nodo 375 color 9
nodo 467 color 39
nodo 547 color 40
nodo 317 color 46
nodo 464 color 46
nodo 301 color 14
nodo 575 color 44
nodo 445 color 43
nodo 92 color 3
nodo 436 color 45
nodo 132 color 46
nodo 576 color 46
nodo 171 color 29
nodo 532 color 46
nodo 159 color 32
nodo 261 color 38
nodo 91 color 26
nodo 511 color 47
nodo 550 color 11
nodo 305 color 42
nodo 78 color 45
nodo 492 color 48
nodo 307 color 33
nodo 534 color 45
nodo 290 color 37
nodo 418 color 47
nodo 554 color 47
nodo 529 color 33
nodo 574 color 47
nodo 79 color 40
nodo 356 color 45
nodo 215 color 49
nodo 27 color 25
nodo 453 color 7
nodo 125 color 36
nodo 367 color 40
nodo 542 color 50
nodo 392 color 48
nodo 466 color 30
nodo 533 color 18
nodo 232 color 50
nodo 468 color 26
nodo 370 color 34
nodo 484 color 43
nodo 357 color 49
nodo 478 color 43
nodo 594 color 48
nodo 229 color 30
nodo 151 color 23
nodo 225 color 22
nodo 217 color 31
nodo 216 color 49
nodo 184 color 42
nodo 288 color 49
nodo 173 color 45
nodo 490 color 9
nodo 446 color 47
nodo 247 color 48
nodo 488 color 34
nodo 286 color 19
nodo 369 color 29
nodo 516 color 23
nodo 455 color 49
nodo 499 color 44
nodo 180 color 40
nodo 226 color 51
nodo 408 color 12
nodo 227 color 41
nodo 114 color 15
nodo 593 color 51
nodo 89 color 24
nodo 10 color 18
nodo 503 color 28
nodo 299 color 52
nodo 271 color 51
nodo 591 color 38
nodo 494 color 51
nodo 241 color 48
nodo 329 color 46
nodo 16 color 37
nodo 195 color 47
nodo 259 color 37
nodo 273 color 32
nodo 86 color 35
nodo 306 color 53
nodo 326 color 52
nodo 300 color 44
nodo 170 color 51
nodo 568 color 39
nodo 441 color 52
nodo 402 color 33
nodo 138 color 44
nodo 502 color 54
nodo 458 color 50
nodo 139 color 43
nodo 202 color 54
nodo 18 color 50
nodo 328 color 39
nodo 508 color 38
nodo 2 color 53
nodo 82 color 12
nodo 112 color 55
nodo 49 color 26
nodo 245 color 19
nodo 291 color 51
nodo 203 color 56
nodo 71 color 49
nodo 65 color 43
nodo 237 color 52
nodo 389 color 17
nodo 352 color 56
nodo 9 color 30
nodo 321 color 55
nodo 69 color 52
nodo 358 color 48
nodo 198 color 57
nodo 400 color 23
nodo 289 color 57
nodo 234 color 52
nodo 486 color 54
nodo 80 color 57
nodo 384 color 58
nodo 500 color 53
nodo 58 color 55
nodo 60 color 21
nodo 93 color 39
nodo 580 color 29
nodo 219 color 58
nodo 303 color 55
nodo 275 color 36
nodo 434 color 50
nodo 255 color 56
nodo 450 color 59
nodo 278 color 60
nodo 524 color 58
nodo 54 color 36
nodo 451 color 49
nodo 222 color 44
nodo 461 color 36
nodo 118 color 54
nodo 48 color 53
nodo 253 color 47
nodo 519 color 59
nodo 224 color 32
nodo 137 color 51
nodo 348 color 61
nodo 183 color 53
nodo 220 color 35
nodo 579 color 47
nodo 258 color 52
nodo 64 color 60
nodo 28 color 59
nodo 144 color 41
nodo 213 color 56
nodo 578 color 55
nodo 388 color 31
nodo 487 color 50
nodo 212 color 46
nodo 57 color 2
nodo 257 color 56
nodo 131 color 57
nodo 438 color 61
nodo 569 color 62
nodo 506 color 17
nodo 280 color 59
nodo 223 color 20
nodo 359 color 16
nodo 76 color 49
nodo 43 color 56
nodo 104 color 63
nodo 331 color 16
nodo 312 color 59
nodo 143 color 25
nodo 472 color 37
nodo 83 color 60
nodo 440 color 58
nodo 361 color 62
nodo 158 color 45
nodo 249 color 48
nodo 34 color 57
nodo 374 color 31
nodo 459 color 55
nodo 6 color 36
nodo 155 color 9
nodo 538 color 41
nodo 23 color 52
nodo 192 color 41
nodo 353 color 53
nodo 385 color 58
nodo 283 color 60
nodo 238 color 51
nodo 381 color 58
nodo 26 color 63
nodo 20 color 32
nodo 386 color 57
nodo 25 color 54
nodo 287 color 64
nodo 115 color 63
nodo 197 color 61
nodo 383 color 27
nodo 47 color 62
nodo 277 color 44
nodo 214 color 64
nodo 56 color 48
nodo 309 color 65
nodo 185 color 61
nodo 457 color 64
nodo 555 color 59
nodo 518 color 55
nodo 110 color 65
nodo 136 color 62
nodo 520 color 63
