1000 271 374500 74.97497497497497 749 749
nodo 301 color 1
nodo 567 color 2
nodo 171 color 1
nodo 235 color 1
nodo 348 color 3
nodo 505 color 4
nodo 90 color 2
nodo 261 color 5
nodo 231 color 1
nodo 414 color 4
nodo 125 color 6
nodo 998 color 7
nodo 187 color 3
nodo 959 color 8
nodo 121 color 9
nodo 511 color 10
nodo 54 color 10
nodo 405 color 11
nodo 448 color 12
nodo 676 color 5
nodo 966 color 13
nodo 86 color 14
nodo 157 color 15
nodo 914 color 8
nodo 12 color 6
nodo 84 color 6
nodo 658 color 8
nodo 224 color 13
nodo 523 color 14
nodo 440 color 16
nodo 386 color 4
nodo 262 color 11
nodo 379 color 7
nodo 482 color 2
nodo 635 color 15
nodo 795 color 9
nodo 217 color 17
nodo 785 color 12
nodo 861 color 9
nodo 747 color 5
nodo 328 color 18
nodo 995 color 7
nodo 433 color 19
nodo 104 color 6
nodo 882 color 13
nodo 991 color 20
nodo 655 color 17
nodo 266 color 16
nodo 335 color 3
nodo 162 color 19
nodo 983 color 20
nodo 430 color 4
nodo 919 color 21
nodo 103 color 11
nodo 450 color 4
nodo 274 color 22
nodo 180 color 20
nodo 246 color 23
nodo 196 color 20
nodo 510 color 2
nodo 109 color 24
nodo 754 color 18
nodo 189 color 25
nodo 312 color 26
nodo 624 color 19
nodo 44 color 6
nodo 404 color 22
nodo 100 color 6
nodo 232 color 21
nodo 192 color 20
nodo 462 color 4
nodo 524 color 23
nodo 575 color 27
nodo 347 color 3
nodo 570 color 27
nodo 679 color 24
nodo 327 color 3
nodo 982 color 28
nodo 898 color 26
nodo 245 color 29
nodo 475 color 30
nodo 579 color 31
nodo 377 color 27
nodo 934 color 28
nodo 628 color 25
nodo 618 color 28
nodo 841 color 15
nodo 89 color 32
nodo 264 color 33
nodo 746 color 25
nodo 401 color 31
nodo 869 color 7
nodo 902 color 18
nodo 403 color 34
nodo 326 color 30
nodo 944 color 21
nodo 947 color 13
nodo 617 color 17
nodo 513 color 35
nodo 906 color 32
nodo 988 color 34
nodo 535 color 36
nodo 489 color 37
nodo 215 color 1
nodo 881 color 20
nodo 37 color 38
nodo 730 color 29
nodo 277 color 39
nodo 339 color 3
nodo 794 color 21
nodo 874 color 24
nodo 719 color 39
nodo 412 color 40
nodo 688 color 35
nodo 650 color 37
nodo 368 color 41
nodo 817 color 33
nodo 530 color 2
nodo 72 color 6
nodo 240 color 42
nodo 496 color 43
nodo 702 color 32
nodo 942 color 38
nodo 58 color 35
nodo 116 color 6
nodo 286 color 31
nodo 864 color 24
nodo 61 color 44
nodo 102 color 36
nodo 551 color 45
nodo 718 color 40
nodo 459 color 46
nodo 281 color 47
nodo 980 color 28
nodo 333 color 48
nodo 33 color 49
nodo 434 color 4
nodo 850 color 38
nodo 108 color 6
nodo 181 color 50
nodo 418 color 4
nodo 884 color 26
nodo 507 color 51
nodo 644 color 29
nodo 738 color 41
nodo 375 color 7
nodo 641 color 17
nodo 363 color 52
nodo 22 color 43
nodo 593 color 19
nodo 526 color 2
nodo 485 color 53
nodo 780 color 33
nodo 989 color 34
nodo 798 color 42
nodo 221 color 54
nodo 778 color 44
nodo 159 color 22
nodo 673 color 35
nodo 597 color 17
nodo 867 color 45
nodo 173 color 55
nodo 756 color 12
nodo 852 color 9
nodo 252 color 56
nodo 765 color 44
nodo 234 color 46
nodo 924 color 42
nodo 849 color 49
nodo 487 color 57
nodo 248 color 58
nodo 792 color 12
nodo 481 color 59
nodo 901 color 34
nodo 70 color 37
nodo 455 color 60
nodo 93 color 61
nodo 562 color 2
nodo 610 color 47
nodo 614 color 48
nodo 693 color 39
nodo 473 color 62
nodo 182 color 51
nodo 903 color 45
nodo 135 color 52
nodo 604 color 53
nodo 616 color 50
nodo 543 color 63
nodo 853 color 56
nodo 848 color 24
nodo 156 color 20
nodo 955 color 57
nodo 275 color 1
nodo 649 color 17
nodo 745 color 5
nodo 811 color 26
nodo 273 color 64
nodo 227 color 1
nodo 445 color 65
nodo 553 color 66
nodo 441 color 67
nodo 790 color 50
nodo 590 color 59
nodo 773 color 44
nodo 452 color 68
nodo 48 color 6
nodo 986 color 69
nodo 930 color 42
nodo 219 color 1
nodo 132 color 20
nodo 690 color 54
nodo 479 color 70
nodo 632 color 55
nodo 258 color 60
nodo 772 color 50
nodo 583 color 62
nodo 769 color 44
nodo 237 color 71
nodo 723 color 43
nodo 685 color 35
nodo 209 color 72
nodo 179 color 58
nodo 373 color 52
nodo 568 color 65
nodo 372 color 73
nodo 284 color 74
nodo 999 color 75
nodo 34 color 53
nodo 422 color 4
nodo 472 color 76
nodo 872 color 24
nodo 466 color 4
nodo 364 color 77
nodo 474 color 2
nodo 95 color 16
nodo 362 color 63
nodo 360 color 78
nodo 343 color 3
nodo 926 color 70
nodo 609 color 17
nodo 630 color 64
nodo 763 color 49
nodo 370 color 66
nodo 803 color 55
nodo 112 color 6
nodo 987 color 79
nodo 498 color 2
nodo 315 color 3
nodo 413 color 80
nodo 374 color 67
nodo 665 color 35
nodo 532 color 81
nodo 271 color 1
nodo 304 color 82
nodo 503 color 83
nodo 9 color 69
nodo 996 color 84
nodo 1 color 75
nodo 709 color 39
nodo 81 color 85
nodo 340 color 86
nodo 396 color 87
nodo 935 color 57
nodo 605 color 17
nodo 502 color 2
nodo 229 color 88
nodo 948 color 21
nodo 21 color 89
nodo 696 color 61
nodo 698 color 71
nodo 957 color 75
nodo 566 color 2
nodo 85 color 90
nodo 582 color 59
nodo 91 color 60
nodo 317 color 91
nodo 922 color 74
nodo 82 color 59
nodo 470 color 2
nodo 595 color 59
nodo 519 color 92
nodo 544 color 93
nodo 506 color 2
nodo 378 color 68
nodo 8 color 6
nodo 514 color 2
nodo 272 color 94
nodo 724 color 44
nodo 210 color 62
nodo 172 color 20
nodo 954 color 69
nodo 921 color 79
nodo 143 color 73
nodo 625 color 17
nodo 323 color 3
nodo 392 color 95
nodo 429 color 96
nodo 611 color 72
nodo 652 color 80
nodo 643 color 88
nodo 5 color 79
nodo 843 color 74
nodo 251 color 1
nodo 296 color 97
nodo 839 color 77
nodo 961 color 84
nodo 415 color 98
nodo 527 color 99
nodo 65 color 100
nodo 680 color 91
nodo 361 color 101
nodo 145 color 102
nodo 154 color 65
nodo 6 color 81
nodo 158 color 76
nodo 329 color 103
nodo 358 color 83
nodo 534 color 2
nodo 175 color 78
nodo 807 color 61
nodo 847 color 82
nodo 201 color 104
nodo 391 color 7
nodo 199 color 86
nodo 512 color 105
nodo 923 color 89
nodo 469 color 106
nodo 956 color 89
nodo 491 color 107
nodo 46 color 92
nodo 857 color 85
nodo 250 color 93
nodo 68 color 6
nodo 465 color 108
nodo 51 color 30
nodo 270 color 96
nodo 755 color 82
nodo 774 color 87
nodo 588 color 101
nodo 557 color 80
nodo 268 color 109
nodo 531 color 110
nodo 712 color 50
nodo 574 color 27
nodo 99 color 67
nodo 197 color 111
nodo 60 color 6
nodo 260 color 112
nodo 925 color 94
nodo 16 color 6
nodo 700 color 90
nodo 23 color 68
nodo 18 color 99
nodo 913 color 97
nodo 779 color 56
nodo 334 color 98
nodo 62 color 105
nodo 981 color 113
nodo 671 color 102
nodo 155 color 95
nodo 287 color 1
nodo 241 color 114
nodo 483 color 115
nodo 73 color 116
nodo 384 color 117
nodo 682 color 103
nodo 427 color 113
nodo 365 color 118
nodo 464 color 119
nodo 548 color 120
nodo 564 color 96
nodo 463 color 121
nodo 380 color 122
nodo 636 color 104
nodo 586 color 59
nodo 845 color 100
nodo 563 color 118
nodo 139 color 98
nodo 717 color 25
nodo 230 color 106
nodo 107 color 109
nodo 111 color 112
nodo 873 color 107
nodo 545 color 123
nodo 126 color 108
nodo 516 color 124
nodo 106 color 110
nodo 594 color 59
nodo 968 color 121
nodo 549 color 125
nodo 411 color 126
nodo 600 color 108
nodo 560 color 127
nodo 528 color 128
nodo 478 color 2
nodo 437 color 127
nodo 398 color 115
nodo 204 color 84
nodo 88 color 6
nodo 721 color 25
nodo 2 color 120
nodo 456 color 129
nodo 168 color 20
nodo 280 color 130
nodo 35 color 115
nodo 782 color 90
nodo 587 color 106
nodo 342 color 119
nodo 893 color 82
nodo 550 color 2
nodo 899 color 70
nodo 174 color 123
nodo 117 color 131
nodo 537 color 132
nodo 638 color 111
nodo 741 color 5
nodo 660 color 114
nodo 546 color 2
nodo 797 color 69
nodo 648 color 125
nodo 77 color 133
nodo 670 color 131
nodo 31 color 117
nodo 678 color 132
nodo 504 color 134
nodo 799 color 85
nodo 713 color 39
nodo 305 color 135
nodo 599 color 123
nodo 743 color 77
nodo 664 color 135
nodo 194 color 124
nodo 471 color 136
nodo 49 color 137
nodo 140 color 20
nodo 30 color 125
nodo 547 color 138
nodo 366 color 126
nodo 446 color 4
nodo 255 color 1
nodo 17 color 139
nodo 915 color 116
nodo 484 color 140
nodo 521 color 141
nodo 191 color 122
nodo 239 color 1
nodo 133 color 142
nodo 814 color 94
nodo 278 color 127
nodo 939 color 121
nodo 895 color 130
nodo 314 color 128
nodo 52 color 6
nodo 984 color 69
nodo 26 color 132
nodo 176 color 20
nodo 837 color 84
nodo 704 color 12
nodo 208 color 143
nodo 276 color 144
nodo 796 color 33
nodo 949 color 21
nodo 854 color 57
nodo 620 color 141
nodo 748 color 55
nodo 800 color 33
nodo 701 color 39
nodo 129 color 145
nodo 592 color 146
nodo 518 color 2
nodo 975 color 8
nodo 808 color 33
nodo 417 color 146
nodo 838 color 89
nodo 940 color 38
nodo 64 color 6
nodo 735 color 81
nodo 101 color 147
nodo 716 color 87
nodo 24 color 6
nodo 166 color 129
nodo 357 color 148
nodo 320 color 149
nodo 371 color 52
nodo 183 color 143
nodo 825 color 102
nodo 653 color 17
nodo 572 color 148
nodo 493 color 150
nodo 393 color 151
nodo 932 color 38
nodo 56 color 6
nodo 577 color 37
nodo 844 color 24
nodo 971 color 28
nodo 626 color 150
nodo 681 color 35
nodo 675 color 142
nodo 307 color 3
nodo 400 color 152
nodo 742 color 91
nodo 325 color 153
nodo 835 color 97
nodo 130 color 134
nodo 836 color 15
nodo 294 color 136
nodo 656 color 145
nodo 953 color 139
nodo 969 color 7
nodo 443 color 154
nodo 299 color 1
nodo 13 color 155
nodo 821 color 75
nodo 164 color 20
nodo 647 color 151
nodo 978 color 154
nodo 985 color 155
nodo 389 color 156
nodo 243 color 1
nodo 309 color 157
nodo 967 color 113
nodo 728 color 104
nodo 488 color 158
nodo 705 color 39
nodo 200 color 20
nodo 559 color 156
nodo 242 color 138
nodo 642 color 153
nodo 801 color 133
nodo 212 color 159
nodo 856 color 9
nodo 114 color 140
nodo 324 color 160
nodo 833 color 137
nodo 633 color 17
nodo 886 color 139
nodo 367 color 52
nodo 691 color 147
nodo 762 color 114
nodo 381 color 161
nodo 927 color 130
nodo 888 color 26
nodo 866 color 142
nodo 891 color 74
nodo 666 color 157
nodo 457 color 162
nodo 435 color 163
nodo 40 color 6
nodo 161 color 164
nodo 331 color 3
nodo 346 color 158
nodo 657 color 35
nodo 758 color 116
nodo 167 color 126
nodo 71 color 46
nodo 703 color 100
nodo 918 color 144
nodo 468 color 165
nodo 766 color 104
nodo 812 color 15
nodo 302 color 162
nodo 578 color 31
nodo 727 color 120
nodo 697 color 39
nodo 238 color 163
nodo 236 color 166
nodo 770 color 144
nodo 767 color 145
nodo 25 color 167
nodo 789 color 12
nodo 818 color 149
nodo 749 color 114
nodo 876 color 26
nodo 734 color 135
nodo 602 color 161
nodo 791 color 152
nodo 651 color 164
nodo 295 color 1
nodo 533 color 168
nodo 311 color 3
nodo 858 color 147
nodo 823 color 159
nodo 860 color 9
nodo 880 color 26
nodo 639 color 168
nodo 634 color 169
nodo 345 color 169
nodo 943 color 166
nodo 388 color 170
nodo 28 color 6
nodo 689 color 39
nodo 402 color 4
nodo 83 color 160
nodo 426 color 4
nodo 753 color 114
nodo 707 color 101
nodo 517 color 171
nodo 840 color 15
nodo 911 color 159
nodo 353 color 172
nodo 337 color 173
nodo 737 color 25
nodo 461 color 174
nodo 499 color 175
nodo 710 color 148
nodo 950 color 154
nodo 214 color 146
nodo 259 color 1
nodo 137 color 176
nodo 667 color 171
nodo 149 color 177
nodo 59 color 119
nodo 637 color 17
nodo 928 color 38
nodo 834 color 164
nodo 540 color 178
nodo 569 color 19
nodo 293 color 179
nodo 663 color 172
nodo 253 color 180
nodo 332 color 181
nodo 431 color 182
nodo 122 color 141
nodo 39 color 136
nodo 896 color 26
nodo 565 color 146
nodo 141 color 183
nodo 97 color 184
nodo 904 color 32
nodo 865 color 155
nodo 87 color 162
nodo 438 color 4
nodo 863 color 70
nodo 45 color 185
nodo 425 color 186
nodo 98 color 150
nodo 963 color 166
nodo 41 color 187
nodo 920 color 42
nodo 883 color 167
nodo 115 color 163
nodo 169 color 188
nodo 460 color 189
nodo 684 color 173
nodo 300 color 190
nodo 283 color 1
nodo 536 color 191
nodo 310 color 165
nodo 222 color 174
nodo 170 color 175
nodo 406 color 4
nodo 855 color 130
nodo 788 color 55
nodo 76 color 6
nodo 820 color 15
nodo 768 color 61
nodo 291 color 1
nodo 494 color 2
nodo 784 color 133
nodo 672 color 176
nodo 285 color 192
nodo 69 color 193
nodo 776 color 137
nodo 729 color 25
nodo 477 color 194
nodo 708 color 133
nodo 581 color 35
nodo 771 color 167
nodo 150 color 168
nodo 190 color 178
nodo 424 color 195
nodo 937 color 182
nodo 908 color 42
nodo 813 color 170
nodo 580 color 174
nodo 32 color 6
nodo 205 color 196
nodo 958 color 89
nodo 341 color 197
nodo 421 color 198
nodo 288 color 199
nodo 556 color 198
nodo 306 color 186
nodo 877 color 181
nodo 432 color 200
nodo 247 color 1
nodo 269 color 201
nodo 75 color 179
nodo 859 color 183
nodo 661 color 35
nodo 752 color 90
nodo 453 color 202
nodo 439 color 203
nodo 256 color 204
nodo 397 color 205
nodo 777 color 44
nodo 878 color 166
nodo 38 color 171
nodo 674 color 177
nodo 819 color 45
nodo 992 color 79
nodo 871 color 159
nodo 894 color 184
nodo 596 color 180
nodo 128 color 20
nodo 889 color 185
nodo 589 color 47
nodo 142 color 189
nodo 977 color 203
nodo 350 color 191
nodo 751 color 176
nodo 826 color 187
nodo 383 color 7
nodo 344 color 206
nodo 830 color 188
nodo 509 color 207
nodo 694 color 192
nodo 804 color 33
nodo 207 color 3
nodo 946 color 187
nodo 714 color 180
nodo 467 color 208
nodo 138 color 194
nodo 382 color 195
nodo 601 color 17
nodo 731 color 183
nodo 787 color 181
nodo 931 color 193
nodo 92 color 6
nodo 120 color 6
nodo 764 color 133
nodo 447 color 209
nodo 522 color 2
nodo 501 color 210
nodo 711 color 184
nodo 66 color 207
nodo 905 color 190
nodo 53 color 211
nodo 529 color 212
nodo 359 color 52
nodo 202 color 198
nodo 454 color 4
nodo 211 color 1
nodo 193 color 213
nodo 662 color 196
nodo 640 color 194
nodo 542 color 2
nodo 552 color 205
nodo 407 color 214
nodo 218 color 200
nodo 879 color 97
nodo 476 color 215
nodo 225 color 216
nodo 124 color 6
nodo 910 color 199
nodo 349 color 217
nodo 399 color 7
nodo 385 color 218
nodo 870 color 121
nodo 646 color 197
nodo 815 color 185
nodo 152 color 20
nodo 148 color 20
nodo 571 color 186
nodo 63 color 165
nodo 629 color 17
nodo 94 color 208
nodo 216 color 219
nodo 720 color 152
nodo 57 color 220
nodo 917 color 204
nodo 265 color 221
nodo 757 color 114
nodo 584 color 201
nodo 619 color 202
nodo 607 color 207
nodo 409 color 66
nodo 144 color 20
nodo 699 color 188
nodo 733 color 25
nodo 732 color 137
nodo 257 color 222
nodo 119 color 195
nodo 781 color 90
nodo 292 color 223
nodo 15 color 158
nodo 793 color 206
nodo 972 color 8
nodo 195 color 216
nodo 725 color 25
nodo 318 color 209
nodo 622 color 210
nodo 912 color 42
nodo 964 color 13
nodo 185 color 224
nodo 631 color 212
nodo 916 color 42
nodo 177 color 225
nodo 282 color 214
nodo 659 color 213
nodo 976 color 203
nodo 105 color 226
nodo 573 color 48
nodo 933 color 211
nodo 816 color 15
nodo 298 color 215
nodo 47 color 209
nodo 490 color 2
nodo 951 color 219
nodo 997 color 84
nodo 806 color 190
nodo 892 color 26
nodo 390 color 227
nodo 538 color 2
nodo 555 color 218
nodo 585 color 53
nodo 290 color 228
nodo 20 color 6
nodo 220 color 229
nodo 576 color 217
nodo 10 color 210
nodo 495 color 227
nodo 7 color 214
nodo 376 color 230
nodo 692 color 221
nodo 480 color 228
nodo 423 color 231
nodo 809 color 220
nodo 832 color 15
nodo 118 color 202
nodo 890 color 219
nodo 78 color 212
nodo 822 color 193
nodo 96 color 6
nodo 14 color 232
nodo 695 color 222
nodo 970 color 219
nodo 990 color 233
nodo 289 color 234
nodo 842 color 211
nodo 163 color 223
nodo 1000 color 235
nodo 761 color 87
nodo 974 color 229
nodo 228 color 236
nodo 319 color 3
nodo 887 color 182
nodo 654 color 224
nodo 127 color 230
nodo 36 color 6
nodo 722 color 201
nodo 428 color 237
nodo 223 color 1
nodo 907 color 231
nodo 11 color 215
nodo 451 color 238
nodo 744 color 149
nodo 726 color 217
nodo 606 color 232
nodo 55 color 234
nodo 715 color 225
nodo 846 color 226
nodo 134 color 238
nodo 824 color 15
nodo 868 color 24
nodo 598 color 123
nodo 43 color 228
nodo 354 color 237
nodo 123 color 236
nodo 525 color 232
nodo 113 color 239
nodo 233 color 240
nodo 449 color 241
nodo 74 color 242
nodo 827 color 199
nodo 394 color 241
nodo 322 color 243
nodo 110 color 244
nodo 408 color 243
nodo 612 color 240
nodo 313 color 245
nodo 160 color 20
nodo 4 color 6
nodo 165 color 246
nodo 621 color 17
nodo 885 color 203
nodo 960 color 121
nodo 188 color 20
nodo 387 color 7
nodo 962 color 233
nodo 608 color 242
nodo 929 color 235
nodo 875 color 199
nodo 541 color 242
nodo 458 color 4
nodo 739 color 226
nodo 338 color 247
nodo 802 color 204
nodo 206 color 248
nodo 303 color 3
nodo 153 color 249
nodo 184 color 20
nodo 330 color 250
nodo 356 color 251
nodo 941 color 231
nodo 627 color 244
nodo 79 color 237
nodo 50 color 252
nodo 336 color 253
nodo 623 color 245
nodo 442 color 4
nodo 973 color 254
nodo 810 color 239
nodo 668 color 239
nodo 945 color 255
nodo 979 color 34
nodo 308 color 256
nodo 669 color 35
nodo 67 color 241
nodo 740 color 170
nodo 321 color 257
nodo 420 color 247
nodo 993 color 79
nodo 828 color 15
nodo 147 color 243
nodo 615 color 252
nodo 965 color 258
nodo 786 color 246
nodo 558 color 2
nodo 554 color 2
nodo 351 color 52
nodo 369 color 259
nodo 851 color 184
nodo 539 color 248
nodo 131 color 247
nodo 759 color 221
nodo 805 color 229
nodo 952 color 89
nodo 775 color 240
nodo 136 color 20
nodo 263 color 1
nodo 279 color 1
nodo 213 color 260
nodo 352 color 261
nodo 178 color 262
nodo 254 color 263
nodo 416 color 250
nodo 151 color 250
nodo 706 color 249
nodo 80 color 6
nodo 783 color 251
nodo 994 color 75
nodo 186 color 264
nodo 492 color 262
nodo 900 color 256
nodo 436 color 263
nodo 444 color 264
nodo 29 color 255
nodo 750 color 253
nodo 3 color 227
nodo 486 color 2
nodo 683 color 257
nodo 27 color 259
nodo 203 color 86
nodo 508 color 265
nodo 686 color 254
nodo 760 color 206
nodo 42 color 265
nodo 297 color 266
nodo 249 color 267
nodo 687 color 260
nodo 520 color 268
nodo 603 color 266
nodo 862 color 251
nodo 645 color 17
nodo 146 color 268
nodo 198 color 269
nodo 19 color 261
nodo 936 color 38
nodo 410 color 4
nodo 244 color 258
nodo 897 color 270
nodo 831 color 256
nodo 355 color 52
nodo 909 color 256
nodo 515 color 269
nodo 938 color 254
nodo 500 color 271
nodo 677 color 35
nodo 395 color 7
nodo 226 color 271
nodo 419 color 233
nodo 561 color 151
nodo 736 color 220
nodo 613 color 17
nodo 497 color 244
nodo 591 color 267
nodo 829 color 258
nodo 316 color 270
nodo 267 color 1
