1000 273 374500 74.97497497497497 749 749
nodo 844 color 1
nodo 381 color 2
nodo 482 color 3
nodo 447 color 1
nodo 190 color 3
nodo 420 color 4
nodo 264 color 5
nodo 369 color 6
nodo 135 color 2
nodo 365 color 7
nodo 880 color 1
nodo 127 color 4
nodo 516 color 3
nodo 198 color 8
nodo 838 color 5
nodo 497 color 8
nodo 36 color 9
nodo 371 color 2
nodo 389 color 10
nodo 383 color 10
nodo 263 color 2
nodo 517 color 11
nodo 525 color 12
nodo 725 color 13
nodo 316 color 14
nodo 945 color 5
nodo 426 color 3
nodo 541 color 15
nodo 807 color 14
nodo 133 color 9
nodo 210 color 11
nodo 944 color 5
nodo 531 color 16
nodo 763 color 17
nodo 960 color 18
nodo 939 color 18
nodo 91 color 6
nodo 555 color 19
nodo 496 color 13
nodo 126 color 12
nodo 258 color 4
nodo 924 color 16
nodo 693 color 7
nodo 412 color 17
nodo 72 color 9
nodo 339 color 2
nodo 206 color 15
nodo 855 color 16
nodo 224 color 18
nodo 181 color 20
nodo 60 color 9
nodo 499 color 21
nodo 589 color 7
nodo 173 color 22
nodo 165 color 23
nodo 291 color 2
nodo 151 color 10
nodo 954 color 24
nodo 459 color 24
nodo 428 color 25
nodo 535 color 26
nodo 64 color 9
nodo 244 color 27
nodo 230 color 19
nodo 448 color 28
nodo 326 color 21
nodo 956 color 18
nodo 766 color 20
nodo 498 color 3
nodo 219 color 2
nodo 346 color 25
nodo 235 color 2
nodo 925 color 16
nodo 308 color 29
nodo 275 color 2
nodo 324 color 30
nodo 692 color 20
nodo 644 color 12
nodo 265 color 31
nodo 579 color 8
nodo 990 color 32
nodo 572 color 33
nodo 212 color 32
nodo 362 color 26
nodo 810 color 22
nodo 119 color 25
nodo 400 color 34
nodo 325 color 33
nodo 124 color 9
nodo 849 color 27
nodo 50 color 35
nodo 96 color 9
nodo 633 color 7
nodo 720 color 17
nodo 422 color 3
nodo 7 color 28
nodo 546 color 19
nodo 404 color 36
nodo 289 color 37
nodo 451 color 38
nodo 625 color 7
nodo 356 color 39
nodo 458 color 3
nodo 915 color 24
nodo 907 color 29
nodo 901 color 14
nodo 760 color 13
nodo 345 color 40
nodo 712 color 22
nodo 704 color 23
nodo 402 color 4
nodo 104 color 9
nodo 323 color 2
nodo 584 color 11
nodo 15 color 30
nodo 435 color 41
nodo 585 color 12
nodo 801 color 23
nodo 411 color 42
nodo 470 color 3
nodo 518 color 15
nodo 139 color 31
nodo 481 color 35
nodo 833 color 32
nodo 361 color 43
nodo 615 color 35
nodo 29 color 44
nodo 588 color 37
nodo 683 color 40
nodo 658 color 43
nodo 202 color 36
nodo 281 color 45
nodo 829 color 34
nodo 335 color 2
nodo 671 color 45
nodo 394 color 28
nodo 261 color 46
nodo 590 color 46
nodo 164 color 47
nodo 375 color 2
nodo 157 color 48
nodo 895 color 16
nodo 84 color 9
nodo 593 color 35
nodo 62 color 49
nodo 934 color 38
nodo 52 color 9
nodo 245 color 50
nodo 503 color 49
nodo 661 color 7
nodo 632 color 50
nodo 156 color 47
nodo 16 color 9
nodo 81 color 51
nodo 882 color 1
nodo 121 color 52
nodo 530 color 15
nodo 591 color 46
nodo 300 color 53
nodo 260 color 54
nodo 543 color 55
nodo 902 color 41
nodo 269 color 56
nodo 357 color 57
nodo 963 color 18
nodo 679 color 48
nodo 862 color 18
nodo 716 color 33
nodo 534 color 15
nodo 208 color 47
nodo 524 color 58
nodo 354 color 42
nodo 619 color 56
nodo 24 color 9
nodo 380 color 59
nodo 209 color 60
nodo 556 color 61
nodo 276 color 62
nodo 977 color 47
nodo 455 color 63
nodo 674 color 52
nodo 337 color 64
nodo 542 color 19
nodo 296 color 65
nodo 431 color 66
nodo 696 color 7
nodo 768 color 22
nodo 757 color 13
nodo 637 color 7
nodo 437 color 67
nodo 740 color 34
nodo 837 color 39
nodo 529 color 68
nodo 233 color 69
nodo 116 color 9
nodo 515 color 70
nodo 647 color 57
nodo 788 color 22
nodo 702 color 37
nodo 785 color 44
nodo 595 color 64
nodo 364 color 71
nodo 220 color 72
nodo 59 color 42
nodo 86 color 55
nodo 194 color 58
nodo 870 color 51
nodo 751 color 50
nodo 3 color 21
nodo 581 color 40
nodo 1000 color 73
nodo 450 color 3
nodo 241 color 74
nodo 336 color 75
nodo 475 color 76
nodo 153 color 77
nodo 322 color 61
nodo 731 color 39
nodo 952 color 24
nodo 474 color 3
nodo 136 color 47
nodo 970 color 32
nodo 249 color 78
nodo 846 color 38
nodo 427 color 79
nodo 519 color 80
nodo 811 color 51
nodo 355 color 2
nodo 396 color 81
nodo 430 color 3
nodo 971 color 41
nodo 551 color 82
nodo 966 color 27
nodo 492 color 83
nodo 262 color 63
nodo 604 color 60
nodo 247 color 2
nodo 984 color 66
nodo 376 color 84
nodo 574 color 67
nodo 467 color 85
nodo 232 color 86
nodo 250 color 67
nodo 4 color 9
nodo 887 color 53
nodo 900 color 14
nodo 95 color 54
nodo 958 color 44
nodo 367 color 2
nodo 489 color 87
nodo 603 color 68
nodo 182 color 68
nodo 55 color 59
nodo 416 color 88
nodo 109 color 89
nodo 611 color 69
nodo 293 color 90
nodo 152 color 47
nodo 78 color 70
nodo 26 color 80
nodo 393 color 91
nodo 349 color 92
nodo 926 color 47
nodo 600 color 74
nodo 536 color 93
nodo 90 color 76
nodo 553 color 91
nodo 373 color 94
nodo 378 color 79
nodo 660 color 77
nodo 951 color 72
nodo 940 color 5
nodo 705 color 33
nodo 385 color 95
nodo 143 color 62
nodo 941 color 73
nodo 73 color 96
nodo 701 color 33
nodo 987 color 97
nodo 227 color 2
nodo 708 color 60
nodo 237 color 98
nodo 502 color 3
nodo 759 color 53
nodo 918 color 65
nodo 344 color 99
nodo 745 color 13
nodo 47 color 63
nodo 63 color 71
nodo 793 color 60
nodo 295 color 2
nodo 270 color 82
nodo 201 color 100
nodo 792 color 23
nodo 374 color 83
nodo 781 color 44
nodo 803 color 75
nodo 473 color 101
nodo 622 color 78
nodo 97 color 102
nodo 366 color 85
nodo 363 color 2
nodo 30 color 87
nodo 746 color 74
nodo 561 color 43
nodo 854 color 72
nodo 414 color 3
nodo 310 color 88
nodo 123 color 79
nodo 910 color 86
nodo 185 color 103
nodo 946 color 66
nodo 514 color 3
nodo 861 color 75
nodo 573 color 57
nodo 176 color 73
nodo 554 color 19
nodo 857 color 84
nodo 983 color 104
nodo 975 color 66
nodo 439 color 105
nodo 786 color 29
nodo 845 color 81
nodo 38 color 93
nodo 215 color 10
nodo 179 color 90
nodo 134 color 101
nodo 571 color 92
nodo 938 color 104
nodo 813 color 77
nodo 980 color 104
nodo 101 color 106
nodo 471 color 107
nodo 831 color 48
nodo 75 color 88
nodo 974 color 86
nodo 631 color 87
nodo 547 color 108
nodo 138 color 105
nodo 318 color 107
nodo 314 color 108
nodo 32 color 9
nodo 58 color 109
nodo 806 color 65
nodo 698 color 89
nodo 575 color 67
nodo 752 color 77
nodo 860 color 1
nodo 710 color 93
nodo 626 color 91
nodo 74 color 110
nodo 128 color 9
nodo 709 color 33
nodo 917 color 96
nodo 894 color 102
nodo 703 color 81
nodo 407 color 97
nodo 476 color 109
nodo 277 color 111
nodo 795 color 60
nodo 77 color 112
nodo 609 color 7
nodo 298 color 113
nodo 484 color 110
nodo 424 color 113
nodo 392 color 114
nodo 464 color 115
nodo 71 color 94
nodo 45 color 116
nodo 418 color 3
nodo 76 color 9
nodo 697 color 89
nodo 93 color 117
nodo 773 color 44
nodo 218 color 115
nodo 187 color 95
nodo 884 color 14
nodo 120 color 9
nodo 320 color 118
nodo 628 color 98
nodo 732 color 98
nodo 510 color 3
nodo 559 color 119
nodo 888 color 14
nodo 180 color 73
nodo 629 color 7
nodo 920 color 112
nodo 620 color 100
nodo 501 color 120
nodo 183 color 99
nodo 540 color 121
nodo 655 color 103
nodo 461 color 122
nodo 33 color 123
nodo 343 color 2
nodo 520 color 124
nodo 544 color 125
nodo 486 color 3
nodo 761 color 17
nodo 299 color 2
nodo 997 color 126
nodo 83 color 111
nodo 500 color 127
nodo 639 color 101
nodo 307 color 2
nodo 468 color 128
nodo 843 color 53
nodo 835 color 96
nodo 313 color 129
nodo 6 color 119
nodo 578 color 8
nodo 108 color 9
nodo 203 color 114
nodo 714 color 100
nodo 552 color 130
nodo 188 color 73
nodo 200 color 73
nodo 850 color 106
nodo 657 color 7
nodo 742 color 112
nodo 147 color 113
nodo 158 color 120
nodo 967 color 47
nodo 521 color 131
nodo 48 color 9
nodo 651 color 122
nodo 390 color 121
nodo 809 color 116
nodo 733 color 13
nodo 14 color 124
nodo 452 color 132
nodo 508 color 133
nodo 253 color 134
nodo 818 color 117
nodo 610 color 104
nodo 387 color 10
nodo 479 color 135
nodo 177 color 136
nodo 228 color 137
nodo 111 color 118
nodo 444 color 138
nodo 46 color 125
nodo 678 color 129
nodo 42 color 127
nodo 774 color 98
nodo 480 color 139
nodo 582 color 11
nodo 338 color 128
nodo 413 color 61
nodo 144 color 47
nodo 234 color 130
nodo 272 color 140
nodo 875 color 123
nodo 537 color 141
nodo 580 color 120
nodo 719 color 84
nodo 834 color 132
nodo 5 color 142
nodo 509 color 143
nodo 487 color 144
nodo 321 color 145
nodo 110 color 122
nodo 248 color 146
nodo 65 color 147
nodo 937 color 97
nodo 914 color 123
nodo 599 color 131
nodo 225 color 148
nodo 443 color 149
nodo 947 color 135
nodo 673 color 7
nodo 744 color 116
nodo 85 color 150
nodo 350 color 133
nodo 408 color 151
nodo 466 color 3
nodo 909 color 126
nodo 106 color 131
nodo 659 color 134
nodo 782 color 136
nodo 783 color 102
nodo 333 color 152
nodo 10 color 141
nodo 302 color 138
nodo 889 color 137
nodo 429 color 153
nodo 288 color 154
nodo 192 color 73
nodo 770 color 139
nodo 652 color 136
nodo 778 color 140
nodo 645 color 7
nodo 267 color 2
nodo 762 color 142
nodo 957 color 142
nodo 577 color 64
nodo 186 color 143
nodo 548 color 155
nodo 739 color 106
nodo 454 color 3
nodo 99 color 138
nodo 445 color 156
nodo 891 color 144
nodo 662 color 141
nodo 527 color 157
nodo 949 color 146
nodo 545 color 158
nodo 372 color 159
nodo 988 color 32
nodo 20 color 9
nodo 905 color 140
nodo 495 color 160
nodo 867 color 147
nodo 456 color 161
nodo 211 color 90
nodo 301 color 162
nodo 878 color 135
nodo 721 color 13
nodo 767 color 147
nodo 167 color 145
nodo 51 color 85
nodo 808 color 22
nodo 23 color 107
nodo 512 color 163
nodo 57 color 164
nodo 753 color 13
nodo 11 color 83
nodo 749 color 13
nodo 999 color 165
nodo 114 color 155
nodo 184 color 73
nodo 44 color 9
nodo 691 color 148
nodo 790 color 146
nodo 779 color 150
nodo 221 color 166
nodo 817 color 151
nodo 207 color 90
nodo 991 color 167
nodo 943 color 144
nodo 49 color 168
nodo 684 color 117
nodo 981 color 126
nodo 160 color 47
nodo 816 color 34
nodo 558 color 119
nodo 735 color 124
nodo 921 color 112
nodo 398 color 149
nodo 358 color 153
nodo 666 color 152
nodo 303 color 2
nodo 239 color 2
nodo 327 color 2
nodo 841 color 154
nodo 741 color 13
nodo 568 color 156
nodo 832 color 81
nodo 996 color 167
nodo 562 color 67
nodo 504 color 169
nodo 634 color 158
nodo 856 color 1
nodo 347 color 2
nodo 213 color 170
nodo 596 color 143
nodo 379 color 2
nodo 21 color 171
nodo 440 color 172
nodo 995 color 173
nodo 266 color 156
nodo 847 color 102
nodo 399 color 126
nodo 865 color 150
nodo 149 color 174
nodo 670 color 162
nodo 490 color 3
nodo 222 color 157
nodo 472 color 175
nodo 98 color 158
nodo 822 color 159
nodo 649 color 7
nodo 689 color 7
nodo 155 color 166
nodo 19 color 128
nodo 141 color 176
nodo 802 color 161
nodo 312 color 177
nodo 419 color 178
nodo 377 color 179
nodo 842 color 160
nodo 334 color 163
nodo 986 color 173
nodo 827 color 123
nodo 397 color 180
nodo 672 color 170
nodo 122 color 169
nodo 707 color 109
nodo 292 color 181
nodo 899 color 164
nodo 728 color 136
nodo 805 color 165
nodo 197 color 182
nodo 839 color 137
nodo 583 color 179
nodo 688 color 174
nodo 304 color 183
nodo 511 color 184
nodo 352 color 185
nodo 919 color 142
nodo 747 color 164
nodo 189 color 186
nodo 238 color 172
nodo 297 color 187
nodo 166 color 175
nodo 216 color 188
nodo 284 color 189
nodo 738 color 168
nodo 465 color 190
nodo 607 color 180
nodo 621 color 7
nodo 87 color 149
nodo 881 color 167
nodo 682 color 176
nodo 618 color 173
nodo 286 color 178
nodo 273 color 191
nodo 794 color 170
nodo 812 color 34
nodo 162 color 184
nodo 868 color 1
nodo 700 color 182
nodo 438 color 3
nodo 118 color 190
nodo 274 color 192
nodo 172 color 47
nodo 898 color 171
nodo 942 color 160
nodo 174 color 193
nodo 1 color 165
nodo 539 color 192
nodo 598 color 131
nodo 923 color 146
nodo 401 color 82
nodo 259 color 2
nodo 154 color 194
nodo 950 color 168
nodo 715 color 125
nodo 205 color 195
nodo 251 color 2
nodo 92 color 9
nodo 686 color 186
nodo 68 color 9
nodo 382 color 196
nodo 178 color 197
nodo 764 color 23
nodo 796 color 22
nodo 848 color 1
nodo 242 color 198
nodo 791 color 171
nodo 550 color 19
nodo 675 color 187
nodo 169 color 199
nodo 329 color 200
nodo 8 color 9
nodo 283 color 2
nodo 821 color 174
nodo 150 color 201
nodo 780 color 34
nodo 331 color 2
nodo 722 color 191
nodo 681 color 7
nodo 687 color 195
nodo 665 color 7
nodo 70 color 202
nodo 787 color 177
nodo 142 color 203
nodo 640 color 190
nodo 148 color 47
nodo 168 color 47
nodo 931 color 72
nodo 80 color 9
nodo 597 color 12
nodo 27 color 153
nodo 826 color 181
nodo 955 color 41
nodo 137 color 204
nodo 872 color 1
nodo 311 color 2
nodo 457 color 193
nodo 638 color 199
nodo 405 color 130
nodo 913 color 173
nodo 278 color 205
nodo 798 color 182
nodo 743 color 185
nodo 102 color 206
nodo 676 color 200
nodo 680 color 202
nodo 257 color 207
nodo 976 color 188
nodo 825 color 183
nodo 871 color 177
nodo 31 color 178
nodo 836 color 39
nodo 823 color 189
nodo 18 color 208
nodo 61 color 209
nodo 789 color 170
nodo 617 color 7
nodo 723 color 132
nodo 772 color 60
nodo 268 color 210
nodo 586 color 46
nodo 39 color 196
nodo 279 color 2
nodo 755 color 204
nodo 758 color 207
nodo 256 color 211
nodo 883 color 96
nodo 993 color 73
nodo 656 color 204
nodo 25 color 212
nodo 353 color 213
nodo 360 color 214
nodo 694 color 208
nodo 395 color 126
nodo 643 color 203
nodo 602 color 193
nodo 908 color 65
nodo 478 color 3
nodo 927 color 168
nodo 386 color 215
nodo 341 color 216
nodo 131 color 198
nodo 858 color 185
nodo 271 color 2
nodo 718 color 127
nodo 113 color 217
nodo 897 color 188
nodo 384 color 218
nodo 449 color 194
nodo 840 color 81
nodo 255 color 2
nodo 477 color 196
nodo 506 color 3
nodo 677 color 7
nodo 623 color 194
nodo 513 color 197
nodo 933 color 209
nodo 642 color 206
nodo 648 color 207
nodo 892 color 14
nodo 630 color 201
nodo 446 color 3
nodo 294 color 219
nodo 223 color 2
nodo 866 color 210
nodo 605 color 7
nodo 713 color 33
nodo 930 color 181
nodo 140 color 47
nodo 105 color 220
nodo 885 color 189
nodo 711 color 213
nodo 685 color 7
nodo 654 color 216
nodo 852 color 1
nodo 432 color 198
nodo 906 color 211
nodo 463 color 205
nodo 67 color 172
nodo 982 color 188
nodo 668 color 217
nodo 359 color 2
nodo 717 color 50
nodo 776 color 116
nodo 370 color 221
nodo 799 color 210
nodo 690 color 220
nodo 417 color 215
nodo 204 color 167
nodo 436 color 219
nodo 117 color 222
nodo 985 color 165
nodo 112 color 9
nodo 79 color 214
nodo 612 color 191
nodo 488 color 221
nodo 306 color 223
nodo 922 color 212
nodo 351 color 2
nodo 146 color 224
nodo 959 color 86
nodo 979 color 225
nodo 896 color 14
nodo 606 color 197
nodo 998 color 226
nodo 664 color 222
nodo 226 color 227
nodo 549 color 201
nodo 564 color 213
nodo 100 color 9
nodo 748 color 117
nodo 706 color 209
nodo 433 color 203
nodo 425 color 223
nodo 948 color 24
nodo 663 color 228
nodo 132 color 9
nodo 814 color 212
nodo 315 color 2
nodo 874 color 228
nodo 734 color 218
nodo 594 color 143
nodo 170 color 229
nodo 342 color 230
nodo 391 color 114
nodo 815 color 103
nodo 877 color 225
nodo 771 color 217
nodo 193 color 231
nodo 863 color 164
nodo 936 color 5
nodo 912 color 65
nodo 800 color 22
nodo 9 color 225
nodo 557 color 180
nodo 567 color 223
nodo 729 color 13
nodo 911 color 232
nodo 89 color 232
nodo 82 color 233
nodo 886 color 234
nodo 851 color 171
nodo 229 color 235
nodo 285 color 236
nodo 973 color 226
nodo 614 color 224
nodo 653 color 7
nodo 669 color 7
nodo 953 color 234
nodo 667 color 231
nodo 317 color 237
nodo 53 color 238
nodo 17 color 234
nodo 129 color 239
nodo 522 color 15
nodo 66 color 240
nodo 526 color 15
nodo 819 color 211
nodo 469 color 202
nodo 727 color 235
nodo 890 color 238
nodo 340 color 241
nodo 853 color 226
nodo 22 color 242
nodo 115 color 215
nodo 726 color 232
nodo 864 color 1
nodo 765 color 20
nodo 820 color 34
nodo 754 color 222
nodo 453 color 206
nodo 961 color 243
nodo 876 color 1
nodo 94 color 244
nodo 409 color 227
nodo 56 color 9
nodo 587 color 227
nodo 935 color 243
nodo 171 color 230
nodo 523 color 229
nodo 736 color 139
nodo 994 color 97
nodo 566 color 67
nodo 485 color 224
nodo 214 color 245
nodo 441 color 245
nodo 287 color 2
nodo 217 color 246
nodo 328 color 247
nodo 636 color 233
nodo 769 color 98
nodo 410 color 3
nodo 962 color 248
nodo 388 color 249
nodo 282 color 250
nodo 695 color 236
nodo 569 color 101
nodo 916 color 65
nodo 777 color 44
nodo 243 color 2
nodo 756 color 151
nodo 969 color 251
nodo 305 color 252
nodo 199 color 114
nodo 493 color 208
nodo 415 color 230
nodo 650 color 237
nodo 978 color 253
nodo 41 color 254
nodo 932 color 5
nodo 624 color 235
nodo 290 color 255
nodo 491 color 240
nodo 784 color 77
nodo 641 color 7
nodo 828 color 34
nodo 246 color 256
nodo 570 color 67
nodo 560 color 242
nodo 161 color 257
nodo 254 color 258
nodo 462 color 3
nodo 309 color 259
nodo 145 color 260
nodo 775 color 238
nodo 804 color 22
nodo 859 color 239
nodo 196 color 73
nodo 869 color 241
nodo 724 color 159
nodo 319 color 2
nodo 28 color 9
nodo 830 color 247
nodo 240 color 243
nodo 483 color 244
nodo 964 color 27
nodo 423 color 248
nodo 236 color 251
nodo 159 color 246
nodo 163 color 249
nodo 576 color 245
nodo 12 color 9
nodo 252 color 261
nodo 989 color 225
nodo 507 color 250
nodo 460 color 255
nodo 903 color 209
nodo 34 color 262
nodo 406 color 4
nodo 532 color 256
nodo 330 color 263
nodo 646 color 252
nodo 421 color 258
nodo 434 color 3
nodo 13 color 253
nodo 929 color 254
nodo 103 color 219
nodo 613 color 7
nodo 35 color 205
nodo 972 color 86
nodo 130 color 264
nodo 280 color 265
nodo 368 color 266
nodo 928 color 5
nodo 797 color 182
nodo 348 color 267
nodo 592 color 259
nodo 175 color 261
nodo 608 color 262
nodo 635 color 257
nodo 505 color 233
nodo 231 color 2
nodo 563 color 258
nodo 54 color 268
nodo 37 color 269
nodo 494 color 3
nodo 69 color 270
nodo 528 color 263
nodo 403 color 226
nodo 533 color 262
nodo 565 color 193
nodo 893 color 253
nodo 737 color 13
nodo 601 color 7
nodo 538 color 15
nodo 125 color 228
nodo 824 color 34
nodo 191 color 265
nodo 904 color 29
nodo 107 color 266
nodo 750 color 254
nodo 2 color 271
nodo 879 color 267
nodo 88 color 9
nodo 873 color 269
nodo 40 color 9
nodo 332 color 272
nodo 992 color 97
nodo 730 color 242
nodo 195 color 272
nodo 442 color 3
nodo 699 color 239
nodo 43 color 255
nodo 627 color 264
nodo 965 color 273
nodo 616 color 268
nodo 968 color 41
