1000 272 374500 74.97497497497497 749 749
nodo 322 color 1
nodo 609 color 2
nodo 79 color 1
nodo 401 color 1
nodo 480 color 3
nodo 651 color 2
nodo 974 color 4
nodo 189 color 5
nodo 315 color 4
nodo 78 color 2
nodo 452 color 6
nodo 493 color 2
nodo 996 color 7
nodo 881 color 7
nodo 118 color 3
nodo 201 color 8
nodo 739 color 5
nodo 598 color 9
nodo 484 color 10
nodo 428 color 11
nodo 537 color 9
nodo 190 color 6
nodo 142 color 9
nodo 390 color 10
nodo 600 color 12
nodo 402 color 10
nodo 481 color 12
nodo 760 color 8
nodo 666 color 13
nodo 234 color 11
nodo 155 color 14
nodo 291 color 4
nodo 857 color 15
nodo 818 color 16
nodo 98 color 12
nodo 377 color 13
nodo 134 color 17
nodo 458 color 3
nodo 836 color 15
nodo 942 color 4
nodo 225 color 14
nodo 961 color 18
nodo 620 color 5
nodo 509 color 17
nodo 976 color 19
nodo 8 color 14
nodo 85 color 15
nodo 786 color 8
nodo 141 color 16
nodo 268 color 20
nodo 445 color 21
nodo 597 color 2
nodo 297 color 22
nodo 589 color 9
nodo 287 color 4
nodo 256 color 23
nodo 852 color 15
nodo 808 color 16
nodo 663 color 21
nodo 716 color 8
nodo 995 color 18
nodo 409 color 24
nodo 624 color 8
nodo 270 color 24
nodo 82 color 25
nodo 720 color 16
nodo 622 color 17
nodo 152 color 7
nodo 903 color 20
nodo 221 color 26
nodo 930 color 19
nodo 239 color 22
nodo 303 color 4
nodo 626 color 19
nodo 969 color 27
nodo 265 color 28
nodo 284 color 29
nodo 281 color 30
nodo 300 color 31
nodo 628 color 25
nodo 675 color 26
nodo 197 color 32
nodo 113 color 33
nodo 269 color 34
nodo 206 color 35
nodo 106 color 36
nodo 321 color 37
nodo 202 color 38
nodo 285 color 39
nodo 991 color 7
nodo 464 color 35
nodo 721 color 5
nodo 304 color 40
nodo 379 color 4
nodo 905 color 23
nodo 236 color 27
nodo 733 color 5
nodo 695 color 15
nodo 246 color 41
nodo 936 color 20
nodo 543 color 36
nodo 489 color 25
nodo 117 color 42
nodo 347 color 4
nodo 40 color 14
nodo 198 color 43
nodo 847 color 23
nodo 328 color 44
nodo 910 color 27
nodo 351 color 4
nodo 625 color 2
nodo 477 color 38
nodo 102 color 45
nodo 667 color 28
nodo 110 color 46
nodo 893 color 29
nodo 497 color 41
nodo 173 color 47
nodo 266 color 48
nodo 357 color 49
nodo 751 color 30
nodo 108 color 18
nodo 375 color 4
nodo 963 color 50
nodo 230 color 51
nodo 398 color 52
nodo 657 color 13
nodo 52 color 14
nodo 139 color 11
nodo 22 color 53
nodo 937 color 20
nodo 231 color 22
nodo 145 color 54
nodo 64 color 14
nodo 153 color 55
nodo 632 color 30
nodo 605 color 2
nodo 877 color 31
nodo 523 color 43
nodo 565 color 13
nodo 529 color 45
nodo 926 color 56
nodo 820 color 33
nodo 975 color 50
nodo 738 color 32
nodo 241 color 57
nodo 753 color 34
nodo 384 color 58
nodo 301 color 59
nodo 878 color 40
nodo 647 color 37
nodo 88 color 14
nodo 292 color 56
nodo 918 color 50
nodo 988 color 60
nodo 99 color 22
nodo 557 color 24
nodo 334 color 61
nodo 939 color 62
nodo 41 color 62
nodo 868 color 29
nodo 74 color 63
nodo 909 color 60
nodo 340 color 64
nodo 63 color 39
nodo 816 color 16
nodo 418 color 6
nodo 272 color 65
nodo 127 color 44
nodo 182 color 66
nodo 601 color 2
nodo 53 color 67
nodo 240 color 68
nodo 345 color 69
nodo 575 color 38
nodo 115 color 48
nodo 286 color 70
nodo 515 color 46
nodo 580 color 41
nodo 210 color 71
nodo 68 color 14
nodo 810 color 42
nodo 211 color 49
nodo 823 color 31
nodo 544 color 51
nodo 516 color 52
nodo 778 color 20
nodo 143 color 57
nodo 474 color 3
nodo 541 color 53
nodo 248 color 72
nodo 690 color 47
nodo 359 color 4
nodo 542 color 36
nodo 431 color 48
nodo 522 color 36
nodo 96 color 14
nodo 566 color 50
nodo 504 color 61
nodo 437 color 66
nodo 791 color 29
nodo 255 color 22
nodo 368 color 73
nodo 637 color 2
nodo 306 color 74
nodo 545 color 63
nodo 33 color 75
nodo 436 color 70
nodo 215 color 14
nodo 294 color 76
nodo 862 color 33
nodo 330 color 77
nodo 204 color 7
nodo 732 color 42
nodo 579 color 59
nodo 81 color 78
nodo 133 color 79
nodo 900 color 23
nodo 283 color 4
nodo 813 color 54
nodo 664 color 32
nodo 488 color 71
nodo 848 color 15
nodo 208 color 60
nodo 703 color 55
nodo 833 color 55
nodo 492 color 74
nodo 6 color 80
nodo 162 color 81
nodo 70 color 82
nodo 207 color 49
nodo 363 color 4
nodo 95 color 58
nodo 181 color 83
nodo 157 color 84
nodo 717 color 5
nodo 352 color 85
nodo 672 color 34
nodo 128 color 7
nodo 856 color 15
nodo 123 color 64
nodo 728 color 54
nodo 454 color 3
nodo 875 color 56
nodo 383 color 4
nodo 508 color 76
nodo 858 color 62
nodo 892 color 23
nodo 618 color 45
nodo 917 color 65
nodo 290 color 86
nodo 670 color 53
nodo 943 color 67
nodo 16 color 14
nodo 394 color 87
nodo 109 color 88
nodo 839 color 65
nodo 592 color 63
nodo 420 color 77
nodo 765 color 34
nodo 897 color 68
nodo 513 color 80
nodo 517 color 81
nodo 312 color 89
nodo 554 color 24
nodo 448 color 86
nodo 549 color 82
nodo 819 color 40
nodo 564 color 66
nodo 382 color 90
nodo 396 color 91
nodo 460 color 87
nodo 407 color 90
nodo 530 color 36
nodo 767 color 73
nodo 467 color 92
nodo 674 color 69
nodo 799 color 68
nodo 444 color 93
nodo 354 color 92
nodo 573 color 12
nodo 780 color 16
nodo 193 color 94
nodo 167 color 72
nodo 524 color 95
nodo 665 color 13
nodo 829 color 75
nodo 393 color 96
nodo 494 color 36
nodo 759 color 78
nodo 803 color 79
nodo 490 color 36
nodo 50 color 95
nodo 507 color 97
nodo 371 color 4
nodo 26 color 97
nodo 471 color 98
nodo 801 color 83
nodo 30 color 99
nodo 342 color 93
nodo 395 color 4
nodo 526 color 36
nodo 633 color 2
nodo 676 color 79
nodo 220 color 100
nodo 636 color 80
nodo 447 color 101
nodo 339 color 4
nodo 613 color 2
nodo 521 color 99
nodo 568 color 96
nodo 289 color 102
nodo 496 color 103
nodo 331 color 4
nodo 126 color 98
nodo 685 color 47
nodo 854 color 67
nodo 319 color 4
nodo 15 color 10
nodo 453 color 104
nodo 611 color 81
nodo 686 color 82
nodo 888 color 23
nodo 821 color 84
nodo 587 color 99
nodo 125 color 105
nodo 65 color 106
nodo 196 color 18
nodo 906 color 89
nodo 581 color 2
nodo 107 color 70
nodo 793 color 85
nodo 38 color 103
nodo 433 color 107
nodo 838 color 88
nodo 473 color 108
nodo 472 color 109
nodo 276 color 110
nodo 912 color 56
nodo 483 color 111
nodo 832 color 15
nodo 412 color 112
nodo 571 color 104
nodo 796 color 16
nodo 399 color 4
nodo 740 color 75
nodo 358 color 101
nodo 31 color 77
nodo 748 color 79
nodo 228 color 113
nodo 603 color 102
nodo 722 color 91
nodo 423 color 114
nodo 640 color 83
nodo 528 color 115
nodo 697 color 94
nodo 11 color 74
nodo 60 color 14
nodo 288 color 116
nodo 972 color 19
nodo 983 color 100
nodo 229 color 117
nodo 307 color 4
nodo 662 color 105
nodo 602 color 107
nodo 826 color 106
nodo 729 color 5
nodo 561 color 107
nodo 1000 color 118
nodo 842 color 78
nodo 166 color 104
nodo 24 color 14
nodo 980 color 100
nodo 434 color 6
nodo 582 color 50
nodo 623 color 108
nodo 259 color 22
nodo 73 color 119
nodo 365 color 120
nodo 679 color 84
nodo 372 color 121
nodo 510 color 36
nodo 994 color 122
nodo 837 color 100
nodo 408 color 123
nodo 279 color 4
nodo 763 color 109
nodo 49 color 124
nodo 562 color 66
nodo 59 color 86
nodo 435 color 125
nodo 254 color 111
nodo 103 color 90
nodo 678 color 117
nodo 465 color 126
nodo 216 color 127
nodo 978 color 19
nodo 217 color 128
nodo 185 color 129
nodo 950 color 113
nodo 673 color 26
nodo 243 color 22
nodo 612 color 120
nodo 649 color 2
nodo 411 color 122
nodo 164 color 7
nodo 66 color 108
nodo 410 color 6
nodo 440 color 130
nodo 503 color 131
nodo 658 color 126
nodo 831 color 89
nodo 349 color 132
nodo 967 color 100
nodo 606 color 128
nodo 639 color 129
nodo 100 color 14
nodo 757 color 34
nodo 325 color 133
nodo 282 color 112
nodo 159 color 110
nodo 792 color 42
nodo 998 color 18
nodo 174 color 107
nodo 701 color 94
nodo 953 color 114
nodo 933 color 106
nodo 551 color 134
nodo 502 color 36
nodo 116 color 18
nodo 75 color 87
nodo 421 color 135
nodo 805 color 115
nodo 242 color 123
nodo 232 color 136
nodo 840 color 15
nodo 92 color 14
nodo 514 color 36
nodo 293 color 137
nodo 69 color 138
nodo 485 color 139
nodo 979 color 60
nodo 475 color 140
nodo 610 color 132
nodo 817 color 116
nodo 982 color 122
nodo 362 color 125
nodo 80 color 14
nodo 104 color 14
nodo 500 color 141
nodo 830 color 113
nodo 806 color 119
nodo 966 color 127
nodo 251 color 22
nodo 112 color 18
nodo 179 color 49
nodo 299 color 4
nodo 797 color 118
nodo 723 color 88
nodo 648 color 133
nodo 367 color 4
nodo 32 color 14
nodo 689 color 47
nodo 712 color 94
nodo 442 color 6
nodo 144 color 7
nodo 148 color 7
nodo 532 color 142
nodo 899 color 124
nodo 607 color 135
nodo 183 color 121
nodo 438 color 6
nodo 711 color 95
nodo 249 color 143
nodo 827 color 124
nodo 42 color 131
nodo 789 color 85
nodo 784 color 54
nodo 860 color 29
nodo 233 color 144
nodo 184 color 7
nodo 18 color 134
nodo 584 color 137
nodo 405 color 145
nodo 273 color 146
nodo 7 color 92
nodo 23 color 93
nodo 348 color 147
nodo 439 color 148
nodo 55 color 101
nodo 920 color 56
nodo 809 color 127
nodo 120 color 7
nodo 518 color 36
nodo 766 color 34
nodo 999 color 149
nodo 318 color 130
nodo 308 color 150
nodo 550 color 134
nodo 822 color 136
nodo 604 color 139
nodo 951 color 136
nodo 576 color 145
nodo 744 color 83
nodo 997 color 151
nodo 846 color 73
nodo 726 color 133
nodo 923 color 113
nodo 138 color 139
nodo 124 color 7
nodo 203 color 143
nodo 653 color 13
nodo 956 color 62
nodo 280 color 152
nodo 161 color 153
nodo 87 color 112
nodo 10 color 141
nodo 925 color 119
nodo 200 color 18
nodo 931 color 114
nodo 277 color 154
nodo 694 color 144
nodo 725 color 5
nodo 160 color 7
nodo 171 color 123
nodo 841 color 138
nodo 546 color 134
nodo 105 color 155
nodo 774 color 142
nodo 680 color 146
nodo 655 color 153
nodo 742 color 137
nodo 952 color 114
nodo 94 color 126
nodo 314 color 140
nodo 505 color 156
nodo 845 color 147
nodo 825 color 149
nodo 708 color 103
nodo 451 color 157
nodo 191 color 150
nodo 583 color 154
nodo 702 color 96
nodo 586 color 50
nodo 463 color 158
nodo 21 color 159
nodo 668 color 156
nodo 646 color 160
nodo 865 color 122
nodo 369 color 160
nodo 696 color 155
nodo 332 color 161
nodo 921 color 148
nodo 343 color 4
nodo 223 color 14
nodo 468 color 162
nodo 441 color 163
nodo 309 color 164
nodo 346 color 157
nodo 414 color 6
nodo 72 color 14
nodo 188 color 7
nodo 89 color 165
nodo 511 color 166
nodo 934 color 152
nodo 824 color 33
nodo 814 color 129
nodo 311 color 4
nodo 915 color 136
nodo 316 color 167
nodo 681 color 47
nodo 177 color 168
nodo 627 color 163
nodo 326 color 158
nodo 990 color 60
nodo 149 color 169
nodo 758 color 146
nodo 781 color 8
nodo 911 color 159
nodo 867 color 148
nodo 590 color 50
nodo 426 color 6
nodo 851 color 68
nodo 880 color 29
nodo 973 color 118
nodo 213 color 170
nodo 335 color 4
nodo 782 color 152
nodo 608 color 164
nodo 419 color 171
nodo 749 color 30
nodo 479 color 172
nodo 901 color 151
nodo 54 color 156
nodo 656 color 168
nodo 895 color 161
nodo 795 color 155
nodo 682 color 169
nodo 404 color 173
nodo 700 color 165
nodo 938 color 159
nodo 887 color 65
nodo 768 color 42
nodo 787 color 161
nodo 560 color 174
nodo 710 color 120
nodo 812 color 16
nodo 298 color 145
nodo 260 color 175
nodo 498 color 36
nodo 815 color 153
nodo 495 color 176
nodo 356 color 177
nodo 752 color 85
nodo 27 color 111
nodo 993 color 178
nodo 425 color 174
nodo 61 color 179
nodo 886 color 166
nodo 863 color 167
nodo 4 color 14
nodo 364 color 180
nodo 250 color 162
nodo 186 color 135
nodo 317 color 181
nodo 629 color 2
nodo 964 color 27
nodo 922 color 171
nodo 730 color 141
nodo 621 color 2
nodo 355 color 4
nodo 5 color 178
nodo 271 color 22
nodo 735 color 138
nodo 853 color 172
nodo 614 color 170
nodo 707 color 164
nodo 734 color 168
nodo 709 color 91
nodo 727 color 147
nodo 578 color 41
nodo 779 color 165
nodo 652 color 54
nodo 935 color 175
nodo 535 color 182
nodo 630 color 181
nodo 684 color 183
nodo 761 color 34
nodo 56 color 14
nodo 755 color 167
nodo 238 color 173
nodo 93 color 183
nodo 400 color 184
nodo 168 color 7
nodo 90 color 176
nodo 491 color 185
nodo 2 color 182
nodo 432 color 186
nodo 132 color 7
nodo 957 color 62
nodo 642 color 187
nodo 785 color 8
nodo 449 color 187
nodo 135 color 173
nodo 244 color 188
nodo 871 color 171
nodo 9 color 189
nodo 989 color 149
nodo 101 color 190
nodo 869 color 177
nodo 14 color 191
nodo 385 color 192
nodo 457 color 193
nodo 13 color 194
nodo 659 color 191
nodo 466 color 3
nodo 58 color 185
nodo 130 color 163
nodo 540 color 195
nodo 389 color 196
nodo 392 color 197
nodo 756 color 115
nodo 413 color 198
nodo 811 color 177
nodo 140 color 7
nodo 743 color 179
nodo 536 color 199
nodo 1 color 118
nodo 928 color 106
nodo 209 color 200
nodo 741 color 30
nodo 754 color 159
nodo 577 color 21
nodo 406 color 10
nodo 718 color 184
nodo 660 color 192
nodo 263 color 22
nodo 531 color 201
nodo 344 color 202
nodo 380 color 203
nodo 574 color 38
nodo 482 color 10
nodo 205 color 204
nodo 136 color 7
nodo 388 color 205
nodo 114 color 21
nodo 807 color 180
nodo 962 color 188
nodo 861 color 178
nodo 324 color 206
nodo 713 color 5
nodo 470 color 3
nodo 954 color 175
nodo 855 color 161
nodo 519 color 207
nodo 772 color 75
nodo 36 color 14
nodo 902 color 188
nodo 391 color 4
nodo 737 color 5
nodo 924 color 56
nodo 76 color 14
nodo 386 color 186
nodo 835 color 166
nodo 704 color 109
nodo 800 color 16
nodo 870 color 179
nodo 224 color 208
nodo 947 color 189
nodo 941 color 194
nodo 37 color 209
nodo 872 color 29
nodo 661 color 13
nodo 844 color 15
nodo 548 color 210
nodo 178 color 174
nodo 873 color 180
nodo 165 color 211
nodo 459 color 212
nodo 327 color 4
nodo 885 color 190
nodo 247 color 22
nodo 533 color 191
nodo 226 color 193
nodo 916 color 56
nodo 883 color 194
nodo 295 color 4
nodo 599 color 9
nodo 698 color 196
nodo 150 color 195
nodo 986 color 127
nodo 555 color 198
nodo 476 color 213
nodo 932 color 20
nodo 506 color 36
nodo 427 color 214
nodo 641 color 2
nodo 891 color 201
nodo 51 color 125
nodo 12 color 14
nodo 17 color 215
nodo 864 color 29
nodo 904 color 23
nodo 588 color 193
nodo 714 color 197
nodo 261 color 216
nodo 370 color 198
nodo 596 color 216
nodo 336 color 217
nodo 594 color 216
nodo 914 color 207
nodo 567 color 218
nodo 527 color 219
nodo 850 color 114
nodo 534 color 36
nodo 834 color 175
nodo 960 color 27
nodo 866 color 189
nodo 176 color 7
nodo 750 color 183
nodo 788 color 75
nodo 802 color 199
nodo 91 color 130
nodo 170 color 210
nodo 180 color 7
nodo 373 color 218
nodo 746 color 200
nodo 913 color 208
nodo 798 color 202
nodo 553 color 220
nodo 898 color 206
nodo 487 color 221
nodo 97 color 222
nodo 258 color 212
nodo 764 color 116
nodo 615 color 204
nodo 981 color 151
nodo 563 color 223
nodo 252 color 224
nodo 151 color 203
nodo 940 color 67
nodo 724 color 142
nodo 222 color 213
nodo 890 color 209
nodo 415 color 225
nodo 320 color 226
nodo 387 color 4
nodo 302 color 214
nodo 310 color 219
nodo 237 color 227
nodo 35 color 140
nodo 616 color 200
nodo 669 color 26
nodo 77 color 228
nodo 776 color 79
nodo 374 color 220
nodo 366 color 221
nodo 984 color 215
nodo 859 color 205
nodo 731 color 190
nodo 313 color 229
nodo 212 color 230
nodo 715 color 205
nodo 889 color 215
nodo 635 color 211
nodo 469 color 231
nodo 3 color 157
nodo 591 color 229
nodo 558 color 145
nodo 156 color 7
nodo 218 color 223
nodo 20 color 14
nodo 876 color 29
nodo 501 color 232
nodo 424 color 233
nodo 119 color 186
nodo 992 color 178
nodo 944 color 113
nodo 559 color 234
nodo 456 color 235
nodo 539 color 236
nodo 520 color 237
nodo 595 color 227
nodo 227 color 22
nodo 146 color 187
nodo 57 color 238
nodo 965 color 189
nodo 323 color 4
nodo 122 color 231
nodo 329 color 239
nodo 896 color 23
nodo 172 color 7
nodo 572 color 231
nodo 654 color 232
nodo 688 color 222
nodo 296 color 240
nodo 908 color 56
nodo 719 color 228
nodo 499 color 241
nodo 879 color 207
nodo 773 color 142
nodo 44 color 14
nodo 253 color 242
nodo 693 color 94
nodo 977 color 225
nodo 450 color 3
nodo 29 color 243
nodo 745 color 30
nodo 691 color 239
nodo 769 color 142
nodo 894 color 217
nodo 84 color 14
nodo 593 color 13
nodo 262 color 233
nodo 634 color 242
nodo 777 color 165
nodo 946 color 224
nodo 959 color 209
nodo 443 color 244
nodo 158 color 234
nodo 34 color 232
nodo 245 color 245
nodo 794 color 85
nodo 705 color 91
nodo 462 color 3
nodo 111 color 214
nodo 83 color 212
nodo 154 color 235
nodo 585 color 17
nodo 970 color 178
nodo 430 color 6
nodo 929 color 201
nodo 706 color 237
nodo 275 color 22
nodo 333 color 246
nodo 770 color 222
nodo 43 color 158
nodo 882 color 224
nodo 843 color 190
nodo 783 color 206
nodo 644 color 245
nodo 39 color 162
nodo 187 color 226
nodo 416 color 247
nodo 169 color 248
nodo 429 color 223
nodo 512 color 249
nodo 461 color 250
nodo 361 color 251
nodo 341 color 252
nodo 570 color 38
nodo 274 color 236
nodo 71 color 233
nodo 378 color 241
nodo 884 color 29
nodo 235 color 22
nodo 350 color 244
nodo 927 color 230
nodo 955 color 225
nodo 692 color 246
nodo 86 color 249
nodo 968 color 27
nodo 631 color 248
nodo 556 color 253
nodo 762 color 238
nodo 192 color 18
nodo 376 color 254
nodo 264 color 255
nodo 775 color 217
nodo 643 color 250
nodo 736 color 199
nodo 552 color 256
nodo 949 color 230
nodo 381 color 253
nodo 278 color 247
nodo 337 color 257
nodo 48 color 14
nodo 137 color 258
nodo 919 color 194
nodo 62 color 256
nodo 985 color 259
nodo 353 color 260
nodo 538 color 36
nodo 948 color 113
nodo 121 color 261
nodo 687 color 251
nodo 771 color 240
nodo 19 color 221
nodo 305 color 262
nodo 45 color 263
nodo 677 color 47
nodo 163 color 247
nodo 219 color 14
nodo 619 color 252
nodo 699 color 257
nodo 417 color 264
nodo 338 color 264
nodo 131 color 254
nodo 194 color 265
nodo 790 color 208
nodo 446 color 3
nodo 971 color 243
nodo 214 color 266
nodo 874 color 228
nodo 645 color 2
nodo 945 color 255
nodo 617 color 2
nodo 195 color 143
nodo 28 color 14
nodo 907 color 152
nodo 547 color 265
nodo 478 color 3
nodo 25 color 267
nodo 46 color 237
nodo 747 color 245
nodo 849 color 240
nodo 987 color 178
nodo 175 color 260
nodo 67 color 244
nodo 455 color 266
nodo 569 color 69
nodo 47 color 262
nodo 257 color 268
nodo 804 color 16
nodo 129 color 269
nodo 683 color 258
nodo 403 color 151
nodo 147 color 264
nodo 650 color 259
nodo 199 color 268
nodo 638 color 270
nodo 486 color 36
nodo 397 color 270
nodo 525 color 271
nodo 958 color 259
nodo 828 color 15
nodo 267 color 22
nodo 422 color 6
nodo 671 color 33
nodo 360 color 272
