600 192 161730 90.0 563 518
nodo 428 color 1
nodo 52 color 2
nodo 542 color 3
nodo 187 color 4
nodo 27 color 5
nodo 330 color 1
nodo 324 color 4
nodo 368 color 6
nodo 277 color 2
nodo 57 color 3
nodo 459 color 7
nodo 162 color 8
nodo 11 color 9
nodo 61 color 6
nodo 1 color 10
nodo 68 color 8
nodo 114 color 11
nodo 116 color 12
nodo 454 color 13
nodo 526 color 14
nodo 185 color 15
nodo 392 color 7
nodo 475 color 5
nodo 262 color 15
nodo 272 color 12
nodo 163 color 9
nodo 445 color 16
nodo 514 color 17
nodo 283 color 10
nodo 173 color 18
nodo 217 color 19
nodo 164 color 13
nodo 545 color 20
nodo 334 color 11
nodo 235 color 21
nodo 155 color 22
nodo 471 color 23
nodo 12 color 22
nodo 36 color 24
nodo 307 color 16
nodo 521 color 20
nodo 290 color 25
nodo 490 color 17
nodo 472 color 23
nodo 448 color 21
nodo 96 color 18
nodo 5 color 26
nodo 477 color 25
nodo 32 color 14
nodo 571 color 26
nodo 534 color 27
nodo 314 color 20
nodo 78 color 28
nodo 322 color 29
nodo 279 color 30
nodo 50 color 31
nodo 468 color 32
nodo 497 color 33
nodo 512 color 32
nodo 199 color 28
nodo 580 color 34
nodo 191 color 19
nodo 423 color 31
nodo 333 color 35
nodo 280 color 36
nodo 382 color 30
nodo 266 color 37
nodo 538 color 29
nodo 154 color 38
nodo 313 color 24
nodo 577 color 39
nodo 190 color 37
nodo 406 color 40
nodo 24 color 41
nodo 212 color 42
nodo 45 color 36
nodo 119 color 41
nodo 269 color 35
nodo 533 color 43
nodo 186 color 3
nodo 416 color 39
nodo 142 color 44
nodo 340 color 33
nodo 424 color 35
nodo 292 color 44
nodo 362 color 40
nodo 373 color 45
nodo 51 color 4
nodo 550 color 27
nodo 483 color 46
nodo 351 color 47
nodo 275 color 48
nodo 390 color 45
nodo 355 color 46
nodo 325 color 13
nodo 440 color 49
nodo 403 color 50
nodo 540 color 34
nodo 329 color 24
nodo 70 color 21
nodo 544 color 51
nodo 541 color 52
nodo 97 color 47
nodo 19 color 43
nodo 484 color 42
nodo 192 color 53
nodo 127 color 54
nodo 596 color 55
nodo 117 color 56
nodo 350 color 11
nodo 286 color 57
nodo 346 color 58
nodo 560 color 26
nodo 151 color 50
nodo 417 color 59
nodo 18 color 52
nodo 75 color 7
nodo 219 color 6
nodo 21 color 16
nodo 211 color 60
nodo 413 color 49
nodo 55 color 61
nodo 364 color 62
nodo 10 color 63
nodo 461 color 33
nodo 35 color 63
nodo 129 color 18
nodo 104 color 5
nodo 265 color 39
nodo 91 color 61
nodo 167 color 62
nodo 582 color 55
nodo 414 color 57
nodo 180 color 64
nodo 73 color 65
nodo 28 color 66
nodo 267 color 51
nodo 511 color 38
nodo 188 color 65
nodo 553 color 54
nodo 501 color 67
nodo 218 color 40
nodo 303 color 53
nodo 137 color 58
nodo 178 color 48
nodo 296 color 68
nodo 182 color 69
nodo 189 color 70
nodo 8 color 56
nodo 229 color 51
nodo 210 color 71
nodo 572 color 72
nodo 384 color 62
nodo 332 color 73
nodo 62 color 70
nodo 233 color 59
nodo 532 color 74
nodo 74 color 64
nodo 299 color 50
nodo 500 color 66
nodo 251 color 53
nodo 111 color 75
nodo 183 color 60
nodo 232 color 67
nodo 140 color 71
nodo 291 color 72
nodo 405 color 76
nodo 295 color 73
nodo 397 color 77
nodo 174 color 78
nodo 513 color 79
nodo 434 color 28
nodo 486 color 29
nodo 101 color 17
nodo 103 color 80
nodo 81 color 79
nodo 141 color 81
nodo 196 color 69
nodo 396 color 80
nodo 485 color 82
nodo 42 color 42
nodo 244 color 74
nodo 98 color 70
nodo 253 color 76
nodo 479 color 43
nodo 410 color 68
nodo 321 color 77
nodo 435 color 83
nodo 136 color 58
nodo 165 color 82
nodo 135 color 25
nodo 256 color 57
nodo 227 color 77
nodo 507 color 78
nodo 328 color 84
nodo 398 color 85
nodo 94 color 48
nodo 354 color 9
nodo 48 color 85
nodo 327 color 86
nodo 274 color 87
nodo 348 color 88
nodo 131 color 86
nodo 460 color 1
nodo 58 color 88
nodo 446 color 89
nodo 421 color 90
nodo 548 color 91
nodo 408 color 91
nodo 252 color 92
nodo 159 color 84
nodo 552 color 89
nodo 400 color 93
nodo 169 color 68
nodo 447 color 87
nodo 302 color 34
nodo 427 color 75
nodo 558 color 14
nodo 89 color 94
nodo 463 color 94
nodo 109 color 90
nodo 65 color 93
nodo 87 color 92
nodo 197 color 95
nodo 535 color 79
nodo 293 color 12
nodo 243 color 96
nodo 221 color 96
nodo 480 color 83
nodo 90 color 97
nodo 31 color 70
nodo 342 color 98
nodo 336 color 99
nodo 510 color 100
nodo 122 color 101
nodo 496 color 81
nodo 298 color 100
nodo 156 color 102
nodo 415 color 86
nodo 537 color 102
nodo 7 color 61
nodo 312 color 103
nodo 586 color 104
nodo 570 color 44
nodo 248 color 10
nodo 260 color 104
nodo 166 color 97
nodo 487 color 67
nodo 359 color 76
nodo 353 color 95
nodo 555 color 15
nodo 518 color 27
nodo 462 color 32
nodo 33 color 87
nodo 598 color 105
nodo 146 color 98
nodo 224 color 98
nodo 385 color 76
nodo 37 color 85
nodo 564 color 69
nodo 71 color 60
nodo 600 color 106
nodo 20 color 107
nodo 228 color 108
nodo 247 color 109
nodo 315 color 52
nodo 257 color 110
nodo 377 color 111
nodo 517 color 47
nodo 356 color 110
nodo 430 color 112
nodo 449 color 22
nodo 308 color 87
nodo 309 color 54
nodo 288 color 37
nodo 245 color 113
nodo 108 color 103
nodo 241 color 55
nodo 426 color 114
nodo 40 color 113
nodo 431 color 96
nodo 539 color 101
nodo 344 color 94
nodo 556 color 72
nodo 383 color 8
nodo 590 color 23
nodo 374 color 36
nodo 568 color 30
nodo 177 color 105
nodo 442 color 82
nodo 220 color 109
nodo 492 color 36
nodo 319 color 106
nodo 44 color 112
nodo 559 color 115
nodo 587 color 89
nodo 399 color 25
nodo 209 color 112
nodo 375 color 116
nodo 412 color 80
nodo 444 color 116
nodo 80 color 117
nodo 72 color 118
nodo 92 color 119
nodo 261 color 19
nodo 597 color 95
nodo 133 color 118
nodo 113 color 99
nodo 79 color 120
nodo 523 color 92
nodo 464 color 117
nodo 93 color 108
nodo 549 color 119
nodo 63 color 83
nodo 278 color 111
nodo 271 color 121
nodo 88 color 118
nodo 323 color 90
nodo 506 color 120
nodo 429 color 122
nodo 153 color 122
nodo 522 color 66
nodo 341 color 56
nodo 82 color 107
nodo 389 color 88
nodo 482 color 123
nodo 25 color 124
nodo 147 color 125
nodo 130 color 98
nodo 297 color 115
nodo 554 color 106
nodo 69 color 126
nodo 17 color 127
nodo 437 color 123
nodo 126 color 46
nodo 102 color 125
nodo 547 color 2
nodo 207 color 128
nodo 361 color 107
nodo 215 color 129
nodo 56 color 121
nodo 41 color 124
nodo 584 color 130
nodo 457 color 126
nodo 204 color 64
nodo 366 color 93
nodo 372 color 131
nodo 347 color 131
nodo 301 color 132
nodo 422 color 114
nodo 225 color 132
nodo 184 color 127
nodo 150 color 133
nodo 326 color 134
nodo 15 color 135
nodo 473 color 136
nodo 594 color 129
nodo 67 color 116
nodo 168 color 119
nodo 499 color 110
nodo 255 color 132
nodo 520 color 128
nodo 310 color 101
nodo 139 color 122
nodo 194 color 137
nodo 254 color 131
nodo 110 color 130
nodo 49 color 138
nodo 578 color 77
nodo 505 color 139
nodo 436 color 117
nodo 4 color 140
nodo 593 color 134
nodo 551 color 139
nodo 54 color 141
nodo 26 color 142
nodo 273 color 141
nodo 249 color 123
nodo 365 color 143
nodo 22 color 144
nodo 337 color 38
nodo 85 color 133
nodo 47 color 135
nodo 171 color 129
nodo 561 color 140
nodo 352 color 145
nodo 527 color 71
nodo 268 color 142
nodo 569 color 144
nodo 200 color 136
nodo 208 color 127
nodo 179 color 138
nodo 357 color 137
nodo 289 color 146
nodo 565 color 147
nodo 30 color 104
nodo 160 color 138
nodo 60 color 148
nodo 528 color 149
nodo 371 color 139
nodo 176 color 105
nodo 488 color 150
nodo 502 color 120
nodo 331 color 143
nodo 84 color 151
nodo 123 color 149
nodo 2 color 103
nodo 358 color 152
nodo 193 color 121
nodo 152 color 57
nodo 294 color 78
nodo 566 color 150
nodo 469 color 127
nodo 236 color 153
nodo 418 color 114
nodo 458 color 121
nodo 46 color 145
nodo 599 color 151
nodo 132 color 154
nodo 305 color 147
nodo 394 color 155
nodo 494 color 156
nodo 311 color 146
nodo 128 color 79
nodo 317 color 157
nodo 441 color 158
nodo 240 color 49
nodo 316 color 159
nodo 226 color 65
nodo 230 color 103
nodo 409 color 111
nodo 451 color 160
nodo 367 color 155
nodo 259 color 161
nodo 175 color 109
nodo 576 color 55
nodo 530 color 128
nodo 588 color 31
nodo 425 color 156
nodo 66 color 162
nodo 100 color 153
nodo 213 color 125
nodo 124 color 47
nodo 567 color 163
nodo 529 color 142
nodo 536 color 154
nodo 14 color 37
nodo 138 color 164
nodo 343 color 133
nodo 161 color 165
nodo 504 color 163
nodo 3 color 132
nodo 6 color 102
nodo 77 color 143
nodo 86 color 84
nodo 411 color 160
nodo 201 color 113
nodo 395 color 166
nodo 420 color 63
nodo 453 color 146
nodo 181 color 97
nodo 503 color 130
nodo 157 color 145
nodo 419 color 108
nodo 509 color 152
nodo 107 color 167
nodo 467 color 156
nodo 223 color 11
nodo 83 color 158
nodo 363 color 152
nodo 575 color 146
nodo 38 color 99
nodo 581 color 161
nodo 300 color 148
nodo 583 color 155
nodo 144 color 85
nodo 64 color 92
nodo 393 color 168
nodo 478 color 137
nodo 438 color 168
nodo 216 color 151
nodo 29 color 32
nodo 516 color 157
nodo 519 color 27
nodo 112 color 81
nodo 466 color 167
nodo 557 color 154
nodo 246 color 45
nodo 258 color 164
nodo 515 color 90
nodo 452 color 166
nodo 381 color 147
nodo 443 color 59
nodo 439 color 159
nodo 281 color 169
nodo 391 color 91
nodo 172 color 170
nodo 284 color 162
nodo 276 color 171
nodo 23 color 21
nodo 106 color 172
nodo 345 color 170
nodo 489 color 161
nodo 59 color 115
nodo 450 color 173
nodo 134 color 135
nodo 118 color 67
nodo 76 color 148
nodo 320 color 122
nodo 563 color 174
nodo 214 color 158
nodo 234 color 167
nodo 543 color 168
nodo 388 color 157
nodo 115 color 136
nodo 498 color 171
nodo 13 color 144
nodo 238 color 160
nodo 43 color 84
nodo 195 color 174
nodo 386 color 169
nodo 562 color 64
nodo 143 color 175
nodo 287 color 175
nodo 360 color 176
nodo 282 color 172
nodo 318 color 163
nodo 579 color 165
nodo 149 color 73
nodo 239 color 176
nodo 546 color 126
nodo 237 color 177
nodo 474 color 157
nodo 349 color 178
nodo 574 color 179
nodo 304 color 177
nodo 170 color 177
nodo 508 color 140
nodo 198 color 180
nodo 39 color 181
nodo 491 color 173
nodo 387 color 164
nodo 285 color 182
nodo 202 color 180
nodo 465 color 134
nodo 16 color 174
nodo 407 color 183
nodo 231 color 184
nodo 595 color 183
nodo 53 color 8
nodo 379 color 179
nodo 404 color 108
nodo 524 color 28
nodo 476 color 32
nodo 432 color 170
nodo 99 color 185
nodo 592 color 181
nodo 402 color 170
nodo 369 color 179
nodo 203 color 182
nodo 433 color 149
nodo 589 color 185
nodo 378 color 126
nodo 481 color 72
nodo 145 color 186
nodo 250 color 186
nodo 148 color 187
nodo 242 color 188
nodo 158 color 161
nodo 585 color 187
nodo 306 color 178
nodo 95 color 56
nodo 125 color 166
nodo 531 color 165
nodo 493 color 189
nodo 455 color 173
nodo 34 color 65
nodo 264 color 190
nodo 120 color 151
nodo 591 color 175
nodo 456 color 188
nodo 370 color 97
nodo 338 color 181
nodo 222 color 190
nodo 376 color 106
nodo 495 color 171
nodo 9 color 165
nodo 401 color 24
nodo 339 color 62
nodo 206 color 149
nodo 335 color 191
nodo 573 color 95
nodo 105 color 191
nodo 380 color 29
nodo 470 color 173
nodo 270 color 184
nodo 525 color 192
nodo 263 color 153
nodo 121 color 192
nodo 205 color 162
