600 198 161730 90.0 563 518
nodo 246 color 1
nodo 553 color 2
nodo 570 color 3
nodo 216 color 4
nodo 339 color 4
nodo 239 color 5
nodo 514 color 6
nodo 555 color 7
nodo 60 color 8
nodo 289 color 9
nodo 162 color 5
nodo 410 color 7
nodo 6 color 10
nodo 580 color 8
nodo 477 color 11
nodo 268 color 3
nodo 523 color 12
nodo 141 color 2
nodo 285 color 13
nodo 68 color 5
nodo 319 color 14
nodo 343 color 15
nodo 589 color 1
nodo 476 color 16
nodo 139 color 17
nodo 153 color 13
nodo 381 color 6
nodo 399 color 11
nodo 76 color 16
nodo 31 color 18
nodo 275 color 19
nodo 284 color 20
nodo 244 color 12
nodo 161 color 18
nodo 34 color 20
nodo 150 color 14
nodo 322 color 9
nodo 273 color 1
nodo 218 color 17
nodo 155 color 21
nodo 562 color 19
nodo 316 color 22
nodo 352 color 4
nodo 215 color 12
nodo 236 color 15
nodo 567 color 10
nodo 397 color 23
nodo 17 color 19
nodo 213 color 21
nodo 200 color 23
nodo 383 color 22
nodo 237 color 24
nodo 74 color 16
nodo 90 color 25
nodo 168 color 10
nodo 128 color 26
nodo 44 color 27
nodo 517 color 28
nodo 456 color 3
nodo 51 color 29
nodo 323 color 30
nodo 117 color 31
nodo 253 color 24
nodo 146 color 32
nodo 507 color 28
nodo 92 color 32
nodo 559 color 33
nodo 207 color 34
nodo 61 color 35
nodo 595 color 35
nodo 488 color 31
nodo 556 color 36
nodo 251 color 30
nodo 77 color 36
nodo 415 color 37
nodo 497 color 38
nodo 429 color 39
nodo 515 color 25
nodo 145 color 25
nodo 7 color 40
nodo 132 color 28
nodo 554 color 41
nodo 130 color 27
nodo 148 color 36
nodo 262 color 26
nodo 471 color 38
nodo 338 color 20
nodo 513 color 42
nodo 426 color 42
nodo 571 color 39
nodo 526 color 43
nodo 279 color 44
nodo 224 color 41
nodo 467 color 45
nodo 297 color 33
nodo 160 color 44
nodo 133 color 46
nodo 395 color 37
nodo 203 color 42
nodo 569 color 43
nodo 109 color 47
nodo 157 color 46
nodo 335 color 48
nodo 138 color 40
nodo 152 color 42
nodo 147 color 45
nodo 294 color 34
nodo 424 color 47
nodo 367 color 49
nodo 527 color 48
nodo 73 color 50
nodo 16 color 29
nodo 490 color 49
nodo 374 color 51
nodo 502 color 44
nodo 356 color 52
nodo 205 color 24
nodo 183 color 53
nodo 125 color 46
nodo 512 color 54
nodo 442 color 51
nodo 565 color 54
nodo 575 color 9
nodo 189 color 55
nodo 350 color 56
nodo 342 color 32
nodo 41 color 57
nodo 348 color 13
nodo 438 color 58
nodo 112 color 45
nodo 208 color 15
nodo 579 color 18
nodo 243 color 59
nodo 12 color 60
nodo 54 color 61
nodo 434 color 62
nodo 135 color 11
nodo 315 color 63
nodo 57 color 41
nodo 443 color 58
nodo 311 color 64
nodo 450 color 65
nodo 561 color 52
nodo 464 color 56
nodo 530 color 34
nodo 104 color 66
nodo 317 color 17
nodo 382 color 8
nodo 53 color 61
nodo 333 color 60
nodo 431 color 59
nodo 47 color 67
nodo 501 color 53
nodo 11 color 14
nodo 96 color 50
nodo 45 color 64
nodo 360 color 35
nodo 452 color 68
nodo 417 color 69
nodo 416 color 70
nodo 392 color 66
nodo 123 color 63
nodo 233 color 65
nodo 432 color 62
nodo 70 color 71
nodo 221 color 59
nodo 75 color 33
nodo 158 color 55
nodo 232 color 15
nodo 487 color 71
nodo 95 color 31
nodo 272 color 40
nodo 355 color 72
nodo 539 color 73
nodo 520 color 74
nodo 376 color 75
nodo 48 color 30
nodo 38 color 69
nodo 281 color 68
nodo 131 color 1
nodo 310 color 73
nodo 191 color 75
nodo 81 color 76
nodo 25 color 57
nodo 591 color 77
nodo 278 color 78
nodo 444 color 70
nodo 584 color 67
nodo 460 color 79
nodo 600 color 63
nodo 466 color 14
nodo 247 color 77
nodo 295 color 78
nodo 82 color 80
nodo 537 color 81
nodo 88 color 74
nodo 187 color 82
nodo 256 color 83
nodo 241 color 83
nodo 85 color 84
nodo 116 color 81
nodo 264 color 51
nodo 154 color 46
nodo 498 color 7
nodo 340 color 21
nodo 1 color 85
nodo 79 color 62
nodo 508 color 64
nodo 469 color 38
nodo 193 color 76
nodo 504 color 52
nodo 379 color 84
nodo 174 color 49
nodo 472 color 86
nodo 55 color 87
nodo 557 color 72
nodo 427 color 82
nodo 126 color 80
nodo 398 color 88
nodo 459 color 89
nodo 336 color 90
nodo 341 color 79
nodo 407 color 84
nodo 306 color 91
nodo 332 color 92
nodo 361 color 80
nodo 121 color 70
nodo 39 color 88
nodo 370 color 48
nodo 231 color 87
nodo 229 color 93
nodo 220 color 92
nodo 368 color 94
nodo 369 color 83
nodo 329 color 95
nodo 166 color 79
nodo 280 color 96
nodo 225 color 97
nodo 32 color 89
nodo 354 color 43
nodo 15 color 98
nodo 435 color 53
nodo 288 color 99
nodo 576 color 90
nodo 263 color 90
nodo 212 color 100
nodo 265 color 91
nodo 177 color 100
nodo 366 color 88
nodo 113 color 69
nodo 255 color 96
nodo 324 color 98
nodo 337 color 101
nodo 545 color 102
nodo 59 color 23
nodo 533 color 101
nodo 97 color 103
nodo 65 color 85
nodo 27 color 104
nodo 422 color 81
nodo 541 color 86
nodo 197 color 105
nodo 334 color 97
nodo 411 color 82
nodo 274 color 106
nodo 351 color 102
nodo 127 color 107
nodo 372 color 89
nodo 489 color 6
nodo 198 color 94
nodo 286 color 108
nodo 290 color 11
nodo 413 color 107
nodo 455 color 2
nodo 293 color 93
nodo 499 color 99
nodo 470 color 95
nodo 375 color 108
nodo 299 color 22
nodo 536 color 109
nodo 163 color 28
nodo 400 color 85
nodo 271 color 103
nodo 18 color 71
nodo 436 color 104
nodo 359 color 110
nodo 5 color 111
nodo 114 color 112
nodo 99 color 111
nodo 331 color 58
nodo 408 color 29
nodo 143 color 61
nodo 118 color 113
nodo 46 color 73
nodo 529 color 114
nodo 144 color 55
nodo 217 color 114
nodo 524 color 109
nodo 287 color 115
nodo 485 color 106
nodo 235 color 56
nodo 496 color 116
nodo 105 color 66
nodo 486 color 115
nodo 519 color 84
nodo 185 color 110
nodo 420 color 33
nodo 590 color 113
nodo 484 color 101
nodo 226 color 87
nodo 254 color 117
nodo 481 color 118
nodo 9 color 18
nodo 577 color 118
nodo 544 color 112
nodo 506 color 44
nodo 192 color 117
nodo 115 color 119
nodo 257 color 120
nodo 106 color 121
nodo 405 color 122
nodo 516 color 100
nodo 62 color 123
nodo 388 color 91
nodo 2 color 124
nodo 583 color 67
nodo 503 color 125
nodo 29 color 126
nodo 391 color 127
nodo 418 color 118
nodo 493 color 119
nodo 588 color 120
nodo 21 color 103
nodo 260 color 121
nodo 475 color 109
nodo 495 color 123
nodo 42 color 126
nodo 30 color 128
nodo 550 color 57
nodo 349 color 128
nodo 267 color 105
nodo 180 color 119
nodo 453 color 129
nodo 190 color 130
nodo 50 color 120
nodo 234 color 113
nodo 250 color 122
nodo 101 color 16
nodo 596 color 125
nodo 228 color 129
nodo 199 color 130
nodo 582 color 116
nodo 64 color 58
nodo 159 color 131
nodo 33 color 132
nodo 437 color 128
nodo 448 color 133
nodo 214 color 127
nodo 548 color 27
nodo 521 color 76
nodo 599 color 99
nodo 124 color 72
nodo 412 color 132
nodo 3 color 96
nodo 581 color 134
nodo 292 color 134
nodo 301 color 94
nodo 511 color 124
nodo 195 color 133
nodo 363 color 131
nodo 483 color 98
nodo 525 color 70
nodo 419 color 66
nodo 346 color 135
nodo 347 color 136
nodo 385 color 137
nodo 414 color 135
nodo 378 color 138
nodo 49 color 6
nodo 40 color 65
nodo 390 color 139
nodo 543 color 92
nodo 67 color 37
nodo 102 color 111
nodo 402 color 112
nodo 509 color 140
nodo 181 color 137
nodo 100 color 141
nodo 83 color 37
nodo 403 color 142
nodo 491 color 141
nodo 108 color 143
nodo 404 color 27
nodo 542 color 138
nodo 510 color 144
nodo 167 color 78
nodo 303 color 145
nodo 440 color 144
nodo 210 color 146
nodo 387 color 25
nodo 13 color 146
nodo 482 color 147
nodo 204 color 60
nodo 270 color 147
nodo 552 color 22
nodo 598 color 136
nodo 136 color 107
nodo 36 color 148
nodo 282 color 115
nodo 371 color 39
nodo 433 color 87
nodo 89 color 19
nodo 122 color 50
nodo 184 color 140
nodo 107 color 148
nodo 386 color 75
nodo 558 color 91
nodo 446 color 131
nodo 169 color 149
nodo 462 color 122
nodo 93 color 150
nodo 532 color 149
nodo 302 color 134
nodo 447 color 143
nodo 87 color 151
nodo 84 color 152
nodo 19 color 153
nodo 69 color 123
nodo 358 color 151
nodo 238 color 31
nodo 380 color 105
nodo 364 color 154
nodo 518 color 106
nodo 20 color 153
nodo 535 color 145
nodo 393 color 155
nodo 249 color 139
nodo 4 color 156
nodo 269 color 157
nodo 240 color 158
nodo 171 color 159
nodo 563 color 160
nodo 357 color 160
nodo 176 color 102
nodo 551 color 150
nodo 528 color 161
nodo 468 color 162
nodo 26 color 95
nodo 14 color 152
nodo 409 color 48
nodo 321 color 47
nodo 283 color 163
nodo 37 color 142
nodo 165 color 164
nodo 22 color 74
nodo 110 color 157
nodo 209 color 93
nodo 111 color 159
nodo 538 color 104
nodo 320 color 165
nodo 328 color 154
nodo 458 color 143
nodo 277 color 166
nodo 98 color 167
nodo 10 color 168
nodo 258 color 163
nodo 142 color 147
nodo 298 color 57
nodo 505 color 169
nodo 549 color 166
nodo 492 color 155
nodo 500 color 55
nodo 345 color 170
nodo 479 color 165
nodo 35 color 168
nodo 52 color 171
nodo 573 color 26
nodo 327 color 161
nodo 170 color 110
nodo 188 color 158
nodo 534 color 169
nodo 401 color 85
nodo 373 color 172
nodo 531 color 18
nodo 421 color 148
nodo 314 color 172
nodo 494 color 173
nodo 389 color 156
nodo 223 color 97
nodo 103 color 157
nodo 202 color 114
nodo 300 color 132
nodo 461 color 174
nodo 276 color 173
nodo 179 color 54
nodo 304 color 86
nodo 396 color 162
nodo 245 color 155
nodo 568 color 63
nodo 445 color 167
nodo 94 color 175
nodo 326 color 176
nodo 451 color 175
nodo 43 color 125
nodo 546 color 108
nodo 423 color 158
nodo 307 color 177
nodo 480 color 178
nodo 186 color 179
nodo 266 color 138
nodo 560 color 20
nodo 78 color 118
nodo 206 color 174
nodo 172 color 99
nodo 219 color 180
nodo 309 color 68
nodo 406 color 136
nodo 252 color 12
nodo 259 color 145
nodo 71 color 164
nodo 430 color 128
nodo 134 color 54
nodo 592 color 140
nodo 566 color 160
nodo 201 color 154
nodo 28 color 181
nodo 586 color 121
nodo 463 color 179
nodo 587 color 182
nodo 291 color 146
nodo 261 color 176
nodo 86 color 117
nodo 362 color 153
nodo 156 color 182
nodo 425 color 183
nodo 24 color 159
nodo 318 color 170
nodo 325 color 154
nodo 597 color 172
nodo 457 color 149
nodo 441 color 177
nodo 149 color 73
nodo 305 color 184
nodo 58 color 185
nodo 572 color 184
nodo 80 color 186
nodo 547 color 166
nodo 8 color 187
nodo 140 color 178
nodo 56 color 185
nodo 593 color 188
nodo 594 color 156
nodo 478 color 189
nodo 137 color 186
nodo 564 color 190
nodo 585 color 75
nodo 248 color 183
nodo 196 color 181
nodo 377 color 191
nodo 313 color 49
nodo 72 color 192
nodo 540 color 182
nodo 365 color 79
nodo 439 color 193
nodo 63 color 178
nodo 119 color 190
nodo 473 color 117
nodo 120 color 77
nodo 242 color 60
nodo 522 color 124
nodo 178 color 194
nodo 312 color 141
nodo 129 color 191
nodo 91 color 180
nodo 394 color 163
nodo 308 color 183
nodo 578 color 169
nodo 230 color 195
nodo 344 color 196
nodo 227 color 195
nodo 211 color 170
nodo 66 color 23
nodo 164 color 197
nodo 182 color 192
nodo 194 color 181
nodo 151 color 188
nodo 23 color 194
nodo 384 color 196
nodo 353 color 81
nodo 296 color 127
nodo 330 color 173
nodo 175 color 198
nodo 222 color 187
nodo 474 color 177
nodo 449 color 191
nodo 465 color 76
nodo 574 color 197
nodo 428 color 193
nodo 173 color 158
nodo 454 color 135
