600 204 161730 90.0 563 518
nodo 263 color 1
nodo 121 color 2
nodo 205 color 3
nodo 525 color 1
nodo 270 color 4
nodo 470 color 5
nodo 380 color 6
nodo 573 color 5
nodo 335 color 7
nodo 105 color 6
nodo 401 color 8
nodo 339 color 9
nodo 206 color 8
nodo 9 color 10
nodo 495 color 3
nodo 376 color 2
nodo 338 color 4
nodo 456 color 9
nodo 370 color 1
nodo 591 color 11
nodo 222 color 12
nodo 120 color 11
nodo 493 color 4
nodo 455 color 5
nodo 264 color 2
nodo 531 color 10
nodo 34 color 13
nodo 125 color 14
nodo 250 color 15
nodo 145 color 9
nodo 95 color 14
nodo 148 color 16
nodo 585 color 16
nodo 242 color 7
nodo 306 color 3
nodo 158 color 12
nodo 589 color 17
nodo 378 color 1
nodo 369 color 18
nodo 481 color 15
nodo 402 color 19
nodo 592 color 20
nodo 433 color 8
nodo 203 color 19
nodo 404 color 21
nodo 524 color 17
nodo 476 color 13
nodo 99 color 7
nodo 432 color 16
nodo 407 color 21
nodo 465 color 22
nodo 202 color 23
nodo 53 color 24
nodo 595 color 13
nodo 285 color 25
nodo 231 color 26
nodo 379 color 18
nodo 387 color 20
nodo 16 color 27
nodo 304 color 14
nodo 198 color 23
nodo 170 color 21
nodo 39 color 20
nodo 508 color 28
nodo 491 color 2
nodo 574 color 8
nodo 143 color 11
nodo 237 color 26
nodo 546 color 29
nodo 318 color 27
nodo 195 color 18
nodo 562 color 30
nodo 360 color 25
nodo 43 color 29
nodo 474 color 31
nodo 579 color 10
nodo 282 color 22
nodo 287 color 32
nodo 149 color 33
nodo 239 color 30
nodo 238 color 33
nodo 115 color 24
nodo 386 color 28
nodo 498 color 15
nodo 13 color 19
nodo 349 color 34
nodo 284 color 6
nodo 59 color 18
nodo 388 color 31
nodo 106 color 35
nodo 214 color 36
nodo 134 color 36
nodo 443 color 37
nodo 345 color 38
nodo 118 color 39
nodo 234 color 17
nodo 23 color 37
nodo 439 color 40
nodo 320 color 34
nodo 452 color 41
nodo 76 color 42
nodo 391 color 38
nodo 515 color 43
nodo 276 color 32
nodo 172 color 34
nodo 450 color 5
nodo 563 color 41
nodo 258 color 40
nodo 281 color 44
nodo 543 color 44
nodo 381 color 45
nodo 489 color 35
nodo 438 color 46
nodo 29 color 39
nodo 557 color 23
nodo 519 color 29
nodo 112 color 47
nodo 246 color 42
nodo 466 color 17
nodo 516 color 31
nodo 478 color 48
nodo 393 color 43
nodo 64 color 46
nodo 144 color 49
nodo 216 color 49
nodo 77 color 50
nodo 575 color 50
nodo 161 color 10
nodo 83 color 49
nodo 509 color 46
nodo 86 color 27
nodo 3 color 45
nodo 201 color 51
nodo 157 color 52
nodo 223 color 53
nodo 300 color 54
nodo 467 color 26
nodo 581 color 47
nodo 420 color 55
nodo 583 color 48
nodo 107 color 12
nodo 343 color 56
nodo 38 color 48
nodo 138 color 40
nodo 419 color 55
nodo 363 color 57
nodo 453 color 51
nodo 6 color 58
nodo 181 color 59
nodo 14 color 60
nodo 503 color 56
nodo 504 color 60
nodo 395 color 31
nodo 411 color 53
nodo 124 color 59
nodo 213 color 22
nodo 317 color 61
nodo 316 color 57
nodo 494 color 62
nodo 576 color 62
nodo 367 color 63
nodo 441 color 59
nodo 66 color 23
nodo 409 color 42
nodo 305 color 64
nodo 311 color 63
nodo 226 color 61
nodo 240 color 59
nodo 530 color 45
nodo 259 color 65
nodo 132 color 54
nodo 536 color 47
nodo 394 color 66
nodo 588 color 47
nodo 100 color 38
nodo 175 color 37
nodo 567 color 58
nodo 128 color 67
nodo 529 color 68
nodo 230 color 57
nodo 425 color 25
nodo 451 color 51
nodo 358 color 67
nodo 152 color 64
nodo 160 color 69
nodo 528 color 16
nodo 599 color 52
nodo 30 color 67
nodo 565 color 70
nodo 46 color 44
nodo 176 color 26
nodo 469 color 41
nodo 294 color 69
nodo 566 color 71
nodo 502 color 72
nodo 123 color 33
nodo 2 color 66
nodo 488 color 71
nodo 236 color 73
nodo 60 color 74
nodo 418 color 75
nodo 193 color 55
nodo 84 color 65
nodo 371 color 76
nodo 458 color 74
nodo 331 color 52
nodo 593 color 76
nodo 54 color 77
nodo 337 color 78
nodo 47 color 72
nodo 26 color 68
nodo 578 color 70
nodo 273 color 77
nodo 352 color 79
nodo 200 color 80
nodo 4 color 36
nodo 527 color 56
nodo 268 color 68
nodo 289 color 28
nodo 551 color 81
nodo 505 color 70
nodo 561 color 82
nodo 569 color 49
nodo 208 color 32
nodo 436 color 78
nodo 22 color 19
nodo 85 color 43
nodo 249 color 75
nodo 179 color 22
nodo 365 color 50
nodo 171 color 25
nodo 357 color 83
nodo 17 color 73
nodo 372 color 84
nodo 67 color 85
nodo 347 color 81
nodo 389 color 83
nodo 520 color 86
nodo 204 color 87
nodo 69 color 82
nodo 130 color 61
nodo 254 color 35
nodo 437 color 85
nodo 255 color 84
nodo 150 color 86
nodo 422 color 81
nodo 184 color 88
nodo 225 color 89
nodo 139 color 90
nodo 473 color 80
nodo 482 color 90
nodo 297 color 91
nodo 147 color 91
nodo 361 color 82
nodo 326 color 92
nodo 126 color 93
nodo 457 color 94
nodo 310 color 79
nodo 49 color 73
nodo 102 color 88
nodo 594 color 95
nodo 41 color 96
nodo 56 color 39
nodo 25 color 72
nodo 584 color 97
nodo 499 color 98
nodo 301 color 89
nodo 194 color 94
nodo 366 color 99
nodo 547 color 92
nodo 168 color 58
nodo 207 color 21
nodo 554 color 99
nodo 15 color 87
nodo 215 color 95
nodo 110 color 88
nodo 153 color 100
nodo 92 color 82
nodo 278 color 93
nodo 506 color 5
nodo 261 color 101
nodo 133 color 102
nodo 79 color 98
nodo 522 color 77
nodo 597 color 62
nodo 399 color 103
nodo 549 color 92
nodo 63 color 101
nodo 444 color 96
nodo 271 color 104
nodo 323 color 105
nodo 72 color 102
nodo 341 color 106
nodo 80 color 107
nodo 523 color 85
nodo 375 color 107
nodo 464 color 108
nodo 93 color 84
nodo 412 color 104
nodo 113 color 106
nodo 429 color 1
nodo 82 color 100
nodo 209 color 97
nodo 88 color 102
nodo 40 color 54
nodo 449 color 109
nodo 220 color 110
nodo 344 color 105
nodo 257 color 95
nodo 556 color 104
nodo 431 color 40
nodo 430 color 111
nodo 356 color 112
nodo 308 color 113
nodo 587 color 103
nodo 288 color 98
nodo 383 color 114
nodo 377 color 78
nodo 315 color 110
nodo 374 color 71
nodo 177 color 115
nodo 309 color 112
nodo 426 color 116
nodo 319 color 109
nodo 568 color 105
nodo 590 color 117
nodo 44 color 111
nodo 517 color 54
nodo 492 color 118
nodo 245 color 43
nodo 108 color 66
nodo 442 color 119
nodo 559 color 120
nodo 241 color 119
nodo 539 color 75
nodo 342 color 24
nodo 20 color 121
nodo 312 color 122
nodo 600 color 100
nodo 90 color 80
nodo 359 color 123
nodo 462 color 114
nodo 166 color 124
nodo 221 color 108
nodo 228 color 113
nodo 247 color 37
nodo 146 color 60
nodo 122 color 90
nodo 598 color 105
nodo 293 color 63
nodo 353 color 111
nodo 564 color 79
nodo 510 color 122
nodo 260 color 115
nodo 31 color 10
nodo 555 color 76
nodo 243 color 118
nodo 156 color 125
nodo 496 color 101
nodo 480 color 114
nodo 298 color 126
nodo 71 color 123
nodo 7 color 127
nodo 385 color 103
nodo 37 color 128
nodo 586 color 117
nodo 336 color 129
nodo 537 color 125
nodo 570 color 126
nodo 518 color 130
nodo 33 color 121
nodo 248 color 86
nodo 415 color 130
nodo 487 color 131
nodo 224 color 117
nodo 197 color 127
nodo 131 color 132
nodo 252 color 35
nodo 169 color 120
nodo 94 color 91
nodo 463 color 132
nodo 535 color 131
nodo 460 color 53
nodo 109 color 133
nodo 446 color 109
nodo 274 color 83
nodo 354 color 113
nodo 65 color 115
nodo 348 color 123
nodo 87 color 134
nodo 302 color 135
nodo 408 color 129
nodo 48 color 128
nodo 558 color 136
nodo 398 color 128
nodo 427 color 116
nodo 400 color 136
nodo 89 color 137
nodo 552 color 96
nodo 159 color 138
nodo 421 color 119
nodo 548 color 139
nodo 447 color 124
nodo 328 color 27
nodo 58 color 97
nodo 327 color 140
nodo 397 color 89
nodo 291 color 30
nodo 434 color 141
nodo 101 color 138
nodo 140 color 99
nodo 256 color 142
nodo 183 color 140
nodo 244 color 143
nodo 253 color 64
nodo 295 color 120
nodo 135 color 103
nodo 396 color 142
nodo 196 color 66
nodo 513 color 133
nodo 232 color 56
nodo 165 color 124
nodo 103 color 134
nodo 174 color 63
nodo 507 color 141
nodo 111 color 130
nodo 405 color 144
nodo 42 color 143
nodo 410 color 145
nodo 141 color 146
nodo 486 color 138
nodo 435 color 135
nodo 227 color 93
nodo 321 color 147
nodo 479 color 148
nodo 81 color 108
nodo 136 color 149
nodo 485 color 148
nodo 98 color 7
nodo 299 color 150
nodo 532 color 125
nodo 137 color 135
nodo 210 color 151
nodo 384 color 139
nodo 178 color 152
nodo 332 color 137
nodo 189 color 153
nodo 251 color 151
nodo 296 color 38
nodo 572 color 149
nodo 8 color 154
nodo 500 color 112
nodo 62 color 69
nodo 74 color 42
nodo 229 color 122
nodo 233 color 144
nodo 182 color 97
nodo 104 color 155
nodo 414 color 156
nodo 211 color 157
nodo 18 color 158
nodo 417 color 152
nodo 10 color 146
nodo 553 color 159
nodo 180 color 160
nodo 129 color 160
nodo 73 color 161
nodo 219 color 162
nodo 413 color 163
nodo 55 color 164
nodo 167 color 165
nodo 265 color 163
nodo 303 color 165
nodo 461 color 166
nodo 91 color 81
nodo 582 color 154
nodo 511 color 155
nodo 35 color 137
nodo 75 color 126
nodo 188 color 161
nodo 501 color 131
nodo 364 color 150
nodo 218 color 167
nodo 267 color 168
nodo 21 color 169
nodo 28 color 65
nodo 19 color 153
nodo 403 color 157
nodo 325 color 151
nodo 192 color 170
nodo 346 color 156
nodo 275 color 130
nodo 127 color 94
nodo 544 color 168
nodo 70 color 133
nodo 484 color 110
nodo 350 color 171
nodo 286 color 161
nodo 97 color 147
nodo 440 color 159
nodo 329 color 172
nodo 541 color 158
nodo 117 color 147
nodo 390 color 145
nodo 560 color 162
nodo 596 color 169
nodo 540 color 118
nodo 151 color 173
nodo 355 color 174
nodo 212 color 175
nodo 533 color 176
nodo 550 color 144
nodo 340 color 166
nodo 424 color 177
nodo 292 color 170
nodo 416 color 127
nodo 51 color 178
nodo 362 color 167
nodo 373 color 179
nodo 142 color 180
nodo 119 color 79
nodo 483 color 173
nodo 45 color 181
nodo 186 color 182
nodo 269 color 110
nodo 351 color 177
nodo 580 color 152
nodo 199 color 183
nodo 280 color 164
nodo 333 color 184
nodo 190 color 183
nodo 191 color 185
nodo 423 color 172
nodo 266 color 60
nodo 538 color 175
nodo 382 color 74
nodo 154 color 68
nodo 406 color 167
nodo 577 color 117
nodo 24 color 176
nodo 313 color 134
nodo 571 color 179
nodo 534 color 186
nodo 50 color 87
nodo 322 color 46
nodo 314 color 184
nodo 512 color 39
nodo 497 color 142
nodo 468 color 45
nodo 279 color 116
nodo 32 color 141
nodo 477 color 180
nodo 78 color 187
nodo 12 color 188
nodo 96 color 154
nodo 5 color 181
nodo 472 color 189
nodo 307 color 190
nodo 448 color 50
nodo 290 color 186
nodo 235 color 171
nodo 490 color 189
nodo 471 color 191
nodo 521 color 192
nodo 155 color 188
nodo 36 color 193
nodo 163 color 136
nodo 283 color 178
nodo 173 color 106
nodo 164 color 143
nodo 334 color 194
nodo 514 color 195
nodo 272 color 192
nodo 217 color 185
nodo 445 color 190
nodo 545 color 196
nodo 185 color 168
nodo 454 color 156
nodo 116 color 197
nodo 475 color 174
nodo 526 color 182
nodo 262 color 146
nodo 392 color 187
nodo 114 color 194
nodo 11 color 198
nodo 61 color 195
nodo 68 color 199
nodo 1 color 200
nodo 162 color 199
nodo 459 color 193
nodo 277 color 200
nodo 368 color 201
nodo 57 color 202
nodo 324 color 203
nodo 330 color 204
nodo 27 color 155
nodo 187 color 203
nodo 52 color 161
nodo 542 color 202
nodo 428 color 204
